#
# There is insufficient memory for the Java Runtime Environment to continue.
# Native memory allocation (malloc) failed to allocate 201936 bytes for Chunk::new
# Possible reasons:
#   The system is out of physical RAM or swap space
#   The process is running with CompressedOops enabled, and the Java Heap may be blocking the growth of the native heap
# Possible solutions:
#   Reduce memory load on the system
#   Increase physical memory or swap space
#   Check if swap backing store is full
#   Decrease Java heap size (-Xmx/-Xms)
#   Decrease number of Java threads
#   Decrease Java thread stack sizes (-Xss)
#   Set larger code cache with -XX:ReservedCodeCacheSize=
#   JVM is running with Unscaled Compressed Oops mode in which the Java heap is
#     placed in the first 4GB address space. The Java Heap base address is the
#     maximum limit for the native heap growth. Please use -XX:HeapBaseMinAddress
#     to set the Java Heap base and to place the Java Heap above 4GB virtual address.
# This output file may be truncated or incomplete.
#
#  Out of Memory Error (./open/src/hotspot/share/memory/arena.cpp:197), pid=11748, tid=2168
#
# JRE version: Java(TM) SE Runtime Environment 18.9 (11.0.16+11) (build 11.0.16+11-LTS-199)
# Java VM: Java HotSpot(TM) 64-Bit Server VM 18.9 (11.0.16+11-LTS-199, mixed mode, tiered, compressed oops, g1 gc, windows-amd64)
# No core dump will be written. Minidumps are not enabled by default on client versions of Windows
#

---------------  S U M M A R Y ------------

Command Line: C:\Users\sfjbs\AppData\Local\Temp\surefire5949158432633380304\surefirebooter7134767034323353132.jar C:\Users\sfjbs\AppData\Local\Temp\surefire5949158432633380304 2022-11-15T06-17-23_542-jvmRun1 surefire3037798437150992932tmp surefire_03738102880883744199tmp

Host: Intel(R) Xeon(R) Platinum 8272CL CPU @ 2.60GHz, 2 cores, 7G,  Windows 10 , 64 bit Build 19041 (10.0.19041.2251)
Time: Tue Nov 15 06:17:31 2022 Coordinated Universal Time elapsed time: 7.205354 seconds (0d 0h 0m 7s)

---------------  T H R E A D  ---------------

Current thread (0x000001fd63721000):  JavaThread "C2 CompilerThread0" daemon [_thread_in_native, id=2168, stack(0x000000b4a9600000,0x000000b4a9700000)]


Current CompileTask:
C2:   7205 2654   !   4       java.util.zip.ZipFile::getInputStream (323 bytes)

Stack: [0x000000b4a9600000,0x000000b4a9700000]
Native frames: (J=compiled Java code, j=interpreted, Vv=VM code, C=native code)
V  [jvm.dll+0x62a3ea]
V  [jvm.dll+0x76418f]
V  [jvm.dll+0x765839]
V  [jvm.dll+0x765ec3]
V  [jvm.dll+0x23da98]
V  [jvm.dll+0xb2a1c]
V  [jvm.dll+0xb2fdc]
V  [jvm.dll+0x341487]
V  [jvm.dll+0x30ec83]
V  [jvm.dll+0x30dfca]
V  [jvm.dll+0x1f84a5]
V  [jvm.dll+0x1f768d]
V  [jvm.dll+0x177c81]
V  [jvm.dll+0x207006]
V  [jvm.dll+0x20519b]
V  [jvm.dll+0x729fa0]
V  [jvm.dll+0x722b74]
V  [jvm.dll+0x629286]
C  [ucrtbase.dll+0x21bb2]
C  [KERNEL32.DLL+0x174b4]
C  [ntdll.dll+0x526a1]


---------------  P R O C E S S  ---------------

Threads class SMR info:
_java_thread_list=0x000001fd66917840, length=12, elements={
0x000001fd46439000, 0x000001fd6370c000, 0x000001fd6370d800, 0x000001fd63718000,
0x000001fd6371c000, 0x000001fd6371d000, 0x000001fd63721000, 0x000001fd63722800,
0x000001fd6375c000, 0x000001fd641df800, 0x000001fd642d9800, 0x000001fd641d4800
}

Java Threads: ( => current thread )
  0x000001fd46439000 JavaThread "main" [_thread_in_Java, id=8488, stack(0x000000b4a8900000,0x000000b4a8a00000)]
  0x000001fd6370c000 JavaThread "Reference Handler" daemon [_thread_blocked, id=7376, stack(0x000000b4a9100000,0x000000b4a9200000)]
  0x000001fd6370d800 JavaThread "Finalizer" daemon [_thread_blocked, id=10916, stack(0x000000b4a9200000,0x000000b4a9300000)]
  0x000001fd63718000 JavaThread "Signal Dispatcher" daemon [_thread_blocked, id=11492, stack(0x000000b4a9300000,0x000000b4a9400000)]
  0x000001fd6371c000 JavaThread "Attach Listener" daemon [_thread_blocked, id=7968, stack(0x000000b4a9400000,0x000000b4a9500000)]
  0x000001fd6371d000 JavaThread "Service Thread" daemon [_thread_blocked, id=7336, stack(0x000000b4a9500000,0x000000b4a9600000)]
=>0x000001fd63721000 JavaThread "C2 CompilerThread0" daemon [_thread_in_native, id=2168, stack(0x000000b4a9600000,0x000000b4a9700000)]
  0x000001fd63722800 JavaThread "C1 CompilerThread0" daemon [_thread_blocked, id=2668, stack(0x000000b4a9700000,0x000000b4a9800000)]
  0x000001fd6375c000 JavaThread "Sweeper thread" daemon [_thread_blocked, id=3536, stack(0x000000b4a9800000,0x000000b4a9900000)]
  0x000001fd641df800 JavaThread "Common-Cleaner" daemon [_thread_blocked, id=12924, stack(0x000000b4a9a00000,0x000000b4a9b00000)]
  0x000001fd642d9800 JavaThread "surefire-forkedjvm-command-thread" daemon [_thread_in_native, id=7360, stack(0x000000b4a9b00000,0x000000b4a9c00000)]
  0x000001fd641d4800 JavaThread "surefire-forkedjvm-ping-30s" daemon [_thread_blocked, id=13052, stack(0x000000b4a9c00000,0x000000b4a9d00000)]

Other Threads:
  0x000001fd636f8800 VMThread "VM Thread" [stack: 0x000000b4a9000000,0x000000b4a9100000] [id=10108]
  0x000001fd641db000 WatcherThread [stack: 0x000000b4a9900000,0x000000b4a9a00000] [id=6376]
  0x000001fd4644e000 GCTaskThread "GC Thread#0" [stack: 0x000000b4a8b00000,0x000000b4a8c00000] [id=8200]
  0x000001fd6459d000 GCTaskThread "GC Thread#1" [stack: 0x000000b4a9d00000,0x000000b4a9e00000] [id=12816]
  0x000001fd4647b800 ConcurrentGCThread "G1 Main Marker" [stack: 0x000000b4a8c00000,0x000000b4a8d00000] [id=8304]
  0x000001fd4647c800 ConcurrentGCThread "G1 Conc#0" [stack: 0x000000b4a8d00000,0x000000b4a8e00000] [id=4200]
  0x000001fd46504000 ConcurrentGCThread "G1 Refine#0" [stack: 0x000000b4a8e00000,0x000000b4a8f00000] [id=8568]
  0x000001fd642da000 ConcurrentGCThread "G1 Refine#1" [stack: 0x000000b4a9e00000,0x000000b4a9f00000] [id=12580]
  0x000001fd46505800 ConcurrentGCThread "G1 Young RemSet Sampling" [stack: 0x000000b4a8f00000,0x000000b4a9000000] [id=6632]

Threads with active compile tasks:
C2 CompilerThread0     7221 2654   !   4       java.util.zip.ZipFile::getInputStream (323 bytes)

VM state:not at safepoint (normal execution)

VM Mutex/Monitor currently owned by a thread: None

OutOfMemory and StackOverflow Exception counts:
OutOfMemoryError java_heap_errors=1
LinkageErrors=54

Heap address: 0x0000000080000000, size: 2048 MB, Compressed Oops mode: 32-bit
Narrow klass base: 0x0000000000000000, Narrow klass shift: 3
Compressed class space size: 1073741824 Address: 0x0000000100000000

Heap:
 garbage-first heap   total 157696K, used 74566K [0x0000000080000000, 0x0000000100000000)
  region size 1024K, 65 young (66560K), 7 survivors (7168K)
 Metaspace       used 29605K, capacity 30493K, committed 30592K, reserved 1075200K
  class space    used 3513K, capacity 3907K, committed 3968K, reserved 1048576K
Heap Regions: E=young(eden), S=young(survivor), O=old, HS=humongous(starts), HC=humongous(continues), CS=collection set, F=free, A=archive, TAMS=top-at-mark-start (previous, next)
|   0|0x0000000080000000, 0x0000000080100000, 0x0000000080100000|100%|HS|  |TAMS 0x0000000080100000, 0x0000000080000000| Complete 
|   1|0x0000000080100000, 0x0000000080200000, 0x0000000080200000|100%| O|  |TAMS 0x0000000080200000, 0x0000000080100000| Untracked 
|   2|0x0000000080200000, 0x0000000080300000, 0x0000000080300000|100%| O|  |TAMS 0x0000000080300000, 0x0000000080200000| Untracked 
|   3|0x0000000080300000, 0x0000000080400000, 0x0000000080400000|100%| O|  |TAMS 0x0000000080400000, 0x0000000080300000| Untracked 
|   4|0x0000000080400000, 0x0000000080500000, 0x0000000080500000|100%| O|  |TAMS 0x0000000080500000, 0x0000000080400000| Untracked 
|   5|0x0000000080500000, 0x0000000080600000, 0x0000000080600000|100%| O|  |TAMS 0x0000000080600000, 0x0000000080500000| Untracked 
|   6|0x0000000080600000, 0x0000000080700000, 0x0000000080700000|100%| O|  |TAMS 0x0000000080700000, 0x0000000080600000| Untracked 
|   7|0x0000000080700000, 0x0000000080800000, 0x0000000080800000|100%| O|  |TAMS 0x0000000080700000, 0x0000000080700000| Untracked 
|   8|0x0000000080800000, 0x00000000808d1a00, 0x0000000080900000| 81%| O|  |TAMS 0x0000000080800000, 0x0000000080800000| Untracked 
|   9|0x0000000080900000, 0x0000000080900000, 0x0000000080a00000|  0%| F|  |TAMS 0x0000000080900000, 0x0000000080900000| Untracked 
|  10|0x0000000080a00000, 0x0000000080a00000, 0x0000000080b00000|  0%| F|  |TAMS 0x0000000080a00000, 0x0000000080a00000| Untracked 
|  11|0x0000000080b00000, 0x0000000080b00000, 0x0000000080c00000|  0%| F|  |TAMS 0x0000000080b00000, 0x0000000080b00000| Untracked 
|  12|0x0000000080c00000, 0x0000000080c00000, 0x0000000080d00000|  0%| F|  |TAMS 0x0000000080c00000, 0x0000000080c00000| Untracked 
|  13|0x0000000080d00000, 0x0000000080d00000, 0x0000000080e00000|  0%| F|  |TAMS 0x0000000080d00000, 0x0000000080d00000| Untracked 
|  14|0x0000000080e00000, 0x0000000080e00000, 0x0000000080f00000|  0%| F|  |TAMS 0x0000000080e00000, 0x0000000080e00000| Untracked 
|  15|0x0000000080f00000, 0x0000000080f00000, 0x0000000081000000|  0%| F|  |TAMS 0x0000000080f00000, 0x0000000080f00000| Untracked 
|  16|0x0000000081000000, 0x0000000081000000, 0x0000000081100000|  0%| F|  |TAMS 0x0000000081000000, 0x0000000081000000| Untracked 
|  17|0x0000000081100000, 0x0000000081100000, 0x0000000081200000|  0%| F|  |TAMS 0x0000000081100000, 0x0000000081100000| Untracked 
|  18|0x0000000081200000, 0x0000000081200000, 0x0000000081300000|  0%| F|  |TAMS 0x0000000081200000, 0x0000000081200000| Untracked 
|  19|0x0000000081300000, 0x0000000081300000, 0x0000000081400000|  0%| F|  |TAMS 0x0000000081300000, 0x0000000081300000| Untracked 
|  20|0x0000000081400000, 0x0000000081400000, 0x0000000081500000|  0%| F|  |TAMS 0x0000000081400000, 0x0000000081400000| Untracked 
|  21|0x0000000081500000, 0x0000000081500000, 0x0000000081600000|  0%| F|  |TAMS 0x0000000081500000, 0x0000000081500000| Untracked 
|  22|0x0000000081600000, 0x0000000081600000, 0x0000000081700000|  0%| F|  |TAMS 0x0000000081600000, 0x0000000081600000| Untracked 
|  23|0x0000000081700000, 0x0000000081700000, 0x0000000081800000|  0%| F|  |TAMS 0x0000000081700000, 0x0000000081700000| Untracked 
|  24|0x0000000081800000, 0x0000000081800000, 0x0000000081900000|  0%| F|  |TAMS 0x0000000081800000, 0x0000000081800000| Untracked 
|  25|0x0000000081900000, 0x0000000081900000, 0x0000000081a00000|  0%| F|  |TAMS 0x0000000081900000, 0x0000000081900000| Untracked 
|  26|0x0000000081a00000, 0x0000000081a00000, 0x0000000081b00000|  0%| F|  |TAMS 0x0000000081a00000, 0x0000000081a00000| Untracked 
|  27|0x0000000081b00000, 0x0000000081b00000, 0x0000000081c00000|  0%| F|  |TAMS 0x0000000081b00000, 0x0000000081b00000| Untracked 
|  28|0x0000000081c00000, 0x0000000081c00000, 0x0000000081d00000|  0%| F|  |TAMS 0x0000000081c00000, 0x0000000081c00000| Untracked 
|  29|0x0000000081d00000, 0x0000000081d00000, 0x0000000081e00000|  0%| F|  |TAMS 0x0000000081d00000, 0x0000000081d00000| Untracked 
|  30|0x0000000081e00000, 0x0000000081e00000, 0x0000000081f00000|  0%| F|  |TAMS 0x0000000081e00000, 0x0000000081e00000| Untracked 
|  31|0x0000000081f00000, 0x0000000081f00000, 0x0000000082000000|  0%| F|  |TAMS 0x0000000081f00000, 0x0000000081f00000| Untracked 
|  32|0x0000000082000000, 0x0000000082000000, 0x0000000082100000|  0%| F|  |TAMS 0x0000000082000000, 0x0000000082000000| Untracked 
|  33|0x0000000082100000, 0x0000000082100000, 0x0000000082200000|  0%| F|  |TAMS 0x0000000082100000, 0x0000000082100000| Untracked 
|  34|0x0000000082200000, 0x0000000082200000, 0x0000000082300000|  0%| F|  |TAMS 0x0000000082200000, 0x0000000082200000| Untracked 
|  35|0x0000000082300000, 0x0000000082300000, 0x0000000082400000|  0%| F|  |TAMS 0x0000000082300000, 0x0000000082300000| Untracked 
|  36|0x0000000082400000, 0x0000000082400000, 0x0000000082500000|  0%| F|  |TAMS 0x0000000082400000, 0x0000000082400000| Untracked 
|  37|0x0000000082500000, 0x0000000082500000, 0x0000000082600000|  0%| F|  |TAMS 0x0000000082500000, 0x0000000082500000| Untracked 
|  38|0x0000000082600000, 0x0000000082600000, 0x0000000082700000|  0%| F|  |TAMS 0x0000000082600000, 0x0000000082600000| Untracked 
|  39|0x0000000082700000, 0x0000000082700000, 0x0000000082800000|  0%| F|  |TAMS 0x0000000082700000, 0x0000000082700000| Untracked 
|  40|0x0000000082800000, 0x0000000082800000, 0x0000000082900000|  0%| F|  |TAMS 0x0000000082800000, 0x0000000082800000| Untracked 
|  41|0x0000000082900000, 0x0000000082900000, 0x0000000082a00000|  0%| F|  |TAMS 0x0000000082900000, 0x0000000082900000| Untracked 
|  42|0x0000000082a00000, 0x0000000082a00000, 0x0000000082b00000|  0%| F|  |TAMS 0x0000000082a00000, 0x0000000082a00000| Untracked 
|  43|0x0000000082b00000, 0x0000000082b00000, 0x0000000082c00000|  0%| F|  |TAMS 0x0000000082b00000, 0x0000000082b00000| Untracked 
|  44|0x0000000082c00000, 0x0000000082c00000, 0x0000000082d00000|  0%| F|  |TAMS 0x0000000082c00000, 0x0000000082c00000| Untracked 
|  45|0x0000000082d00000, 0x0000000082d00000, 0x0000000082e00000|  0%| F|  |TAMS 0x0000000082d00000, 0x0000000082d00000| Untracked 
|  46|0x0000000082e00000, 0x0000000082e00000, 0x0000000082f00000|  0%| F|  |TAMS 0x0000000082e00000, 0x0000000082e00000| Untracked 
|  47|0x0000000082f00000, 0x0000000082f00000, 0x0000000083000000|  0%| F|  |TAMS 0x0000000082f00000, 0x0000000082f00000| Untracked 
|  48|0x0000000083000000, 0x0000000083000000, 0x0000000083100000|  0%| F|  |TAMS 0x0000000083000000, 0x0000000083000000| Untracked 
|  49|0x0000000083100000, 0x0000000083100000, 0x0000000083200000|  0%| F|  |TAMS 0x0000000083100000, 0x0000000083100000| Untracked 
|  50|0x0000000083200000, 0x0000000083200000, 0x0000000083300000|  0%| F|  |TAMS 0x0000000083200000, 0x0000000083200000| Untracked 
|  51|0x0000000083300000, 0x0000000083300000, 0x0000000083400000|  0%| F|  |TAMS 0x0000000083300000, 0x0000000083300000| Untracked 
|  52|0x0000000083400000, 0x0000000083400000, 0x0000000083500000|  0%| F|  |TAMS 0x0000000083400000, 0x0000000083400000| Untracked 
|  53|0x0000000083500000, 0x0000000083500000, 0x0000000083600000|  0%| F|  |TAMS 0x0000000083500000, 0x0000000083500000| Untracked 
|  54|0x0000000083600000, 0x0000000083600000, 0x0000000083700000|  0%| F|  |TAMS 0x0000000083600000, 0x0000000083600000| Untracked 
|  55|0x0000000083700000, 0x0000000083700000, 0x0000000083800000|  0%| F|  |TAMS 0x0000000083700000, 0x0000000083700000| Untracked 
|  56|0x0000000083800000, 0x0000000083800000, 0x0000000083900000|  0%| F|  |TAMS 0x0000000083800000, 0x0000000083800000| Untracked 
|  57|0x0000000083900000, 0x0000000083a00000, 0x0000000083a00000|100%| S|CS|TAMS 0x0000000083900000, 0x0000000083900000| Complete 
|  58|0x0000000083a00000, 0x0000000083b00000, 0x0000000083b00000|100%| S|CS|TAMS 0x0000000083a00000, 0x0000000083a00000| Complete 
|  59|0x0000000083b00000, 0x0000000083c00000, 0x0000000083c00000|100%| S|CS|TAMS 0x0000000083b00000, 0x0000000083b00000| Complete 
|  60|0x0000000083c00000, 0x0000000083d00000, 0x0000000083d00000|100%| S|CS|TAMS 0x0000000083c00000, 0x0000000083c00000| Complete 
|  61|0x0000000083d00000, 0x0000000083e00000, 0x0000000083e00000|100%| S|CS|TAMS 0x0000000083d00000, 0x0000000083d00000| Complete 
|  62|0x0000000083e00000, 0x0000000083e00000, 0x0000000083f00000|  0%| F|  |TAMS 0x0000000083e00000, 0x0000000083e00000| Untracked 
|  63|0x0000000083f00000, 0x0000000083f00000, 0x0000000084000000|  0%| F|  |TAMS 0x0000000083f00000, 0x0000000083f00000| Untracked 
|  64|0x0000000084000000, 0x0000000084000000, 0x0000000084100000|  0%| F|  |TAMS 0x0000000084000000, 0x0000000084000000| Untracked 
|  65|0x0000000084100000, 0x0000000084100000, 0x0000000084200000|  0%| F|  |TAMS 0x0000000084100000, 0x0000000084100000| Untracked 
|  66|0x0000000084200000, 0x0000000084200000, 0x0000000084300000|  0%| F|  |TAMS 0x0000000084200000, 0x0000000084200000| Untracked 
|  67|0x0000000084300000, 0x0000000084300000, 0x0000000084400000|  0%| F|  |TAMS 0x0000000084300000, 0x0000000084300000| Untracked 
|  68|0x0000000084400000, 0x0000000084500000, 0x0000000084500000|100%| S|CS|TAMS 0x0000000084400000, 0x0000000084400000| Complete 
|  69|0x0000000084500000, 0x0000000084600000, 0x0000000084600000|100%| S|CS|TAMS 0x0000000084500000, 0x0000000084500000| Complete 
|  70|0x0000000084600000, 0x0000000084600000, 0x0000000084700000|  0%| F|  |TAMS 0x0000000084600000, 0x0000000084600000| Untracked 
|  71|0x0000000084700000, 0x0000000084700000, 0x0000000084800000|  0%| F|  |TAMS 0x0000000084700000, 0x0000000084700000| Untracked 
|  72|0x0000000084800000, 0x0000000084800000, 0x0000000084900000|  0%| F|  |TAMS 0x0000000084800000, 0x0000000084800000| Untracked 
|  73|0x0000000084900000, 0x0000000084900000, 0x0000000084a00000|  0%| F|  |TAMS 0x0000000084900000, 0x0000000084900000| Untracked 
|  74|0x0000000084a00000, 0x0000000084a00000, 0x0000000084b00000|  0%| F|  |TAMS 0x0000000084a00000, 0x0000000084a00000| Untracked 
|  75|0x0000000084b00000, 0x0000000084b00000, 0x0000000084c00000|  0%| F|  |TAMS 0x0000000084b00000, 0x0000000084b00000| Untracked 
|  76|0x0000000084c00000, 0x0000000084c00000, 0x0000000084d00000|  0%| F|  |TAMS 0x0000000084c00000, 0x0000000084c00000| Untracked 
|  77|0x0000000084d00000, 0x0000000084d00000, 0x0000000084e00000|  0%| F|  |TAMS 0x0000000084d00000, 0x0000000084d00000| Untracked 
|  78|0x0000000084e00000, 0x0000000084e00000, 0x0000000084f00000|  0%| F|  |TAMS 0x0000000084e00000, 0x0000000084e00000| Untracked 
|  79|0x0000000084f00000, 0x0000000084f00000, 0x0000000085000000|  0%| F|  |TAMS 0x0000000084f00000, 0x0000000084f00000| Untracked 
|  80|0x0000000085000000, 0x0000000085000000, 0x0000000085100000|  0%| F|  |TAMS 0x0000000085000000, 0x0000000085000000| Untracked 
|  81|0x0000000085100000, 0x0000000085100000, 0x0000000085200000|  0%| F|  |TAMS 0x0000000085100000, 0x0000000085100000| Untracked 
|  82|0x0000000085200000, 0x0000000085200000, 0x0000000085300000|  0%| F|  |TAMS 0x0000000085200000, 0x0000000085200000| Untracked 
|  83|0x0000000085300000, 0x0000000085300000, 0x0000000085400000|  0%| F|  |TAMS 0x0000000085300000, 0x0000000085300000| Untracked 
|  84|0x0000000085400000, 0x0000000085400000, 0x0000000085500000|  0%| F|  |TAMS 0x0000000085400000, 0x0000000085400000| Untracked 
|  85|0x0000000085500000, 0x0000000085500000, 0x0000000085600000|  0%| F|  |TAMS 0x0000000085500000, 0x0000000085500000| Untracked 
|  86|0x0000000085600000, 0x0000000085600000, 0x0000000085700000|  0%| F|  |TAMS 0x0000000085600000, 0x0000000085600000| Untracked 
|  87|0x0000000085700000, 0x0000000085700000, 0x0000000085800000|  0%| F|  |TAMS 0x0000000085700000, 0x0000000085700000| Untracked 
|  88|0x0000000085800000, 0x0000000085800000, 0x0000000085900000|  0%| F|  |TAMS 0x0000000085800000, 0x0000000085800000| Untracked 
|  89|0x0000000085900000, 0x0000000085900000, 0x0000000085a00000|  0%| F|  |TAMS 0x0000000085900000, 0x0000000085900000| Untracked 
|  90|0x0000000085a00000, 0x0000000085a00000, 0x0000000085b00000|  0%| F|  |TAMS 0x0000000085a00000, 0x0000000085a00000| Untracked 
|  91|0x0000000085b00000, 0x0000000085b00000, 0x0000000085c00000|  0%| F|  |TAMS 0x0000000085b00000, 0x0000000085b00000| Untracked 
|  92|0x0000000085c00000, 0x0000000085c00000, 0x0000000085d00000|  0%| F|  |TAMS 0x0000000085c00000, 0x0000000085c00000| Untracked 
|  93|0x0000000085d00000, 0x0000000085d00000, 0x0000000085e00000|  0%| F|  |TAMS 0x0000000085d00000, 0x0000000085d00000| Untracked 
|  94|0x0000000085e00000, 0x0000000085e00000, 0x0000000085f00000|  0%| F|  |TAMS 0x0000000085e00000, 0x0000000085e00000| Untracked 
|  95|0x0000000085f00000, 0x0000000085f00000, 0x0000000086000000|  0%| F|  |TAMS 0x0000000085f00000, 0x0000000085f00000| Untracked 
|  96|0x0000000086000000, 0x0000000086080800, 0x0000000086100000| 50%| E|  |TAMS 0x0000000086000000, 0x0000000086000000| Complete 
|  97|0x0000000086100000, 0x0000000086200000, 0x0000000086200000|100%| E|CS|TAMS 0x0000000086100000, 0x0000000086100000| Complete 
|  98|0x0000000086200000, 0x0000000086300000, 0x0000000086300000|100%| E|CS|TAMS 0x0000000086200000, 0x0000000086200000| Complete 
|  99|0x0000000086300000, 0x0000000086400000, 0x0000000086400000|100%| E|CS|TAMS 0x0000000086300000, 0x0000000086300000| Complete 
| 100|0x0000000086400000, 0x0000000086500000, 0x0000000086500000|100%| E|CS|TAMS 0x0000000086400000, 0x0000000086400000| Complete 
| 101|0x0000000086500000, 0x0000000086600000, 0x0000000086600000|100%| E|CS|TAMS 0x0000000086500000, 0x0000000086500000| Complete 
| 102|0x0000000086600000, 0x0000000086700000, 0x0000000086700000|100%| E|CS|TAMS 0x0000000086600000, 0x0000000086600000| Complete 
| 103|0x0000000086700000, 0x0000000086800000, 0x0000000086800000|100%| E|CS|TAMS 0x0000000086700000, 0x0000000086700000| Complete 
| 104|0x0000000086800000, 0x0000000086900000, 0x0000000086900000|100%| E|CS|TAMS 0x0000000086800000, 0x0000000086800000| Complete 
| 105|0x0000000086900000, 0x0000000086a00000, 0x0000000086a00000|100%| E|CS|TAMS 0x0000000086900000, 0x0000000086900000| Complete 
| 106|0x0000000086a00000, 0x0000000086b00000, 0x0000000086b00000|100%| E|CS|TAMS 0x0000000086a00000, 0x0000000086a00000| Complete 
| 107|0x0000000086b00000, 0x0000000086c00000, 0x0000000086c00000|100%| E|CS|TAMS 0x0000000086b00000, 0x0000000086b00000| Complete 
| 108|0x0000000086c00000, 0x0000000086d00000, 0x0000000086d00000|100%| E|CS|TAMS 0x0000000086c00000, 0x0000000086c00000| Complete 
| 109|0x0000000086d00000, 0x0000000086e00000, 0x0000000086e00000|100%| E|CS|TAMS 0x0000000086d00000, 0x0000000086d00000| Complete 
| 110|0x0000000086e00000, 0x0000000086f00000, 0x0000000086f00000|100%| E|CS|TAMS 0x0000000086e00000, 0x0000000086e00000| Complete 
| 111|0x0000000086f00000, 0x0000000087000000, 0x0000000087000000|100%| E|CS|TAMS 0x0000000086f00000, 0x0000000086f00000| Complete 
| 112|0x0000000087000000, 0x0000000087100000, 0x0000000087100000|100%| E|CS|TAMS 0x0000000087000000, 0x0000000087000000| Complete 
| 113|0x0000000087100000, 0x0000000087200000, 0x0000000087200000|100%| E|CS|TAMS 0x0000000087100000, 0x0000000087100000| Complete 
| 114|0x0000000087200000, 0x0000000087300000, 0x0000000087300000|100%| E|CS|TAMS 0x0000000087200000, 0x0000000087200000| Complete 
| 115|0x0000000087300000, 0x0000000087400000, 0x0000000087400000|100%| E|CS|TAMS 0x0000000087300000, 0x0000000087300000| Complete 
| 116|0x0000000087400000, 0x0000000087500000, 0x0000000087500000|100%| E|CS|TAMS 0x0000000087400000, 0x0000000087400000| Complete 
| 117|0x0000000087500000, 0x0000000087600000, 0x0000000087600000|100%| E|CS|TAMS 0x0000000087500000, 0x0000000087500000| Complete 
| 118|0x0000000087600000, 0x0000000087700000, 0x0000000087700000|100%| E|CS|TAMS 0x0000000087600000, 0x0000000087600000| Complete 
| 119|0x0000000087700000, 0x0000000087800000, 0x0000000087800000|100%| E|CS|TAMS 0x0000000087700000, 0x0000000087700000| Complete 
| 120|0x0000000087800000, 0x0000000087900000, 0x0000000087900000|100%| E|CS|TAMS 0x0000000087800000, 0x0000000087800000| Complete 
| 121|0x0000000087900000, 0x0000000087a00000, 0x0000000087a00000|100%| E|CS|TAMS 0x0000000087900000, 0x0000000087900000| Complete 
| 122|0x0000000087a00000, 0x0000000087b00000, 0x0000000087b00000|100%| E|CS|TAMS 0x0000000087a00000, 0x0000000087a00000| Complete 
| 123|0x0000000087b00000, 0x0000000087c00000, 0x0000000087c00000|100%| E|CS|TAMS 0x0000000087b00000, 0x0000000087b00000| Complete 
| 124|0x0000000087c00000, 0x0000000087d00000, 0x0000000087d00000|100%| E|CS|TAMS 0x0000000087c00000, 0x0000000087c00000| Complete 
| 125|0x0000000087d00000, 0x0000000087e00000, 0x0000000087e00000|100%| E|CS|TAMS 0x0000000087d00000, 0x0000000087d00000| Complete 
| 126|0x0000000087e00000, 0x0000000087f00000, 0x0000000087f00000|100%| E|CS|TAMS 0x0000000087e00000, 0x0000000087e00000| Complete 
| 127|0x0000000087f00000, 0x0000000088000000, 0x0000000088000000|100%| E|CS|TAMS 0x0000000087f00000, 0x0000000087f00000| Complete 
| 128|0x0000000088000000, 0x0000000088100000, 0x0000000088100000|100%| E|CS|TAMS 0x0000000088000000, 0x0000000088000000| Complete 
| 129|0x0000000088100000, 0x0000000088200000, 0x0000000088200000|100%| E|CS|TAMS 0x0000000088100000, 0x0000000088100000| Complete 
| 130|0x0000000088200000, 0x0000000088300000, 0x0000000088300000|100%| E|CS|TAMS 0x0000000088200000, 0x0000000088200000| Complete 
| 131|0x0000000088300000, 0x0000000088400000, 0x0000000088400000|100%| E|CS|TAMS 0x0000000088300000, 0x0000000088300000| Complete 
| 132|0x0000000088400000, 0x0000000088500000, 0x0000000088500000|100%| E|CS|TAMS 0x0000000088400000, 0x0000000088400000| Complete 
| 133|0x0000000088500000, 0x0000000088600000, 0x0000000088600000|100%| E|CS|TAMS 0x0000000088500000, 0x0000000088500000| Complete 
| 134|0x0000000088600000, 0x0000000088700000, 0x0000000088700000|100%| E|CS|TAMS 0x0000000088600000, 0x0000000088600000| Complete 
| 135|0x0000000088700000, 0x0000000088800000, 0x0000000088800000|100%| E|CS|TAMS 0x0000000088700000, 0x0000000088700000| Complete 
| 136|0x0000000088800000, 0x0000000088900000, 0x0000000088900000|100%| E|CS|TAMS 0x0000000088800000, 0x0000000088800000| Complete 
| 137|0x0000000088900000, 0x0000000088a00000, 0x0000000088a00000|100%| E|CS|TAMS 0x0000000088900000, 0x0000000088900000| Complete 
| 138|0x0000000088a00000, 0x0000000088b00000, 0x0000000088b00000|100%| E|CS|TAMS 0x0000000088a00000, 0x0000000088a00000| Complete 
| 139|0x0000000088b00000, 0x0000000088c00000, 0x0000000088c00000|100%| E|CS|TAMS 0x0000000088b00000, 0x0000000088b00000| Complete 
| 140|0x0000000088c00000, 0x0000000088d00000, 0x0000000088d00000|100%| E|CS|TAMS 0x0000000088c00000, 0x0000000088c00000| Complete 
| 141|0x0000000088d00000, 0x0000000088e00000, 0x0000000088e00000|100%| E|CS|TAMS 0x0000000088d00000, 0x0000000088d00000| Complete 
| 142|0x0000000088e00000, 0x0000000088f00000, 0x0000000088f00000|100%| E|CS|TAMS 0x0000000088e00000, 0x0000000088e00000| Complete 
| 143|0x0000000088f00000, 0x0000000089000000, 0x0000000089000000|100%| E|CS|TAMS 0x0000000088f00000, 0x0000000088f00000| Complete 
| 144|0x0000000089000000, 0x0000000089100000, 0x0000000089100000|100%| E|CS|TAMS 0x0000000089000000, 0x0000000089000000| Complete 
| 145|0x0000000089100000, 0x0000000089200000, 0x0000000089200000|100%| E|CS|TAMS 0x0000000089100000, 0x0000000089100000| Complete 
| 146|0x0000000089200000, 0x0000000089300000, 0x0000000089300000|100%| E|CS|TAMS 0x0000000089200000, 0x0000000089200000| Complete 
| 147|0x0000000089300000, 0x0000000089400000, 0x0000000089400000|100%| E|CS|TAMS 0x0000000089300000, 0x0000000089300000| Complete 
| 148|0x0000000089400000, 0x0000000089500000, 0x0000000089500000|100%| E|CS|TAMS 0x0000000089400000, 0x0000000089400000| Complete 
| 149|0x0000000089500000, 0x0000000089600000, 0x0000000089600000|100%| E|CS|TAMS 0x0000000089500000, 0x0000000089500000| Complete 
| 150|0x0000000089600000, 0x0000000089700000, 0x0000000089700000|100%| E|CS|TAMS 0x0000000089600000, 0x0000000089600000| Complete 
| 151|0x0000000089700000, 0x0000000089800000, 0x0000000089800000|100%| E|CS|TAMS 0x0000000089700000, 0x0000000089700000| Complete 
| 152|0x0000000089800000, 0x0000000089900000, 0x0000000089900000|100%| E|CS|TAMS 0x0000000089800000, 0x0000000089800000| Complete 
| 153|0x0000000089900000, 0x0000000089a00000, 0x0000000089a00000|100%| E|CS|TAMS 0x0000000089900000, 0x0000000089900000| Complete 

Card table byte_map: [0x000001fd5caf0000,0x000001fd5cef0000] _byte_map_base: 0x000001fd5c6f0000

Marking Bits (Prev, Next): (CMBitMap*) 0x000001fd4447e850, (CMBitMap*) 0x000001fd4447e818
 Prev Bits: [0x000001fd5f2f0000, 0x000001fd612f0000)
 Next Bits: [0x000001fd5d2f0000, 0x000001fd5f2f0000)

Polling page: 0x000001fd44320000

Metaspace:

Usage:
  Non-class:     25.96 MB capacity,    25.49 MB ( 98%) used,   388.45 KB (  1%) free+waste,    94.81 KB ( <1%) overhead. 
      Class:      3.82 MB capacity,     3.43 MB ( 90%) used,   341.83 KB (  9%) free+waste,    49.06 KB (  1%) overhead. 
       Both:     29.78 MB capacity,    28.93 MB ( 97%) used,   730.28 KB (  2%) free+waste,   143.88 KB ( <1%) overhead. 

Virtual space:
  Non-class space:       26.00 MB reserved,      26.00 MB (100%) committed 
      Class space:        1.00 GB reserved,       3.88 MB ( <1%) committed 
             Both:        1.03 GB reserved,      29.88 MB (  3%) committed 

Chunk freelists:
   Non-Class:  4.50 KB
       Class:  0 bytes
        Both:  4.50 KB

CodeHeap 'non-profiled nmethods': size=120064Kb used=1440Kb max_used=1440Kb free=118623Kb
 bounds [0x000001fd555b0000, 0x000001fd55820000, 0x000001fd5caf0000]
CodeHeap 'profiled nmethods': size=120000Kb used=5660Kb max_used=5660Kb free=114340Kb
 bounds [0x000001fd4e080000, 0x000001fd4e610000, 0x000001fd555b0000]
CodeHeap 'non-nmethods': size=5696Kb used=1149Kb max_used=1196Kb free=4547Kb
 bounds [0x000001fd4daf0000, 0x000001fd4dd60000, 0x000001fd4e080000]
 total_blobs=3164 nmethods=2702 adapters=373
 compilation: enabled
              stopped_count=0, restarted_count=0
 full_count=0

Compilation events (10 events):
Event: 7.186 Thread 0x000001fd63721000 nmethod 2656 0x000001fd55717b10 code [0x000001fd55717c80, 0x000001fd55717d18]
Event: 7.186 Thread 0x000001fd63721000 2702   !   4       java.nio.DirectLongBufferU::put (34 bytes)
Event: 7.186 Thread 0x000001fd63721000 nmethod 2702 0x000001fd55717e10 code [0x000001fd55717f80, 0x000001fd55718018]
Event: 7.186 Thread 0x000001fd63721000 2655       4       java.net.URLConnection::setUseCaches (10 bytes)
Event: 7.187 Thread 0x000001fd63721000 nmethod 2655 0x000001fd55718110 code [0x000001fd55718280, 0x000001fd55718318]
Event: 7.187 Thread 0x000001fd63721000 2654   !   4       java.util.zip.ZipFile::getInputStream (323 bytes)
Event: 7.188 Thread 0x000001fd63722800 2703       3       jdk.internal.org.objectweb.asm.ClassWriter::visitEnd (1 bytes)
Event: 7.188 Thread 0x000001fd63722800 nmethod 2703 0x000001fd4e600190 code [0x000001fd4e600320, 0x000001fd4e600418]
Event: 7.196 Thread 0x000001fd63722800 2706       3       java.util.Locale::equals (75 bytes)
Event: 7.196 Thread 0x000001fd63722800 nmethod 2706 0x000001fd4e600490 code [0x000001fd4e600680, 0x000001fd4e600d58]

GC Heap History (10 events):
Event: 2.719 GC heap before
{Heap before GC invocations=4 (full 0):
 garbage-first heap   total 131072K, used 34874K [0x0000000080000000, 0x0000000100000000)
  region size 1024K, 28 young (28672K), 2 survivors (2048K)
 Metaspace       used 19031K, capacity 19633K, committed 19840K, reserved 1067008K
  class space    used 2092K, capacity 2339K, committed 2432K, reserved 1048576K
}
Event: 2.727 GC heap after
{Heap after GC invocations=5 (full 0):
 garbage-first heap   total 131072K, used 9326K [0x0000000080000000, 0x0000000100000000)
  region size 1024K, 3 young (3072K), 3 survivors (3072K)
 Metaspace       used 19031K, capacity 19633K, committed 19840K, reserved 1067008K
  class space    used 2092K, capacity 2339K, committed 2432K, reserved 1048576K
}
Event: 3.029 GC heap before
{Heap before GC invocations=5 (full 0):
 garbage-first heap   total 131072K, used 17518K [0x0000000080000000, 0x0000000100000000)
  region size 1024K, 12 young (12288K), 3 survivors (3072K)
 Metaspace       used 20570K, capacity 21155K, committed 21248K, reserved 1069056K
  class space    used 2283K, capacity 2511K, committed 2560K, reserved 1048576K
}
Event: 3.037 GC heap after
{Heap after GC invocations=6 (full 0):
 garbage-first heap   total 157696K, used 9562K [0x0000000080000000, 0x0000000100000000)
  region size 1024K, 3 young (3072K), 3 survivors (3072K)
 Metaspace       used 20570K, capacity 21155K, committed 21248K, reserved 1069056K
  class space    used 2283K, capacity 2511K, committed 2560K, reserved 1048576K
}
Event: 4.915 GC heap before
{Heap before GC invocations=7 (full 0):
 garbage-first heap   total 157696K, used 100698K [0x0000000080000000, 0x0000000100000000)
  region size 1024K, 92 young (94208K), 3 survivors (3072K)
 Metaspace       used 29321K, capacity 30140K, committed 30208K, reserved 1075200K
  class space    used 3487K, capacity 3834K, committed 3840K, reserved 1048576K
}
Event: 4.933 GC heap after
{Heap after GC invocations=8 (full 0):
 garbage-first heap   total 157696K, used 12722K [0x0000000080000000, 0x0000000100000000)
  region size 1024K, 6 young (6144K), 6 survivors (6144K)
 Metaspace       used 29321K, capacity 30140K, committed 30208K, reserved 1075200K
  class space    used 3487K, capacity 3834K, committed 3840K, reserved 1048576K
}
Event: 5.687 GC heap before
{Heap before GC invocations=8 (full 0):
 garbage-first heap   total 157696K, used 100786K [0x0000000080000000, 0x0000000100000000)
  region size 1024K, 92 young (94208K), 6 survivors (6144K)
 Metaspace       used 29383K, capacity 30180K, committed 30336K, reserved 1075200K
  class space    used 3494K, capacity 3867K, committed 3968K, reserved 1048576K
}
Event: 5.706 GC heap after
{Heap after GC invocations=9 (full 0):
 garbage-first heap   total 157696K, used 15254K [0x0000000080000000, 0x0000000100000000)
  region size 1024K, 8 young (8192K), 8 survivors (8192K)
 Metaspace       used 29383K, capacity 30180K, committed 30336K, reserved 1075200K
  class space    used 3494K, capacity 3867K, committed 3968K, reserved 1048576K
}
Event: 6.500 GC heap before
{Heap before GC invocations=9 (full 0):
 garbage-first heap   total 157696K, used 101270K [0x0000000080000000, 0x0000000100000000)
  region size 1024K, 92 young (94208K), 8 survivors (8192K)
 Metaspace       used 29388K, capacity 30180K, committed 30336K, reserved 1075200K
  class space    used 3495K, capacity 3867K, committed 3968K, reserved 1048576K
}
Event: 6.521 GC heap after
{Heap after GC invocations=10 (full 0):
 garbage-first heap   total 157696K, used 16198K [0x0000000080000000, 0x0000000100000000)
  region size 1024K, 7 young (7168K), 7 survivors (7168K)
 Metaspace       used 29388K, capacity 30180K, committed 30336K, reserved 1075200K
  class space    used 3495K, capacity 3867K, committed 3968K, reserved 1048576K
}

Deoptimization events (10 events):
Event: 5.374 Thread 0x000001fd46439000 Uncommon trap: reason=unstable_if action=reinterpret pc=0x000001fd556c5430 method=org.springframework.asm.ClassReader.<init>([BIZ)V @ 135 c2
Event: 5.411 Thread 0x000001fd46439000 Uncommon trap: reason=unstable_if action=reinterpret pc=0x000001fd556ca7e0 method=org.springframework.asm.ClassReader.readMethod(Lorg/springframework/asm/ClassVisitor;Lorg/springframework/asm/Context;I)I @ 589 c2
Event: 5.803 Thread 0x000001fd46439000 Uncommon trap: reason=unstable_if action=reinterpret pc=0x000001fd556b19a0 method=org.springframework.asm.ClassReader.readUtf(II[C)Ljava/lang/String; @ 41 c2
Event: 5.850 Thread 0x000001fd46439000 Uncommon trap: reason=intrinsic_or_type_checked_inlining action=make_not_entrant pc=0x000001fd556e92ac method=java.util.ArrayList.toArray([Ljava/lang/Object;)[Ljava/lang/Object; @ 36 c2
Event: 6.638 Thread 0x000001fd46439000 Uncommon trap: reason=class_check action=make_not_entrant pc=0x000001fd556ec0dc method=java.util.ArrayList.toArray([Ljava/lang/Object;)[Ljava/lang/Object; @ 21 c2
Event: 6.641 Thread 0x000001fd46439000 Uncommon trap: reason=unstable_if action=reinterpret pc=0x000001fd556f05c8 method=org.springframework.asm.ClassReader.readMethod(Lorg/springframework/asm/ClassVisitor;Lorg/springframework/asm/Context;I)I @ 392 c2
Event: 6.726 Thread 0x000001fd46439000 Uncommon trap: reason=class_check action=maybe_recompile pc=0x000001fd556e5e64 method=org.springframework.core.type.AnnotationMetadata.hasMetaAnnotation(Ljava/lang/String;)Z @ 17 c2
Event: 6.727 Thread 0x000001fd46439000 Uncommon trap: reason=class_check action=maybe_recompile pc=0x000001fd556e5e64 method=org.springframework.core.type.AnnotationMetadata.hasMetaAnnotation(Ljava/lang/String;)Z @ 17 c2
Event: 6.727 Thread 0x000001fd46439000 Uncommon trap: reason=class_check action=maybe_recompile pc=0x000001fd556e5e64 method=org.springframework.core.type.AnnotationMetadata.hasMetaAnnotation(Ljava/lang/String;)Z @ 17 c2
Event: 6.727 Thread 0x000001fd46439000 Uncommon trap: reason=class_check action=maybe_recompile pc=0x000001fd556e5e64 method=org.springframework.core.type.AnnotationMetadata.hasMetaAnnotation(Ljava/lang/String;)Z @ 17 c2

Classes redefined (0 events):
No events

Internal exceptions (10 events):
Event: 3.928 Thread 0x000001fd46439000 Exception <a 'java/lang/ClassNotFoundException'{0x0000000087812210}: org/springframework/beans/factory/AwareCustomizer> (0x0000000087812210) thrown at [./open/src/hotspot/share/classfile/systemDictionary.cpp, line 226]
Event: 3.929 Thread 0x000001fd46439000 Exception <a 'java/lang/ClassNotFoundException'{0x0000000087823038}: org/springframework/context/EnvironmentAwareCustomizer> (0x0000000087823038) thrown at [./open/src/hotspot/share/classfile/systemDictionary.cpp, line 226]
Event: 3.930 Thread 0x000001fd46439000 Exception <a 'java/lang/ClassNotFoundException'{0x0000000087833f98}: org/springframework/beans/factory/AwareCustomizer> (0x0000000087833f98) thrown at [./open/src/hotspot/share/classfile/systemDictionary.cpp, line 226]
Event: 4.627 Thread 0x000001fd65184000 Exception <a 'java/lang/NoSuchMethodError'{0x0000000084f43740}: java.lang.invoke.DirectMethodHandle$Holder.invokeSpecial(Ljava/lang/Object;Ljava/lang/Object;)J> (0x0000000084f43740) thrown at [./open/src/hotspot/share/interpreter/linkResolver.cpp, line 77
Event: 4.629 Thread 0x000001fd65184000 Exception <a 'java/lang/NoSuchMethodError'{0x0000000084f4da88}: java.lang.invoke.DirectMethodHandle$Holder.invokeStatic(Ljava/lang/Object;Ljava/lang/Object;)J> (0x0000000084f4da88) thrown at [./open/src/hotspot/share/interpreter/linkResolver.cpp, line 772
Event: 4.629 Thread 0x000001fd65184000 Exception <a 'java/lang/NoSuchMethodError'{0x0000000084f508b0}: java.lang.invoke.DirectMethodHandle$Holder.invokeStaticInit(Ljava/lang/Object;Ljava/lang/Object;)J> (0x0000000084f508b0) thrown at [./open/src/hotspot/share/interpreter/linkResolver.cpp, line
Event: 4.678 Thread 0x000001fd65184000 Exception <a 'java/lang/NoSuchMethodError'{0x0000000084f5cfe0}: java.lang.invoke.DirectMethodHandle$Holder.invokeInterface(Ljava/lang/Object;Ljava/lang/Object;)J> (0x0000000084f5cfe0) thrown at [./open/src/hotspot/share/interpreter/linkResolver.cpp, line 
Event: 4.683 Thread 0x000001fd65184000 Exception <a 'java/lang/IncompatibleClassChangeError'{0x0000000084f5fd78}: Found class java.lang.Object, but interface was expected> (0x0000000084f5fd78) thrown at [./open/src/hotspot/share/interpreter/linkResolver.cpp, line 838]
Event: 4.717 Thread 0x000001fd65184000 Exception <a 'java/lang/NoSuchMethodError'{0x0000000084bd33c0}: java.lang.invoke.DirectMethodHandle$Holder.invokeVirtual(Ljava/lang/Object;Ljava/lang/Object;Ljava/lang/Object;Ljava/lang/Object;)Ljava/lang/Object;> (0x0000000084bd33c0) thrown at [./open/sr
Event: 7.182 Thread 0x000001fd46439000 Exception <a 'java/lang/OutOfMemoryError'{0x00000000861c6fd0}> (0x00000000861c6fd0) thrown at [./open/src/hotspot/share/prims/jni.cpp, line 632]

Events (10 events):
Event: 7.193 loading class sun/util/resources/TimeZoneNamesBundle
Event: 7.193 loading class sun/util/resources/OpenListResourceBundle
Event: 7.193 loading class sun/util/resources/OpenListResourceBundle done
Event: 7.193 loading class sun/util/resources/TimeZoneNamesBundle done
Event: 7.193 loading class sun/util/resources/cldr/TimeZoneNames done
Event: 7.193 loading class sun/util/resources/cldr/TimeZoneNames_en
Event: 7.194 loading class sun/util/resources/cldr/TimeZoneNames_en done
Event: 7.194 loading class sun/util/resources/cldr/TimeZoneNames_en_US
Event: 7.194 loading class sun/util/resources/cldr/TimeZoneNames_en_US done
Event: 7.196 loading class sun/util/resources/TimeZoneNames


Dynamic libraries:
0x00007ff6fe9f0000 - 0x00007ff6fe9ff000 	C:\Program Files\Java\jdk-11.0.16\bin\java.exe
0x00007ffae9f30000 - 0x00007ffaea128000 	C:\Windows\SYSTEM32\ntdll.dll
0x00007ffae8c30000 - 0x00007ffae8cef000 	C:\Windows\System32\KERNEL32.DLL
0x00007ffae7c30000 - 0x00007ffae7f02000 	C:\Windows\System32\KERNELBASE.dll
0x00007ffae79a0000 - 0x00007ffae7aa0000 	C:\Windows\System32\ucrtbase.dll
0x00007ffad5d30000 - 0x00007ffad5d48000 	C:\Program Files\Java\jdk-11.0.16\bin\jli.dll
0x00007ffae9360000 - 0x00007ffae940e000 	C:\Windows\System32\ADVAPI32.dll
0x00007ffae97b0000 - 0x00007ffae984e000 	C:\Windows\System32\msvcrt.dll
0x00007ffae9150000 - 0x00007ffae91ec000 	C:\Windows\System32\sechost.dll
0x00007ffae91f0000 - 0x00007ffae9315000 	C:\Windows\System32\RPCRT4.dll
0x00007ffae98e0000 - 0x00007ffae9a7d000 	C:\Windows\System32\USER32.dll
0x00007ffae7af0000 - 0x00007ffae7b12000 	C:\Windows\System32\win32u.dll
0x00007ffae9320000 - 0x00007ffae934b000 	C:\Windows\System32\GDI32.dll
0x00007ffae7b20000 - 0x00007ffae7c2f000 	C:\Windows\System32\gdi32full.dll
0x00007ffae7630000 - 0x00007ffae76cd000 	C:\Windows\System32\msvcp_win.dll
0x00007ffad2f60000 - 0x00007ffad2f75000 	C:\Program Files\Java\jdk-11.0.16\bin\VCRUNTIME140.dll
0x00007ffad1f10000 - 0x00007ffad21aa000 	C:\Windows\WinSxS\amd64_microsoft.windows.common-controls_6595b64144ccf1df_6.0.19041.1110_none_60b5254171f9507e\COMCTL32.dll
0x00007ffae2030000 - 0x00007ffae203a000 	C:\Windows\SYSTEM32\VERSION.dll
0x00007ffae9770000 - 0x00007ffae97a2000 	C:\Windows\System32\IMM32.DLL
0x00007ffad2ec0000 - 0x00007ffad2f5b000 	C:\Program Files\Java\jdk-11.0.16\bin\msvcp140.dll
0x00007ffad13f0000 - 0x00007ffad1f08000 	C:\Program Files\Java\jdk-11.0.16\bin\server\jvm.dll
0x00007ffae9350000 - 0x00007ffae9358000 	C:\Windows\System32\PSAPI.DLL
0x00007ffad13e0000 - 0x00007ffad13e9000 	C:\Windows\SYSTEM32\WSOCK32.dll
0x00007ffae90e0000 - 0x00007ffae914b000 	C:\Windows\System32\WS2_32.dll
0x00007ffadbc90000 - 0x00007ffadbcb7000 	C:\Windows\SYSTEM32\WINMM.dll
0x00007ffae54d0000 - 0x00007ffae54e2000 	C:\Windows\SYSTEM32\kernel.appcore.dll
0x00007ffad13d0000 - 0x00007ffad13e0000 	C:\Program Files\Java\jdk-11.0.16\bin\verify.dll
0x00007ffae34b0000 - 0x00007ffae3694000 	C:\Windows\SYSTEM32\DBGHELP.DLL
0x00007ffae3800000 - 0x00007ffae382c000 	C:\Windows\SYSTEM32\dbgcore.DLL
0x00007ffae7910000 - 0x00007ffae7992000 	C:\Windows\System32\bcryptPrimitives.dll
0x00007ffad13a0000 - 0x00007ffad13c8000 	C:\Program Files\Java\jdk-11.0.16\bin\java.dll
0x00007ffad1390000 - 0x00007ffad139a000 	C:\Program Files\Java\jdk-11.0.16\bin\jimage.dll
0x00007ffad1370000 - 0x00007ffad1386000 	C:\Program Files\Java\jdk-11.0.16\bin\zip.dll
0x00007ffae8190000 - 0x00007ffae88d3000 	C:\Windows\System32\SHELL32.dll
0x00007ffae56d0000 - 0x00007ffae5e62000 	C:\Windows\SYSTEM32\windows.storage.dll
0x00007ffae9410000 - 0x00007ffae9764000 	C:\Windows\System32\combase.dll
0x00007ffae6ed0000 - 0x00007ffae6f00000 	C:\Windows\SYSTEM32\Wldp.dll
0x00007ffae89c0000 - 0x00007ffae8a6d000 	C:\Windows\System32\SHCORE.dll
0x00007ffae8da0000 - 0x00007ffae8df5000 	C:\Windows\System32\shlwapi.dll
0x00007ffae7570000 - 0x00007ffae758f000 	C:\Windows\SYSTEM32\profapi.dll
0x00007fface0e0000 - 0x00007fface0f9000 	C:\Program Files\Java\jdk-11.0.16\bin\net.dll
0x00007ffae13d0000 - 0x00007ffae14dc000 	C:\Windows\SYSTEM32\WINHTTP.dll
0x00007ffae6cb0000 - 0x00007ffae6d1a000 	C:\Windows\system32\mswsock.dll
0x00007fface0b0000 - 0x00007fface0c2000 	C:\Program Files\Java\jdk-11.0.16\bin\nio.dll
0x00007ffacbf40000 - 0x00007ffacbf49000 	C:\Program Files\Java\jdk-11.0.16\bin\management.dll
0x00007ffacbf30000 - 0x00007ffacbf3b000 	C:\Program Files\Java\jdk-11.0.16\bin\management_ext.dll
0x00007ffad9a40000 - 0x00007ffad9a57000 	C:\Windows\system32\napinsp.dll
0x00007ffad9a20000 - 0x00007ffad9a3b000 	C:\Windows\system32\pnrpnsp.dll
0x00007ffad9a00000 - 0x00007ffad9a15000 	C:\Windows\system32\wshbth.dll
0x00007ffae4c20000 - 0x00007ffae4c3d000 	C:\Windows\system32\NLAapi.dll
0x00007ffae69c0000 - 0x00007ffae69fb000 	C:\Windows\SYSTEM32\IPHLPAPI.DLL
0x00007ffae6a00000 - 0x00007ffae6aca000 	C:\Windows\SYSTEM32\DNSAPI.dll
0x00007ffae8a70000 - 0x00007ffae8a78000 	C:\Windows\System32\NSI.dll
0x00007ffad99e0000 - 0x00007ffad99f2000 	C:\Windows\System32\winrnr.dll
0x00007ffadedf0000 - 0x00007ffadedfa000 	C:\Windows\System32\rasadhlp.dll
0x00007ffae18b0000 - 0x00007ffae1930000 	C:\Windows\System32\fwpuclnt.dll
0x00007ffae76d0000 - 0x00007ffae76f7000 	C:\Windows\System32\bcrypt.dll

dbghelp: loaded successfully - version: 4.0.5 - missing functions: none
symbol engine: initialized successfully - sym options: 0x614 - pdb path: .;C:\Program Files\Java\jdk-11.0.16\bin;C:\Windows\SYSTEM32;C:\Windows\WinSxS\amd64_microsoft.windows.common-controls_6595b64144ccf1df_6.0.19041.1110_none_60b5254171f9507e;C:\Program Files\Java\jdk-11.0.16\bin\server

VM Arguments:
java_command: C:\Users\sfjbs\AppData\Local\Temp\surefire5949158432633380304\surefirebooter7134767034323353132.jar C:\Users\sfjbs\AppData\Local\Temp\surefire5949158432633380304 2022-11-15T06-17-23_542-jvmRun1 surefire3037798437150992932tmp surefire_03738102880883744199tmp
java_class_path (initial): C:\Users\sfjbs\AppData\Local\Temp\surefire5949158432633380304\surefirebooter7134767034323353132.jar
Launcher Type: SUN_STANDARD

[Global flags]
     intx CICompilerCount                          = 2                                         {product} {ergonomic}
     uint ConcGCThreads                            = 1                                         {product} {ergonomic}
     uint G1ConcRefinementThreads                  = 2                                         {product} {ergonomic}
   size_t G1HeapRegionSize                         = 1048576                                   {product} {ergonomic}
    uintx GCDrainStackTargetSize                   = 64                                        {product} {ergonomic}
   size_t InitialHeapSize                          = 134217728                                 {product} {ergonomic}
   size_t MarkStackSize                            = 4194304                                   {product} {ergonomic}
   size_t MaxHeapSize                              = 2147483648                                {product} {ergonomic}
   size_t MaxNewSize                               = 1287651328                                {product} {ergonomic}
   size_t MinHeapDeltaBytes                        = 1048576                                   {product} {ergonomic}
    uintx NonNMethodCodeHeapSize                   = 5825164                                {pd product} {ergonomic}
    uintx NonProfiledCodeHeapSize                  = 122916538                              {pd product} {ergonomic}
    uintx ProfiledCodeHeapSize                     = 122916538                              {pd product} {ergonomic}
    uintx ReservedCodeCacheSize                    = 251658240                              {pd product} {ergonomic}
     bool SegmentedCodeCache                       = true                                      {product} {ergonomic}
     bool UseCompressedClassPointers               = true                                 {lp64_product} {ergonomic}
     bool UseCompressedOops                        = true                                 {lp64_product} {ergonomic}
     bool UseG1GC                                  = true                                      {product} {ergonomic}
     bool UseLargePagesIndividualAllocation        = false                                  {pd product} {ergonomic}

Logging:
Log output configuration:
 #0: stdout all=warning uptime,level,tags
 #1: stderr all=off uptime,level,tags

Environment Variables:
PATH=C:\Python310\Scripts\;C:\Python310\;C:\Program Files\Common Files\Oracle\Java\javapath;C:\Windows\system32;C:\Windows;C:\Windows\System32\Wbem;C:\Windows\System32\WindowsPowerShell\v1.0\;C:\Windows\System32\OpenSSH\;C:\Program Files\nodejs\;C:\ProgramData\chocolatey\bin;C:\Program Files\Docker\Docker\resources\bin;C:\ProgramData\DockerDesktop\version-bin;C:\Program Files\Git\cmd;C:\Program Files\PuTTY\;C:\Program Files\Java\jdk-11.0.16\bin;C:\Program Files\apache-maven-3.8.6-bin\apache-maven-3.8.6\bin;C:\Program Files\Amazon\AWSCLI\bin\;C:\Users\sfjbs\AppData\Local\Microsoft\WindowsApps;C:\Users\sfjbs\AppData\Roaming\npm;C:\Users\sfjbs\AppData\Local\Programs\Microsoft VS Code\bin;C:\Program Files\MongoDB\Server\5.0\bin;C:\Program Files\sonar-scanner-cli-4.7.0.2747-windows\sonar-scanner-4.7.0.2747-windows\bin;C:\Program Files\sonarqube-9.7.1.62043\sonarqube-9.7.1.62043\bin\windows-x86-64;
USERNAME=sfjbs
OS=Windows_NT
PROCESSOR_IDENTIFIER=Intel64 Family 6 Model 85 Stepping 7, GenuineIntel



---------------  S Y S T E M  ---------------

OS: Windows 10 , 64 bit Build 19041 (10.0.19041.2251)
Hyper-V role detected

CPU:total 2 (initial active 2) (1 cores per cpu, 2 threads per core) family 6 model 85 stepping 7 microcode 0xffffffff, cmov, cx8, fxsr, mmx, sse, sse2, sse3, ssse3, sse4.1, sse4.2, popcnt, avx, avx2, aes, clmul, erms, rtm, 3dnowpref, lzcnt, ht, tsc, bmi1, bmi2, adx, evex, fma

Memory: 4k page, system-wide physical 8190M (1162M free)
TotalPageFile size 10238M (AvailPageFile size 5M)
current process WorkingSet (physical memory assigned to process): 260M, peak: 260M
current process commit charge ("private bytes"): 371M, peak: 371M

vm_info: Java HotSpot(TM) 64-Bit Server VM (11.0.16+11-LTS-199) for windows-amd64 JRE (11.0.16+11-LTS-199), built on Jun 28 2022 08:23:17 by "mach5one" with MS VC++ 15.9 (VS2017)

END.
