#
# There is insufficient memory for the Java Runtime Environment to continue.
# Native memory allocation (malloc) failed to allocate 1080656 bytes for Chunk::new
# Possible reasons:
#   The system is out of physical RAM or swap space
#   The process is running with CompressedOops enabled, and the Java Heap may be blocking the growth of the native heap
# Possible solutions:
#   Reduce memory load on the system
#   Increase physical memory or swap space
#   Check if swap backing store is full
#   Decrease Java heap size (-Xmx/-Xms)
#   Decrease number of Java threads
#   Decrease Java thread stack sizes (-Xss)
#   Set larger code cache with -XX:ReservedCodeCacheSize=
#   JVM is running with Unscaled Compressed Oops mode in which the Java heap is
#     placed in the first 4GB address space. The Java Heap base address is the
#     maximum limit for the native heap growth. Please use -XX:HeapBaseMinAddress
#     to set the Java Heap base and to place the Java Heap above 4GB virtual address.
# This output file may be truncated or incomplete.
#
#  Out of Memory Error (./open/src/hotspot/share/memory/arena.cpp:197), pid=12528, tid=12580
#
# JRE version: Java(TM) SE Runtime Environment 18.9 (11.0.16+11) (build 11.0.16+11-LTS-199)
# Java VM: Java HotSpot(TM) 64-Bit Server VM 18.9 (11.0.16+11-LTS-199, mixed mode, tiered, compressed oops, g1 gc, windows-amd64)
# No core dump will be written. Minidumps are not enabled by default on client versions of Windows
#

---------------  S U M M A R Y ------------

Command Line: C:\Users\sfjbs\AppData\Local\Temp\surefire17337723370001975763\surefirebooter8155905384267013451.jar C:\Users\sfjbs\AppData\Local\Temp\surefire17337723370001975763 2022-11-15T06-15-37_959-jvmRun1 surefire8738776457402110109tmp surefire_016051376044137629280tmp

Host: Intel(R) Xeon(R) Platinum 8272CL CPU @ 2.60GHz, 2 cores, 7G,  Windows 10 , 64 bit Build 19041 (10.0.19041.2251)
Time: Tue Nov 15 06:15:46 2022 Coordinated Universal Time elapsed time: 7.626299 seconds (0d 0h 0m 7s)

---------------  T H R E A D  ---------------

Current thread (0x0000022c9da31000):  JavaThread "C2 CompilerThread0" daemon [_thread_in_native, id=12580, stack(0x000000df6a700000,0x000000df6a800000)]


Current CompileTask:
C2:   7626 2661       4       org.springframework.util.StringUtils::cleanPath (323 bytes)

Stack: [0x000000df6a700000,0x000000df6a800000]
Native frames: (J=compiled Java code, j=interpreted, Vv=VM code, C=native code)
V  [jvm.dll+0x62a3ea]
V  [jvm.dll+0x76418f]
V  [jvm.dll+0x765839]
V  [jvm.dll+0x765ec3]
V  [jvm.dll+0x23da98]
V  [jvm.dll+0xb2a1c]
V  [jvm.dll+0xb2fdc]
V  [jvm.dll+0x341487]
V  [jvm.dll+0x18cc31]
V  [jvm.dll+0x1f85b2]
V  [jvm.dll+0x1f768d]
V  [jvm.dll+0x177c81]
V  [jvm.dll+0x207006]
V  [jvm.dll+0x20519b]
V  [jvm.dll+0x729fa0]
V  [jvm.dll+0x722b74]
V  [jvm.dll+0x629286]
C  [ucrtbase.dll+0x21bb2]
C  [KERNEL32.DLL+0x174b4]
C  [ntdll.dll+0x526a1]


---------------  P R O C E S S  ---------------

Threads class SMR info:
_java_thread_list=0x0000022ca11aa7a0, length=12, elements={
0x0000022cff85b000, 0x0000022c9da0d000, 0x0000022c9da17000, 0x0000022c9da29800,
0x0000022c9da2d800, 0x0000022c9da2f000, 0x0000022c9da31000, 0x0000022c9da35800,
0x0000022c9da3b800, 0x0000022c9e512800, 0x0000022c9e5b9800, 0x0000022c9e75e800
}

Java Threads: ( => current thread )
  0x0000022cff85b000 JavaThread "main" [_thread_in_Java, id=9688, stack(0x000000df69b00000,0x000000df69c00000)]
  0x0000022c9da0d000 JavaThread "Reference Handler" daemon [_thread_blocked, id=13052, stack(0x000000df6a200000,0x000000df6a300000)]
  0x0000022c9da17000 JavaThread "Finalizer" daemon [_thread_blocked, id=13208, stack(0x000000df6a300000,0x000000df6a400000)]
  0x0000022c9da29800 JavaThread "Signal Dispatcher" daemon [_thread_blocked, id=8668, stack(0x000000df6a400000,0x000000df6a500000)]
  0x0000022c9da2d800 JavaThread "Attach Listener" daemon [_thread_blocked, id=12692, stack(0x000000df6a500000,0x000000df6a600000)]
  0x0000022c9da2f000 JavaThread "Service Thread" daemon [_thread_blocked, id=9836, stack(0x000000df6a600000,0x000000df6a700000)]
=>0x0000022c9da31000 JavaThread "C2 CompilerThread0" daemon [_thread_in_native, id=12580, stack(0x000000df6a700000,0x000000df6a800000)]
  0x0000022c9da35800 JavaThread "C1 CompilerThread0" daemon [_thread_blocked, id=13256, stack(0x000000df6a800000,0x000000df6a900000)]
  0x0000022c9da3b800 JavaThread "Sweeper thread" daemon [_thread_blocked, id=2184, stack(0x000000df6a900000,0x000000df6aa00000)]
  0x0000022c9e512800 JavaThread "Common-Cleaner" daemon [_thread_blocked, id=13108, stack(0x000000df6ab00000,0x000000df6ac00000)]
  0x0000022c9e5b9800 JavaThread "surefire-forkedjvm-command-thread" daemon [_thread_in_native, id=3876, stack(0x000000df6ac00000,0x000000df6ad00000)]
  0x0000022c9e75e800 JavaThread "surefire-forkedjvm-ping-30s" daemon [_thread_in_native, id=8764, stack(0x000000df6ad00000,0x000000df6ae00000)]

Other Threads:
  0x0000022c9da0a800 VMThread "VM Thread" [stack: 0x000000df6a100000,0x000000df6a200000] [id=9880]
  0x0000022c9e50b800 WatcherThread [stack: 0x000000df6aa00000,0x000000df6ab00000] [id=8776]
  0x0000022cff86f000 GCTaskThread "GC Thread#0" [stack: 0x000000df69c00000,0x000000df69d00000] [id=12952]
  0x0000022c9e9f0800 GCTaskThread "GC Thread#1" [stack: 0x000000df6ae00000,0x000000df6af00000] [id=3700]
  0x0000022cff89b800 ConcurrentGCThread "G1 Main Marker" [stack: 0x000000df69d00000,0x000000df69e00000] [id=9196]
  0x0000022cff89d000 ConcurrentGCThread "G1 Conc#0" [stack: 0x000000df69e00000,0x000000df69f00000] [id=8908]
  0x0000022cff927000 ConcurrentGCThread "G1 Refine#0" [stack: 0x000000df69f00000,0x000000df6a000000] [id=7360]
  0x0000022c9e607000 ConcurrentGCThread "G1 Refine#1" [stack: 0x000000df6af00000,0x000000df6b000000] [id=12816]
  0x0000022cff928000 ConcurrentGCThread "G1 Young RemSet Sampling" [stack: 0x000000df6a000000,0x000000df6a100000] [id=5392]

Threads with active compile tasks:
C2 CompilerThread0     7651 2661       4       org.springframework.util.StringUtils::cleanPath (323 bytes)

VM state:not at safepoint (normal execution)

VM Mutex/Monitor currently owned by a thread: None

OutOfMemory and StackOverflow Exception counts:
OutOfMemoryError java_heap_errors=1
LinkageErrors=54

Heap address: 0x0000000080000000, size: 2048 MB, Compressed Oops mode: 32-bit
Narrow klass base: 0x0000000000000000, Narrow klass shift: 3
Compressed class space size: 1073741824 Address: 0x0000000100000000

Heap:
 garbage-first heap   total 158720K, used 69649K [0x0000000080000000, 0x0000000100000000)
  region size 1024K, 60 young (61440K), 7 survivors (7168K)
 Metaspace       used 29630K, capacity 30464K, committed 30592K, reserved 1075200K
  class space    used 3519K, capacity 3876K, committed 3968K, reserved 1048576K
Heap Regions: E=young(eden), S=young(survivor), O=old, HS=humongous(starts), HC=humongous(continues), CS=collection set, F=free, A=archive, TAMS=top-at-mark-start (previous, next)
|   0|0x0000000080000000, 0x0000000080100000, 0x0000000080100000|100%|HS|  |TAMS 0x0000000080100000, 0x0000000080000000| Complete 
|   1|0x0000000080100000, 0x0000000080200000, 0x0000000080200000|100%| O|  |TAMS 0x0000000080200000, 0x0000000080100000| Untracked 
|   2|0x0000000080200000, 0x0000000080300000, 0x0000000080300000|100%| O|  |TAMS 0x0000000080300000, 0x0000000080200000| Untracked 
|   3|0x0000000080300000, 0x0000000080400000, 0x0000000080400000|100%| O|  |TAMS 0x0000000080400000, 0x0000000080300000| Untracked 
|   4|0x0000000080400000, 0x0000000080500000, 0x0000000080500000|100%| O|  |TAMS 0x0000000080500000, 0x0000000080400000| Untracked 
|   5|0x0000000080500000, 0x0000000080600000, 0x0000000080600000|100%| O|  |TAMS 0x00000000805f0200, 0x0000000080500000| Untracked 
|   6|0x0000000080600000, 0x0000000080700000, 0x0000000080700000|100%| O|  |TAMS 0x0000000080600000, 0x0000000080600000| Untracked 
|   7|0x0000000080700000, 0x0000000080800000, 0x0000000080800000|100%| O|  |TAMS 0x0000000080700000, 0x0000000080700000| Untracked 
|   8|0x0000000080800000, 0x0000000080900000, 0x0000000080900000|100%| O|  |TAMS 0x0000000080800000, 0x0000000080800000| Untracked 
|   9|0x0000000080900000, 0x0000000080904400, 0x0000000080a00000|  1%| O|  |TAMS 0x0000000080900000, 0x0000000080900000| Untracked 
|  10|0x0000000080a00000, 0x0000000080a00000, 0x0000000080b00000|  0%| F|  |TAMS 0x0000000080a00000, 0x0000000080a00000| Untracked 
|  11|0x0000000080b00000, 0x0000000080b00000, 0x0000000080c00000|  0%| F|  |TAMS 0x0000000080b00000, 0x0000000080b00000| Untracked 
|  12|0x0000000080c00000, 0x0000000080c00000, 0x0000000080d00000|  0%| F|  |TAMS 0x0000000080c00000, 0x0000000080c00000| Untracked 
|  13|0x0000000080d00000, 0x0000000080d00000, 0x0000000080e00000|  0%| F|  |TAMS 0x0000000080d00000, 0x0000000080d00000| Untracked 
|  14|0x0000000080e00000, 0x0000000080e00000, 0x0000000080f00000|  0%| F|  |TAMS 0x0000000080e00000, 0x0000000080e00000| Untracked 
|  15|0x0000000080f00000, 0x0000000080f00000, 0x0000000081000000|  0%| F|  |TAMS 0x0000000080f00000, 0x0000000080f00000| Untracked 
|  16|0x0000000081000000, 0x0000000081000000, 0x0000000081100000|  0%| F|  |TAMS 0x0000000081000000, 0x0000000081000000| Untracked 
|  17|0x0000000081100000, 0x0000000081100000, 0x0000000081200000|  0%| F|  |TAMS 0x0000000081100000, 0x0000000081100000| Untracked 
|  18|0x0000000081200000, 0x0000000081200000, 0x0000000081300000|  0%| F|  |TAMS 0x0000000081200000, 0x0000000081200000| Untracked 
|  19|0x0000000081300000, 0x0000000081300000, 0x0000000081400000|  0%| F|  |TAMS 0x0000000081300000, 0x0000000081300000| Untracked 
|  20|0x0000000081400000, 0x0000000081400000, 0x0000000081500000|  0%| F|  |TAMS 0x0000000081400000, 0x0000000081400000| Untracked 
|  21|0x0000000081500000, 0x0000000081500000, 0x0000000081600000|  0%| F|  |TAMS 0x0000000081500000, 0x0000000081500000| Untracked 
|  22|0x0000000081600000, 0x0000000081600000, 0x0000000081700000|  0%| F|  |TAMS 0x0000000081600000, 0x0000000081600000| Untracked 
|  23|0x0000000081700000, 0x0000000081700000, 0x0000000081800000|  0%| F|  |TAMS 0x0000000081700000, 0x0000000081700000| Untracked 
|  24|0x0000000081800000, 0x0000000081800000, 0x0000000081900000|  0%| F|  |TAMS 0x0000000081800000, 0x0000000081800000| Untracked 
|  25|0x0000000081900000, 0x0000000081900000, 0x0000000081a00000|  0%| F|  |TAMS 0x0000000081900000, 0x0000000081900000| Untracked 
|  26|0x0000000081a00000, 0x0000000081a00000, 0x0000000081b00000|  0%| F|  |TAMS 0x0000000081a00000, 0x0000000081a00000| Untracked 
|  27|0x0000000081b00000, 0x0000000081b00000, 0x0000000081c00000|  0%| F|  |TAMS 0x0000000081b00000, 0x0000000081b00000| Untracked 
|  28|0x0000000081c00000, 0x0000000081c00000, 0x0000000081d00000|  0%| F|  |TAMS 0x0000000081c00000, 0x0000000081c00000| Untracked 
|  29|0x0000000081d00000, 0x0000000081d00000, 0x0000000081e00000|  0%| F|  |TAMS 0x0000000081d00000, 0x0000000081d00000| Untracked 
|  30|0x0000000081e00000, 0x0000000081e00000, 0x0000000081f00000|  0%| F|  |TAMS 0x0000000081e00000, 0x0000000081e00000| Untracked 
|  31|0x0000000081f00000, 0x0000000081f00000, 0x0000000082000000|  0%| F|  |TAMS 0x0000000081f00000, 0x0000000081f00000| Untracked 
|  32|0x0000000082000000, 0x0000000082000000, 0x0000000082100000|  0%| F|  |TAMS 0x0000000082000000, 0x0000000082000000| Untracked 
|  33|0x0000000082100000, 0x0000000082100000, 0x0000000082200000|  0%| F|  |TAMS 0x0000000082100000, 0x0000000082100000| Untracked 
|  34|0x0000000082200000, 0x0000000082200000, 0x0000000082300000|  0%| F|  |TAMS 0x0000000082200000, 0x0000000082200000| Untracked 
|  35|0x0000000082300000, 0x0000000082300000, 0x0000000082400000|  0%| F|  |TAMS 0x0000000082300000, 0x0000000082300000| Untracked 
|  36|0x0000000082400000, 0x0000000082400000, 0x0000000082500000|  0%| F|  |TAMS 0x0000000082400000, 0x0000000082400000| Untracked 
|  37|0x0000000082500000, 0x0000000082500000, 0x0000000082600000|  0%| F|  |TAMS 0x0000000082500000, 0x0000000082500000| Untracked 
|  38|0x0000000082600000, 0x0000000082600000, 0x0000000082700000|  0%| F|  |TAMS 0x0000000082600000, 0x0000000082600000| Untracked 
|  39|0x0000000082700000, 0x0000000082700000, 0x0000000082800000|  0%| F|  |TAMS 0x0000000082700000, 0x0000000082700000| Untracked 
|  40|0x0000000082800000, 0x0000000082800000, 0x0000000082900000|  0%| F|  |TAMS 0x0000000082800000, 0x0000000082800000| Untracked 
|  41|0x0000000082900000, 0x0000000082900000, 0x0000000082a00000|  0%| F|  |TAMS 0x0000000082900000, 0x0000000082900000| Untracked 
|  42|0x0000000082a00000, 0x0000000082a00000, 0x0000000082b00000|  0%| F|  |TAMS 0x0000000082a00000, 0x0000000082a00000| Untracked 
|  43|0x0000000082b00000, 0x0000000082b00000, 0x0000000082c00000|  0%| F|  |TAMS 0x0000000082b00000, 0x0000000082b00000| Untracked 
|  44|0x0000000082c00000, 0x0000000082c00000, 0x0000000082d00000|  0%| F|  |TAMS 0x0000000082c00000, 0x0000000082c00000| Untracked 
|  45|0x0000000082d00000, 0x0000000082d00000, 0x0000000082e00000|  0%| F|  |TAMS 0x0000000082d00000, 0x0000000082d00000| Untracked 
|  46|0x0000000082e00000, 0x0000000082e00000, 0x0000000082f00000|  0%| F|  |TAMS 0x0000000082e00000, 0x0000000082e00000| Untracked 
|  47|0x0000000082f00000, 0x0000000082f00000, 0x0000000083000000|  0%| F|  |TAMS 0x0000000082f00000, 0x0000000082f00000| Untracked 
|  48|0x0000000083000000, 0x0000000083000000, 0x0000000083100000|  0%| F|  |TAMS 0x0000000083000000, 0x0000000083000000| Untracked 
|  49|0x0000000083100000, 0x0000000083100000, 0x0000000083200000|  0%| F|  |TAMS 0x0000000083100000, 0x0000000083100000| Untracked 
|  50|0x0000000083200000, 0x0000000083200000, 0x0000000083300000|  0%| F|  |TAMS 0x0000000083200000, 0x0000000083200000| Untracked 
|  51|0x0000000083300000, 0x0000000083300000, 0x0000000083400000|  0%| F|  |TAMS 0x0000000083300000, 0x0000000083300000| Untracked 
|  52|0x0000000083400000, 0x0000000083400000, 0x0000000083500000|  0%| F|  |TAMS 0x0000000083400000, 0x0000000083400000| Untracked 
|  53|0x0000000083500000, 0x0000000083500000, 0x0000000083600000|  0%| F|  |TAMS 0x0000000083500000, 0x0000000083500000| Untracked 
|  54|0x0000000083600000, 0x0000000083600000, 0x0000000083700000|  0%| F|  |TAMS 0x0000000083600000, 0x0000000083600000| Untracked 
|  55|0x0000000083700000, 0x0000000083800000, 0x0000000083800000|100%| S|CS|TAMS 0x0000000083700000, 0x0000000083700000| Complete 
|  56|0x0000000083800000, 0x0000000083900000, 0x0000000083900000|100%| S|CS|TAMS 0x0000000083800000, 0x0000000083800000| Complete 
|  57|0x0000000083900000, 0x0000000083a00000, 0x0000000083a00000|100%| S|CS|TAMS 0x0000000083900000, 0x0000000083900000| Complete 
|  58|0x0000000083a00000, 0x0000000083b00000, 0x0000000083b00000|100%| S|CS|TAMS 0x0000000083a00000, 0x0000000083a00000| Complete 
|  59|0x0000000083b00000, 0x0000000083c00000, 0x0000000083c00000|100%| S|CS|TAMS 0x0000000083b00000, 0x0000000083b00000| Complete 
|  60|0x0000000083c00000, 0x0000000083d00000, 0x0000000083d00000|100%| S|CS|TAMS 0x0000000083c00000, 0x0000000083c00000| Complete 
|  61|0x0000000083d00000, 0x0000000083e00000, 0x0000000083e00000|100%| S|CS|TAMS 0x0000000083d00000, 0x0000000083d00000| Complete 
|  62|0x0000000083e00000, 0x0000000083e00000, 0x0000000083f00000|  0%| F|  |TAMS 0x0000000083e00000, 0x0000000083e00000| Untracked 
|  63|0x0000000083f00000, 0x0000000083f00000, 0x0000000084000000|  0%| F|  |TAMS 0x0000000083f00000, 0x0000000083f00000| Untracked 
|  64|0x0000000084000000, 0x0000000084000000, 0x0000000084100000|  0%| F|  |TAMS 0x0000000084000000, 0x0000000084000000| Untracked 
|  65|0x0000000084100000, 0x0000000084100000, 0x0000000084200000|  0%| F|  |TAMS 0x0000000084100000, 0x0000000084100000| Untracked 
|  66|0x0000000084200000, 0x0000000084200000, 0x0000000084300000|  0%| F|  |TAMS 0x0000000084200000, 0x0000000084200000| Untracked 
|  67|0x0000000084300000, 0x0000000084300000, 0x0000000084400000|  0%| F|  |TAMS 0x0000000084300000, 0x0000000084300000| Untracked 
|  68|0x0000000084400000, 0x0000000084400000, 0x0000000084500000|  0%| F|  |TAMS 0x0000000084400000, 0x0000000084400000| Untracked 
|  69|0x0000000084500000, 0x0000000084500000, 0x0000000084600000|  0%| F|  |TAMS 0x0000000084500000, 0x0000000084500000| Untracked 
|  70|0x0000000084600000, 0x0000000084600000, 0x0000000084700000|  0%| F|  |TAMS 0x0000000084600000, 0x0000000084600000| Untracked 
|  71|0x0000000084700000, 0x0000000084700000, 0x0000000084800000|  0%| F|  |TAMS 0x0000000084700000, 0x0000000084700000| Untracked 
|  72|0x0000000084800000, 0x0000000084800000, 0x0000000084900000|  0%| F|  |TAMS 0x0000000084800000, 0x0000000084800000| Untracked 
|  73|0x0000000084900000, 0x0000000084900000, 0x0000000084a00000|  0%| F|  |TAMS 0x0000000084900000, 0x0000000084900000| Untracked 
|  74|0x0000000084a00000, 0x0000000084a00000, 0x0000000084b00000|  0%| F|  |TAMS 0x0000000084a00000, 0x0000000084a00000| Untracked 
|  75|0x0000000084b00000, 0x0000000084b00000, 0x0000000084c00000|  0%| F|  |TAMS 0x0000000084b00000, 0x0000000084b00000| Untracked 
|  76|0x0000000084c00000, 0x0000000084c00000, 0x0000000084d00000|  0%| F|  |TAMS 0x0000000084c00000, 0x0000000084c00000| Untracked 
|  77|0x0000000084d00000, 0x0000000084d00000, 0x0000000084e00000|  0%| F|  |TAMS 0x0000000084d00000, 0x0000000084d00000| Untracked 
|  78|0x0000000084e00000, 0x0000000084e00000, 0x0000000084f00000|  0%| F|  |TAMS 0x0000000084e00000, 0x0000000084e00000| Untracked 
|  79|0x0000000084f00000, 0x0000000084f00000, 0x0000000085000000|  0%| F|  |TAMS 0x0000000084f00000, 0x0000000084f00000| Untracked 
|  80|0x0000000085000000, 0x0000000085000000, 0x0000000085100000|  0%| F|  |TAMS 0x0000000085000000, 0x0000000085000000| Untracked 
|  81|0x0000000085100000, 0x0000000085100000, 0x0000000085200000|  0%| F|  |TAMS 0x0000000085100000, 0x0000000085100000| Untracked 
|  82|0x0000000085200000, 0x0000000085200000, 0x0000000085300000|  0%| F|  |TAMS 0x0000000085200000, 0x0000000085200000| Untracked 
|  83|0x0000000085300000, 0x0000000085300000, 0x0000000085400000|  0%| F|  |TAMS 0x0000000085300000, 0x0000000085300000| Untracked 
|  84|0x0000000085400000, 0x0000000085400000, 0x0000000085500000|  0%| F|  |TAMS 0x0000000085400000, 0x0000000085400000| Untracked 
|  85|0x0000000085500000, 0x0000000085500000, 0x0000000085600000|  0%| F|  |TAMS 0x0000000085500000, 0x0000000085500000| Untracked 
|  86|0x0000000085600000, 0x0000000085600000, 0x0000000085700000|  0%| F|  |TAMS 0x0000000085600000, 0x0000000085600000| Untracked 
|  87|0x0000000085700000, 0x0000000085700000, 0x0000000085800000|  0%| F|  |TAMS 0x0000000085700000, 0x0000000085700000| Untracked 
|  88|0x0000000085800000, 0x0000000085800000, 0x0000000085900000|  0%| F|  |TAMS 0x0000000085800000, 0x0000000085800000| Untracked 
|  89|0x0000000085900000, 0x0000000085900000, 0x0000000085a00000|  0%| F|  |TAMS 0x0000000085900000, 0x0000000085900000| Untracked 
|  90|0x0000000085a00000, 0x0000000085a00000, 0x0000000085b00000|  0%| F|  |TAMS 0x0000000085a00000, 0x0000000085a00000| Untracked 
|  91|0x0000000085b00000, 0x0000000085b00000, 0x0000000085c00000|  0%| F|  |TAMS 0x0000000085b00000, 0x0000000085b00000| Untracked 
|  92|0x0000000085c00000, 0x0000000085c00000, 0x0000000085d00000|  0%| F|  |TAMS 0x0000000085c00000, 0x0000000085c00000| Untracked 
|  93|0x0000000085d00000, 0x0000000085d00000, 0x0000000085e00000|  0%| F|  |TAMS 0x0000000085d00000, 0x0000000085d00000| Untracked 
|  94|0x0000000085e00000, 0x0000000085e00000, 0x0000000085f00000|  0%| F|  |TAMS 0x0000000085e00000, 0x0000000085e00000| Untracked 
|  95|0x0000000085f00000, 0x0000000085f00000, 0x0000000086000000|  0%| F|  |TAMS 0x0000000085f00000, 0x0000000085f00000| Untracked 
|  96|0x0000000086000000, 0x0000000086000000, 0x0000000086100000|  0%| F|  |TAMS 0x0000000086000000, 0x0000000086000000| Untracked 
|  97|0x0000000086100000, 0x0000000086100000, 0x0000000086200000|  0%| F|  |TAMS 0x0000000086100000, 0x0000000086100000| Untracked 
|  98|0x0000000086200000, 0x0000000086200000, 0x0000000086300000|  0%| F|  |TAMS 0x0000000086200000, 0x0000000086200000| Untracked 
|  99|0x0000000086300000, 0x0000000086300000, 0x0000000086400000|  0%| F|  |TAMS 0x0000000086300000, 0x0000000086300000| Untracked 
| 100|0x0000000086400000, 0x0000000086400000, 0x0000000086500000|  0%| F|  |TAMS 0x0000000086400000, 0x0000000086400000| Untracked 
| 101|0x0000000086500000, 0x0000000086500000, 0x0000000086600000|  0%| F|  |TAMS 0x0000000086500000, 0x0000000086500000| Untracked 
| 102|0x0000000086600000, 0x0000000086700000, 0x0000000086700000|100%| E|  |TAMS 0x0000000086600000, 0x0000000086600000| Complete 
| 103|0x0000000086700000, 0x0000000086800000, 0x0000000086800000|100%| E|CS|TAMS 0x0000000086700000, 0x0000000086700000| Complete 
| 104|0x0000000086800000, 0x0000000086900000, 0x0000000086900000|100%| E|CS|TAMS 0x0000000086800000, 0x0000000086800000| Complete 
| 105|0x0000000086900000, 0x0000000086a00000, 0x0000000086a00000|100%| E|CS|TAMS 0x0000000086900000, 0x0000000086900000| Complete 
| 106|0x0000000086a00000, 0x0000000086b00000, 0x0000000086b00000|100%| E|CS|TAMS 0x0000000086a00000, 0x0000000086a00000| Complete 
| 107|0x0000000086b00000, 0x0000000086c00000, 0x0000000086c00000|100%| E|CS|TAMS 0x0000000086b00000, 0x0000000086b00000| Complete 
| 108|0x0000000086c00000, 0x0000000086d00000, 0x0000000086d00000|100%| E|CS|TAMS 0x0000000086c00000, 0x0000000086c00000| Complete 
| 109|0x0000000086d00000, 0x0000000086e00000, 0x0000000086e00000|100%| E|CS|TAMS 0x0000000086d00000, 0x0000000086d00000| Complete 
| 110|0x0000000086e00000, 0x0000000086f00000, 0x0000000086f00000|100%| E|CS|TAMS 0x0000000086e00000, 0x0000000086e00000| Complete 
| 111|0x0000000086f00000, 0x0000000087000000, 0x0000000087000000|100%| E|CS|TAMS 0x0000000086f00000, 0x0000000086f00000| Complete 
| 112|0x0000000087000000, 0x0000000087100000, 0x0000000087100000|100%| E|CS|TAMS 0x0000000087000000, 0x0000000087000000| Complete 
| 113|0x0000000087100000, 0x0000000087200000, 0x0000000087200000|100%| E|CS|TAMS 0x0000000087100000, 0x0000000087100000| Complete 
| 114|0x0000000087200000, 0x0000000087300000, 0x0000000087300000|100%| E|CS|TAMS 0x0000000087200000, 0x0000000087200000| Complete 
| 115|0x0000000087300000, 0x0000000087400000, 0x0000000087400000|100%| E|CS|TAMS 0x0000000087300000, 0x0000000087300000| Complete 
| 116|0x0000000087400000, 0x0000000087500000, 0x0000000087500000|100%| E|CS|TAMS 0x0000000087400000, 0x0000000087400000| Complete 
| 117|0x0000000087500000, 0x0000000087600000, 0x0000000087600000|100%| E|CS|TAMS 0x0000000087500000, 0x0000000087500000| Complete 
| 118|0x0000000087600000, 0x0000000087700000, 0x0000000087700000|100%| E|CS|TAMS 0x0000000087600000, 0x0000000087600000| Complete 
| 119|0x0000000087700000, 0x0000000087800000, 0x0000000087800000|100%| E|CS|TAMS 0x0000000087700000, 0x0000000087700000| Complete 
| 120|0x0000000087800000, 0x0000000087900000, 0x0000000087900000|100%| E|CS|TAMS 0x0000000087800000, 0x0000000087800000| Complete 
| 121|0x0000000087900000, 0x0000000087a00000, 0x0000000087a00000|100%| E|CS|TAMS 0x0000000087900000, 0x0000000087900000| Complete 
| 122|0x0000000087a00000, 0x0000000087b00000, 0x0000000087b00000|100%| E|CS|TAMS 0x0000000087a00000, 0x0000000087a00000| Complete 
| 123|0x0000000087b00000, 0x0000000087c00000, 0x0000000087c00000|100%| E|CS|TAMS 0x0000000087b00000, 0x0000000087b00000| Complete 
| 124|0x0000000087c00000, 0x0000000087d00000, 0x0000000087d00000|100%| E|CS|TAMS 0x0000000087c00000, 0x0000000087c00000| Complete 
| 125|0x0000000087d00000, 0x0000000087e00000, 0x0000000087e00000|100%| E|CS|TAMS 0x0000000087d00000, 0x0000000087d00000| Complete 
| 126|0x0000000087e00000, 0x0000000087f00000, 0x0000000087f00000|100%| E|CS|TAMS 0x0000000087e00000, 0x0000000087e00000| Complete 
| 127|0x0000000087f00000, 0x0000000088000000, 0x0000000088000000|100%| E|CS|TAMS 0x0000000087f00000, 0x0000000087f00000| Complete 
| 128|0x0000000088000000, 0x0000000088100000, 0x0000000088100000|100%| E|CS|TAMS 0x0000000088000000, 0x0000000088000000| Complete 
| 129|0x0000000088100000, 0x0000000088200000, 0x0000000088200000|100%| E|CS|TAMS 0x0000000088100000, 0x0000000088100000| Complete 
| 130|0x0000000088200000, 0x0000000088300000, 0x0000000088300000|100%| E|CS|TAMS 0x0000000088200000, 0x0000000088200000| Complete 
| 131|0x0000000088300000, 0x0000000088400000, 0x0000000088400000|100%| E|CS|TAMS 0x0000000088300000, 0x0000000088300000| Complete 
| 132|0x0000000088400000, 0x0000000088500000, 0x0000000088500000|100%| E|CS|TAMS 0x0000000088400000, 0x0000000088400000| Complete 
| 133|0x0000000088500000, 0x0000000088600000, 0x0000000088600000|100%| E|CS|TAMS 0x0000000088500000, 0x0000000088500000| Complete 
| 134|0x0000000088600000, 0x0000000088700000, 0x0000000088700000|100%| E|CS|TAMS 0x0000000088600000, 0x0000000088600000| Complete 
| 135|0x0000000088700000, 0x0000000088800000, 0x0000000088800000|100%| E|CS|TAMS 0x0000000088700000, 0x0000000088700000| Complete 
| 136|0x0000000088800000, 0x0000000088900000, 0x0000000088900000|100%| E|CS|TAMS 0x0000000088800000, 0x0000000088800000| Complete 
| 137|0x0000000088900000, 0x0000000088a00000, 0x0000000088a00000|100%| E|CS|TAMS 0x0000000088900000, 0x0000000088900000| Complete 
| 138|0x0000000088a00000, 0x0000000088b00000, 0x0000000088b00000|100%| E|CS|TAMS 0x0000000088a00000, 0x0000000088a00000| Complete 
| 139|0x0000000088b00000, 0x0000000088c00000, 0x0000000088c00000|100%| E|CS|TAMS 0x0000000088b00000, 0x0000000088b00000| Complete 
| 140|0x0000000088c00000, 0x0000000088d00000, 0x0000000088d00000|100%| E|CS|TAMS 0x0000000088c00000, 0x0000000088c00000| Complete 
| 141|0x0000000088d00000, 0x0000000088e00000, 0x0000000088e00000|100%| E|CS|TAMS 0x0000000088d00000, 0x0000000088d00000| Complete 
| 142|0x0000000088e00000, 0x0000000088f00000, 0x0000000088f00000|100%| E|CS|TAMS 0x0000000088e00000, 0x0000000088e00000| Complete 
| 143|0x0000000088f00000, 0x0000000089000000, 0x0000000089000000|100%| E|CS|TAMS 0x0000000088f00000, 0x0000000088f00000| Complete 
| 144|0x0000000089000000, 0x0000000089100000, 0x0000000089100000|100%| E|CS|TAMS 0x0000000089000000, 0x0000000089000000| Complete 
| 145|0x0000000089100000, 0x0000000089200000, 0x0000000089200000|100%| E|CS|TAMS 0x0000000089100000, 0x0000000089100000| Complete 
| 146|0x0000000089200000, 0x0000000089300000, 0x0000000089300000|100%| E|CS|TAMS 0x0000000089200000, 0x0000000089200000| Complete 
| 147|0x0000000089300000, 0x0000000089400000, 0x0000000089400000|100%| E|CS|TAMS 0x0000000089300000, 0x0000000089300000| Complete 
| 148|0x0000000089400000, 0x0000000089500000, 0x0000000089500000|100%| E|CS|TAMS 0x0000000089400000, 0x0000000089400000| Complete 
| 149|0x0000000089500000, 0x0000000089600000, 0x0000000089600000|100%| E|CS|TAMS 0x0000000089500000, 0x0000000089500000| Complete 
| 150|0x0000000089600000, 0x0000000089700000, 0x0000000089700000|100%| E|CS|TAMS 0x0000000089600000, 0x0000000089600000| Complete 
| 151|0x0000000089700000, 0x0000000089800000, 0x0000000089800000|100%| E|CS|TAMS 0x0000000089700000, 0x0000000089700000| Complete 
| 152|0x0000000089800000, 0x0000000089900000, 0x0000000089900000|100%| E|CS|TAMS 0x0000000089800000, 0x0000000089800000| Complete 
| 153|0x0000000089900000, 0x0000000089a00000, 0x0000000089a00000|100%| E|CS|TAMS 0x0000000089900000, 0x0000000089900000| Complete 
| 154|0x0000000089a00000, 0x0000000089b00000, 0x0000000089b00000|100%| E|CS|TAMS 0x0000000089a00000, 0x0000000089a00000| Complete 

Card table byte_map: [0x0000022c96e00000,0x0000022c97200000] _byte_map_base: 0x0000022c96a00000

Marking Bits (Prev, Next): (CMBitMap*) 0x0000022cfdfce860, (CMBitMap*) 0x0000022cfdfce828
 Prev Bits: [0x0000022c99600000, 0x0000022c9b600000)
 Next Bits: [0x0000022c97600000, 0x0000022c99600000)

Polling page: 0x0000022c80000000

Metaspace:

Usage:
  Non-class:     25.96 MB capacity,    25.51 MB ( 98%) used,   373.52 KB (  1%) free+waste,    94.81 KB ( <1%) overhead. 
      Class:      3.79 MB capacity,     3.44 MB ( 91%) used,   305.80 KB (  8%) free+waste,    49.00 KB (  1%) overhead. 
       Both:     29.75 MB capacity,    28.95 MB ( 97%) used,   679.32 KB (  2%) free+waste,   143.81 KB ( <1%) overhead. 

Virtual space:
  Non-class space:       26.00 MB reserved,      26.00 MB (100%) committed 
      Class space:        1.00 GB reserved,       3.88 MB ( <1%) committed 
             Both:        1.03 GB reserved,      29.88 MB (  3%) committed 

Chunk freelists:
   Non-Class:  4.50 KB
       Class:  0 bytes
        Both:  4.50 KB

CodeHeap 'non-profiled nmethods': size=120064Kb used=1370Kb max_used=1370Kb free=118694Kb
 bounds [0x0000022c8f0b0000, 0x0000022c8f320000, 0x0000022c965f0000]
CodeHeap 'profiled nmethods': size=120000Kb used=5648Kb max_used=5648Kb free=114351Kb
 bounds [0x0000022c87b80000, 0x0000022c88110000, 0x0000022c8f0b0000]
CodeHeap 'non-nmethods': size=5696Kb used=1147Kb max_used=1200Kb free=4549Kb
 bounds [0x0000022c875f0000, 0x0000022c87860000, 0x0000022c87b80000]
 total_blobs=3129 nmethods=2667 adapters=373
 compilation: enabled
              stopped_count=0, restarted_count=0
 full_count=0

Compilation events (10 events):
Event: 7.130 Thread 0x0000022c9da35800 2672       2       java.net.URLStreamHandler::equals (45 bytes)
Event: 7.131 Thread 0x0000022c9da35800 nmethod 2672 0x0000022c880ffd90 code [0x0000022c880fff40, 0x0000022c881000f8]
Event: 7.249 Thread 0x0000022c9da31000 nmethod 2635 0x0000022c8f1f3c90 code [0x0000022c8f1f4260, 0x0000022c8f1fea50]
Event: 7.249 Thread 0x0000022c9da31000 2633       4       org.springframework.asm.ClassReader::readUtf (44 bytes)
Event: 7.268 Thread 0x0000022c9da31000 nmethod 2633 0x0000022c8f204d90 code [0x0000022c8f204f40, 0x0000022c8f205958]
Event: 7.268 Thread 0x0000022c9da31000 2659       4       java.util.StringTokenizer::skipDelimiters (116 bytes)
Event: 7.276 Thread 0x0000022c9da31000 nmethod 2659 0x0000022c8f205f90 code [0x0000022c8f206140, 0x0000022c8f2064c8]
Event: 7.276 Thread 0x0000022c9da31000 2661       4       org.springframework.util.StringUtils::cleanPath (323 bytes)
Event: 7.621 Thread 0x0000022c9da35800 2675   !   2       java.util.concurrent.ConcurrentHashMap::initTable (112 bytes)
Event: 7.621 Thread 0x0000022c9da35800 nmethod 2675 0x0000022c88100210 code [0x0000022c881003c0, 0x0000022c88100788]

GC Heap History (10 events):
Event: 3.302 GC heap before
{Heap before GC invocations=2 (full 0):
 garbage-first heap   total 131072K, used 64448K [0x0000000080000000, 0x0000000100000000)
  region size 1024K, 58 young (59392K), 1 survivors (1024K)
 Metaspace       used 20594K, capacity 21175K, committed 21248K, reserved 1069056K
  class space    used 2295K, capacity 2537K, committed 2560K, reserved 1048576K
}
Event: 3.313 GC heap after
{Heap after GC invocations=3 (full 0):
 garbage-first heap   total 131072K, used 9508K [0x0000000080000000, 0x0000000100000000)
  region size 1024K, 4 young (4096K), 4 survivors (4096K)
 Metaspace       used 20594K, capacity 21175K, committed 21248K, reserved 1069056K
  class space    used 2295K, capacity 2537K, committed 2560K, reserved 1048576K
}
Event: 4.888 GC heap before
{Heap before GC invocations=4 (full 0):
 garbage-first heap   total 131072K, used 66852K [0x0000000080000000, 0x0000000100000000)
  region size 1024K, 61 young (62464K), 4 survivors (4096K)
 Metaspace       used 29127K, capacity 29980K, committed 30336K, reserved 1075200K
  class space    used 3491K, capacity 3866K, committed 3968K, reserved 1048576K
}
Event: 4.904 GC heap after
{Heap after GC invocations=5 (full 0):
 garbage-first heap   total 131072K, used 11801K [0x0000000080000000, 0x0000000100000000)
  region size 1024K, 6 young (6144K), 6 survivors (6144K)
 Metaspace       used 29127K, capacity 29980K, committed 30336K, reserved 1075200K
  class space    used 3491K, capacity 3866K, committed 3968K, reserved 1048576K
}
Event: 5.513 GC heap before
{Heap before GC invocations=5 (full 0):
 garbage-first heap   total 131072K, used 73241K [0x0000000080000000, 0x0000000100000000)
  region size 1024K, 66 young (67584K), 6 survivors (6144K)
 Metaspace       used 29398K, capacity 30239K, committed 30592K, reserved 1075200K
  class space    used 3497K, capacity 3866K, committed 3968K, reserved 1048576K
}
Event: 5.533 GC heap after
{Heap after GC invocations=6 (full 0):
 garbage-first heap   total 158720K, used 13664K [0x0000000080000000, 0x0000000100000000)
  region size 1024K, 7 young (7168K), 7 survivors (7168K)
 Metaspace       used 29398K, capacity 30239K, committed 30592K, reserved 1075200K
  class space    used 3497K, capacity 3866K, committed 3968K, reserved 1048576K
}
Event: 6.265 GC heap before
{Heap before GC invocations=6 (full 0):
 garbage-first heap   total 158720K, used 83296K [0x0000000080000000, 0x0000000100000000)
  region size 1024K, 75 young (76800K), 7 survivors (7168K)
 Metaspace       used 29425K, capacity 30308K, committed 30592K, reserved 1075200K
  class space    used 3502K, capacity 3867K, committed 3968K, reserved 1048576K
}
Event: 6.286 GC heap after
{Heap after GC invocations=7 (full 0):
 garbage-first heap   total 158720K, used 15377K [0x0000000080000000, 0x0000000100000000)
  region size 1024K, 6 young (6144K), 6 survivors (6144K)
 Metaspace       used 29425K, capacity 30308K, committed 30592K, reserved 1075200K
  class space    used 3502K, capacity 3867K, committed 3968K, reserved 1048576K
}
Event: 6.984 GC heap before
{Heap before GC invocations=7 (full 0):
 garbage-first heap   total 158720K, used 104465K [0x0000000080000000, 0x0000000100000000)
  region size 1024K, 93 young (95232K), 6 survivors (6144K)
 Metaspace       used 29441K, capacity 30309K, committed 30592K, reserved 1075200K
  class space    used 3502K, capacity 3867K, committed 3968K, reserved 1048576K
}
Event: 6.999 GC heap after
{Heap after GC invocations=8 (full 0):
 garbage-first heap   total 158720K, used 16401K [0x0000000080000000, 0x0000000100000000)
  region size 1024K, 7 young (7168K), 7 survivors (7168K)
 Metaspace       used 29441K, capacity 30309K, committed 30592K, reserved 1075200K
  class space    used 3502K, capacity 3867K, committed 3968K, reserved 1048576K
}

Deoptimization events (10 events):
Event: 3.731 Thread 0x0000022c9f5ec800 Uncommon trap: reason=class_check action=maybe_recompile pc=0x0000022c8f109f4c method=java.util.HashMap.putVal(ILjava/lang/Object;Ljava/lang/Object;ZZ)Ljava/lang/Object; @ 203 c2
Event: 3.736 Thread 0x0000022c9f5ec800 Uncommon trap: reason=unstable_if action=reinterpret pc=0x0000022c8f1005d4 method=java.util.concurrent.ConcurrentHashMap.get(Ljava/lang/Object;)Ljava/lang/Object; @ 76 c2
Event: 3.741 Thread 0x0000022c9f5ec800 Uncommon trap: reason=class_check action=maybe_recompile pc=0x0000022c8f109f4c method=java.util.HashMap.putVal(ILjava/lang/Object;Ljava/lang/Object;ZZ)Ljava/lang/Object; @ 203 c2
Event: 3.745 Thread 0x0000022c9f5ec800 Uncommon trap: reason=class_check action=maybe_recompile pc=0x0000022c8f109f4c method=java.util.HashMap.putVal(ILjava/lang/Object;Ljava/lang/Object;ZZ)Ljava/lang/Object; @ 203 c2
Event: 3.887 Thread 0x0000022cff85b000 Uncommon trap: reason=unstable_if action=reinterpret pc=0x0000022c8f106304 method=jdk.internal.org.objectweb.asm.Type.getArgumentsAndReturnSizes(Ljava/lang/String;)I @ 130 c2
Event: 4.794 Thread 0x0000022cff85b000 Uncommon trap: reason=unstable_if action=reinterpret pc=0x0000022c8f1512e4 method=java.lang.String.indexOf([BBILjava/lang/String;I)I @ 21 c2
Event: 5.077 Thread 0x0000022cff85b000 Uncommon trap: reason=intrinsic_or_type_checked_inlining action=make_not_entrant pc=0x0000022c8f1aa2d8 method=java.util.Arrays.copyOf([Ljava/lang/Object;ILjava/lang/Class;)[Ljava/lang/Object; @ 35 c2
Event: 5.772 Thread 0x0000022cff85b000 Uncommon trap: reason=unstable_if action=reinterpret pc=0x0000022c8f1ccfb0 method=org.springframework.asm.ClassReader.<init>([BIZ)V @ 135 c2
Event: 5.869 Thread 0x0000022cff85b000 Uncommon trap: reason=unstable_if action=reinterpret pc=0x0000022c8f1d2e90 method=org.springframework.asm.ClassReader.readMethod(Lorg/springframework/asm/ClassVisitor;Lorg/springframework/asm/Context;I)I @ 313 c2
Event: 6.225 Thread 0x0000022cff85b000 Uncommon trap: reason=unstable_if action=reinterpret pc=0x0000022c8f1ab520 method=org.springframework.asm.ClassReader.readUtf(II[C)Ljava/lang/String; @ 41 c2

Classes redefined (0 events):
No events

Internal exceptions (10 events):
Event: 4.524 Thread 0x0000022cff85b000 Exception <a 'java/lang/ClassNotFoundException'{0x00000000855d53b8}: org/springframework/beans/factory/AwareCustomizer> (0x00000000855d53b8) thrown at [./open/src/hotspot/share/classfile/systemDictionary.cpp, line 226]
Event: 4.526 Thread 0x0000022cff85b000 Exception <a 'java/lang/ClassNotFoundException'{0x00000000855e51e0}: org/springframework/context/EnvironmentAwareCustomizer> (0x00000000855e51e0) thrown at [./open/src/hotspot/share/classfile/systemDictionary.cpp, line 226]
Event: 4.527 Thread 0x0000022cff85b000 Exception <a 'java/lang/ClassNotFoundException'{0x00000000855f5140}: org/springframework/beans/factory/AwareCustomizer> (0x00000000855f5140) thrown at [./open/src/hotspot/share/classfile/systemDictionary.cpp, line 226]
Event: 4.588 Thread 0x0000022c9f5ec800 Exception <a 'java/lang/NoSuchMethodError'{0x00000000852426f8}: java.lang.invoke.DirectMethodHandle$Holder.invokeSpecial(Ljava/lang/Object;Ljava/lang/Object;)J> (0x00000000852426f8) thrown at [./open/src/hotspot/share/interpreter/linkResolver.cpp, line 77
Event: 4.590 Thread 0x0000022c9f5ec800 Exception <a 'java/lang/NoSuchMethodError'{0x000000008524ca40}: java.lang.invoke.DirectMethodHandle$Holder.invokeStatic(Ljava/lang/Object;Ljava/lang/Object;)J> (0x000000008524ca40) thrown at [./open/src/hotspot/share/interpreter/linkResolver.cpp, line 772
Event: 4.591 Thread 0x0000022c9f5ec800 Exception <a 'java/lang/NoSuchMethodError'{0x000000008524f868}: java.lang.invoke.DirectMethodHandle$Holder.invokeStaticInit(Ljava/lang/Object;Ljava/lang/Object;)J> (0x000000008524f868) thrown at [./open/src/hotspot/share/interpreter/linkResolver.cpp, line
Event: 4.593 Thread 0x0000022c9f5ec800 Exception <a 'java/lang/NoSuchMethodError'{0x000000008525bd28}: java.lang.invoke.DirectMethodHandle$Holder.invokeInterface(Ljava/lang/Object;Ljava/lang/Object;)J> (0x000000008525bd28) thrown at [./open/src/hotspot/share/interpreter/linkResolver.cpp, line 
Event: 4.593 Thread 0x0000022c9f5ec800 Exception <a 'java/lang/IncompatibleClassChangeError'{0x000000008525eac0}: Found class java.lang.Object, but interface was expected> (0x000000008525eac0) thrown at [./open/src/hotspot/share/interpreter/linkResolver.cpp, line 838]
Event: 4.637 Thread 0x0000022c9f5ec800 Exception <a 'java/lang/NoSuchMethodError'{0x00000000851fc170}: java.lang.invoke.DirectMethodHandle$Holder.invokeVirtual(Ljava/lang/Object;Ljava/lang/Object;Ljava/lang/Object;Ljava/lang/Object;)Ljava/lang/Object;> (0x00000000851fc170) thrown at [./open/sr
Event: 7.608 Thread 0x0000022cff85b000 Exception <a 'java/lang/OutOfMemoryError'{0x00000000866177d0}> (0x00000000866177d0) thrown at [./open/src/hotspot/share/prims/jni.cpp, line 632]

Events (10 events):
Event: 7.614 loading class sun/util/resources/TimeZoneNamesBundle done
Event: 7.614 loading class sun/util/resources/cldr/TimeZoneNames done
Event: 7.615 loading class sun/util/resources/cldr/TimeZoneNames_en
Event: 7.619 loading class sun/util/resources/cldr/TimeZoneNames_en done
Event: 7.619 loading class sun/util/resources/cldr/TimeZoneNames_en_US
Event: 7.619 loading class sun/util/resources/cldr/TimeZoneNames_en_US done
Event: 7.621 loading class sun/util/resources/TimeZoneNames
Event: 7.622 loading class sun/util/resources/TimeZoneNames done
Event: 7.623 loading class sun/util/resources/TimeZoneNames_en
Event: 7.623 loading class sun/util/resources/TimeZoneNames_en done


Dynamic libraries:
0x00007ff6fe9f0000 - 0x00007ff6fe9ff000 	C:\Program Files\Java\jdk-11.0.16\bin\java.exe
0x00007ffae9f30000 - 0x00007ffaea128000 	C:\Windows\SYSTEM32\ntdll.dll
0x00007ffae8c30000 - 0x00007ffae8cef000 	C:\Windows\System32\KERNEL32.DLL
0x00007ffae7c30000 - 0x00007ffae7f02000 	C:\Windows\System32\KERNELBASE.dll
0x00007ffae79a0000 - 0x00007ffae7aa0000 	C:\Windows\System32\ucrtbase.dll
0x00007ffad5d30000 - 0x00007ffad5d48000 	C:\Program Files\Java\jdk-11.0.16\bin\jli.dll
0x00007ffae9360000 - 0x00007ffae940e000 	C:\Windows\System32\ADVAPI32.dll
0x00007ffae97b0000 - 0x00007ffae984e000 	C:\Windows\System32\msvcrt.dll
0x00007ffae9150000 - 0x00007ffae91ec000 	C:\Windows\System32\sechost.dll
0x00007ffae91f0000 - 0x00007ffae9315000 	C:\Windows\System32\RPCRT4.dll
0x00007ffae98e0000 - 0x00007ffae9a7d000 	C:\Windows\System32\USER32.dll
0x00007ffae7af0000 - 0x00007ffae7b12000 	C:\Windows\System32\win32u.dll
0x00007ffae9320000 - 0x00007ffae934b000 	C:\Windows\System32\GDI32.dll
0x00007ffae7b20000 - 0x00007ffae7c2f000 	C:\Windows\System32\gdi32full.dll
0x00007ffae7630000 - 0x00007ffae76cd000 	C:\Windows\System32\msvcp_win.dll
0x00007ffad2f60000 - 0x00007ffad2f75000 	C:\Program Files\Java\jdk-11.0.16\bin\VCRUNTIME140.dll
0x00007ffad1f10000 - 0x00007ffad21aa000 	C:\Windows\WinSxS\amd64_microsoft.windows.common-controls_6595b64144ccf1df_6.0.19041.1110_none_60b5254171f9507e\COMCTL32.dll
0x00007ffae2030000 - 0x00007ffae203a000 	C:\Windows\SYSTEM32\VERSION.dll
0x00007ffae9770000 - 0x00007ffae97a2000 	C:\Windows\System32\IMM32.DLL
0x00007ffad2ec0000 - 0x00007ffad2f5b000 	C:\Program Files\Java\jdk-11.0.16\bin\msvcp140.dll
0x00007ffad13f0000 - 0x00007ffad1f08000 	C:\Program Files\Java\jdk-11.0.16\bin\server\jvm.dll
0x00007ffae9350000 - 0x00007ffae9358000 	C:\Windows\System32\PSAPI.DLL
0x00007ffadbc90000 - 0x00007ffadbcb7000 	C:\Windows\SYSTEM32\WINMM.dll
0x00007ffad13e0000 - 0x00007ffad13e9000 	C:\Windows\SYSTEM32\WSOCK32.dll
0x00007ffae90e0000 - 0x00007ffae914b000 	C:\Windows\System32\WS2_32.dll
0x00007ffae54d0000 - 0x00007ffae54e2000 	C:\Windows\SYSTEM32\kernel.appcore.dll
0x00007ffad13d0000 - 0x00007ffad13e0000 	C:\Program Files\Java\jdk-11.0.16\bin\verify.dll
0x00007ffae34b0000 - 0x00007ffae3694000 	C:\Windows\SYSTEM32\DBGHELP.DLL
0x00007ffae3800000 - 0x00007ffae382c000 	C:\Windows\SYSTEM32\dbgcore.DLL
0x00007ffae7910000 - 0x00007ffae7992000 	C:\Windows\System32\bcryptPrimitives.dll
0x00007ffad13a0000 - 0x00007ffad13c8000 	C:\Program Files\Java\jdk-11.0.16\bin\java.dll
0x00007ffad1390000 - 0x00007ffad139a000 	C:\Program Files\Java\jdk-11.0.16\bin\jimage.dll
0x00007ffad1370000 - 0x00007ffad1386000 	C:\Program Files\Java\jdk-11.0.16\bin\zip.dll
0x00007ffae8190000 - 0x00007ffae88d3000 	C:\Windows\System32\SHELL32.dll
0x00007ffae56d0000 - 0x00007ffae5e62000 	C:\Windows\SYSTEM32\windows.storage.dll
0x00007ffae9410000 - 0x00007ffae9764000 	C:\Windows\System32\combase.dll
0x00007ffae6ed0000 - 0x00007ffae6f00000 	C:\Windows\SYSTEM32\Wldp.dll
0x00007ffae89c0000 - 0x00007ffae8a6d000 	C:\Windows\System32\SHCORE.dll
0x00007ffae8da0000 - 0x00007ffae8df5000 	C:\Windows\System32\shlwapi.dll
0x00007ffae7570000 - 0x00007ffae758f000 	C:\Windows\SYSTEM32\profapi.dll
0x00007fface0e0000 - 0x00007fface0f9000 	C:\Program Files\Java\jdk-11.0.16\bin\net.dll
0x00007ffae13d0000 - 0x00007ffae14dc000 	C:\Windows\SYSTEM32\WINHTTP.dll
0x00007ffae6cb0000 - 0x00007ffae6d1a000 	C:\Windows\system32\mswsock.dll
0x00007fface0b0000 - 0x00007fface0c2000 	C:\Program Files\Java\jdk-11.0.16\bin\nio.dll
0x00007ffacbf40000 - 0x00007ffacbf49000 	C:\Program Files\Java\jdk-11.0.16\bin\management.dll
0x00007ffacbf30000 - 0x00007ffacbf3b000 	C:\Program Files\Java\jdk-11.0.16\bin\management_ext.dll
0x00007ffad9a40000 - 0x00007ffad9a57000 	C:\Windows\system32\napinsp.dll
0x00007ffad9a20000 - 0x00007ffad9a3b000 	C:\Windows\system32\pnrpnsp.dll
0x00007ffad9a00000 - 0x00007ffad9a15000 	C:\Windows\system32\wshbth.dll
0x00007ffae4c20000 - 0x00007ffae4c3d000 	C:\Windows\system32\NLAapi.dll
0x00007ffae69c0000 - 0x00007ffae69fb000 	C:\Windows\SYSTEM32\IPHLPAPI.DLL
0x00007ffae6a00000 - 0x00007ffae6aca000 	C:\Windows\SYSTEM32\DNSAPI.dll
0x00007ffae8a70000 - 0x00007ffae8a78000 	C:\Windows\System32\NSI.dll
0x00007ffad99e0000 - 0x00007ffad99f2000 	C:\Windows\System32\winrnr.dll
0x00007ffadedf0000 - 0x00007ffadedfa000 	C:\Windows\System32\rasadhlp.dll
0x00007ffae18b0000 - 0x00007ffae1930000 	C:\Windows\System32\fwpuclnt.dll
0x00007ffae76d0000 - 0x00007ffae76f7000 	C:\Windows\System32\bcrypt.dll

dbghelp: loaded successfully - version: 4.0.5 - missing functions: none
symbol engine: initialized successfully - sym options: 0x614 - pdb path: .;C:\Program Files\Java\jdk-11.0.16\bin;C:\Windows\SYSTEM32;C:\Windows\WinSxS\amd64_microsoft.windows.common-controls_6595b64144ccf1df_6.0.19041.1110_none_60b5254171f9507e;C:\Program Files\Java\jdk-11.0.16\bin\server

VM Arguments:
java_command: C:\Users\sfjbs\AppData\Local\Temp\surefire17337723370001975763\surefirebooter8155905384267013451.jar C:\Users\sfjbs\AppData\Local\Temp\surefire17337723370001975763 2022-11-15T06-15-37_959-jvmRun1 surefire8738776457402110109tmp surefire_016051376044137629280tmp
java_class_path (initial): C:\Users\sfjbs\AppData\Local\Temp\surefire17337723370001975763\surefirebooter8155905384267013451.jar
Launcher Type: SUN_STANDARD

[Global flags]
     intx CICompilerCount                          = 2                                         {product} {ergonomic}
     uint ConcGCThreads                            = 1                                         {product} {ergonomic}
     uint G1ConcRefinementThreads                  = 2                                         {product} {ergonomic}
   size_t G1HeapRegionSize                         = 1048576                                   {product} {ergonomic}
    uintx GCDrainStackTargetSize                   = 64                                        {product} {ergonomic}
   size_t InitialHeapSize                          = 134217728                                 {product} {ergonomic}
   size_t MarkStackSize                            = 4194304                                   {product} {ergonomic}
   size_t MaxHeapSize                              = 2147483648                                {product} {ergonomic}
   size_t MaxNewSize                               = 1287651328                                {product} {ergonomic}
   size_t MinHeapDeltaBytes                        = 1048576                                   {product} {ergonomic}
    uintx NonNMethodCodeHeapSize                   = 5825164                                {pd product} {ergonomic}
    uintx NonProfiledCodeHeapSize                  = 122916538                              {pd product} {ergonomic}
    uintx ProfiledCodeHeapSize                     = 122916538                              {pd product} {ergonomic}
    uintx ReservedCodeCacheSize                    = 251658240                              {pd product} {ergonomic}
     bool SegmentedCodeCache                       = true                                      {product} {ergonomic}
     bool UseCompressedClassPointers               = true                                 {lp64_product} {ergonomic}
     bool UseCompressedOops                        = true                                 {lp64_product} {ergonomic}
     bool UseG1GC                                  = true                                      {product} {ergonomic}
     bool UseLargePagesIndividualAllocation        = false                                  {pd product} {ergonomic}

Logging:
Log output configuration:
 #0: stdout all=warning uptime,level,tags
 #1: stderr all=off uptime,level,tags

Environment Variables:
PATH=C:\Python310\Scripts\;C:\Python310\;C:\Program Files\Common Files\Oracle\Java\javapath;C:\Windows\system32;C:\Windows;C:\Windows\System32\Wbem;C:\Windows\System32\WindowsPowerShell\v1.0\;C:\Windows\System32\OpenSSH\;C:\Program Files\nodejs\;C:\ProgramData\chocolatey\bin;C:\Program Files\Docker\Docker\resources\bin;C:\ProgramData\DockerDesktop\version-bin;C:\Program Files\Git\cmd;C:\Program Files\PuTTY\;C:\Program Files\Java\jdk-11.0.16\bin;C:\Program Files\apache-maven-3.8.6-bin\apache-maven-3.8.6\bin;C:\Program Files\Amazon\AWSCLI\bin\;C:\Users\sfjbs\AppData\Local\Microsoft\WindowsApps;C:\Users\sfjbs\AppData\Roaming\npm;C:\Users\sfjbs\AppData\Local\Programs\Microsoft VS Code\bin;C:\Program Files\MongoDB\Server\5.0\bin;C:\Program Files\sonar-scanner-cli-4.7.0.2747-windows\sonar-scanner-4.7.0.2747-windows\bin;C:\Program Files\sonarqube-9.7.1.62043\sonarqube-9.7.1.62043\bin\windows-x86-64;
USERNAME=sfjbs
OS=Windows_NT
PROCESSOR_IDENTIFIER=Intel64 Family 6 Model 85 Stepping 7, GenuineIntel



---------------  S Y S T E M  ---------------

OS: Windows 10 , 64 bit Build 19041 (10.0.19041.2251)
Hyper-V role detected

CPU:total 2 (initial active 2) (1 cores per cpu, 2 threads per core) family 6 model 85 stepping 7 microcode 0xffffffff, cmov, cx8, fxsr, mmx, sse, sse2, sse3, ssse3, sse4.1, sse4.2, popcnt, avx, avx2, aes, clmul, erms, rtm, 3dnowpref, lzcnt, ht, tsc, bmi1, bmi2, adx, evex, fma

Memory: 4k page, system-wide physical 8190M (1206M free)
TotalPageFile size 10238M (AvailPageFile size 4M)
current process WorkingSet (physical memory assigned to process): 273M, peak: 274M
current process commit charge ("private bytes"): 410M, peak: 411M

vm_info: Java HotSpot(TM) 64-Bit Server VM (11.0.16+11-LTS-199) for windows-amd64 JRE (11.0.16+11-LTS-199), built on Jun 28 2022 08:23:17 by "mach5one" with MS VC++ 15.9 (VS2017)

END.
