#
# There is insufficient memory for the Java Runtime Environment to continue.
# Native memory allocation (malloc) failed to allocate 32744 bytes for ChunkPool::allocate
# Possible reasons:
#   The system is out of physical RAM or swap space
#   The process is running with CompressedOops enabled, and the Java Heap may be blocking the growth of the native heap
# Possible solutions:
#   Reduce memory load on the system
#   Increase physical memory or swap space
#   Check if swap backing store is full
#   Decrease Java heap size (-Xmx/-Xms)
#   Decrease number of Java threads
#   Decrease Java thread stack sizes (-Xss)
#   Set larger code cache with -XX:ReservedCodeCacheSize=
#   JVM is running with Unscaled Compressed Oops mode in which the Java heap is
#     placed in the first 4GB address space. The Java Heap base address is the
#     maximum limit for the native heap growth. Please use -XX:HeapBaseMinAddress
#     to set the Java Heap base and to place the Java Heap above 4GB virtual address.
# This output file may be truncated or incomplete.
#
#  Out of Memory Error (./open/src/hotspot/share/memory/arena.cpp:81), pid=9200, tid=4916
#
# JRE version: Java(TM) SE Runtime Environment 18.9 (11.0.16+11) (build 11.0.16+11-LTS-199)
# Java VM: Java HotSpot(TM) 64-Bit Server VM 18.9 (11.0.16+11-LTS-199, mixed mode, tiered, compressed oops, g1 gc, windows-amd64)
# No core dump will be written. Minidumps are not enabled by default on client versions of Windows
#

---------------  S U M M A R Y ------------

Command Line: -Dclassworlds.conf=C:\Program Files\apache-maven-3.8.6-bin\apache-maven-3.8.6\bin\m2.conf -Dmaven.home=C:\Program Files\apache-maven-3.8.6-bin\apache-maven-3.8.6 -Dlibrary.jansi.path=C:\Program Files\apache-maven-3.8.6-bin\apache-maven-3.8.6\lib\jansi-native -Dmaven.multiModuleProjectDirectory=C:\Users\sfjbs\java\FlightBooking org.codehaus.plexus.classworlds.launcher.Launcher clean verify sonar:sonar \

Host: Intel(R) Xeon(R) Platinum 8272CL CPU @ 2.60GHz, 2 cores, 7G,  Windows 10 , 64 bit Build 19041 (10.0.19041.2251)
Time: Tue Nov 15 06:15:46 2022 Coordinated Universal Time elapsed time: 57.308728 seconds (0d 0h 0m 57s)

---------------  T H R E A D  ---------------

Current thread (0x000001d22a470800):  JavaThread "C2 CompilerThread0" daemon [_thread_in_native, id=4916, stack(0x0000001bc8400000,0x0000001bc8500000)]


Current CompileTask:
C2:  57308 8005 % !   4       java.io.BufferedReader::readLine @ 131 (304 bytes)

Stack: [0x0000001bc8400000,0x0000001bc8500000]
Native frames: (J=compiled Java code, j=interpreted, Vv=VM code, C=native code)
V  [jvm.dll+0x62a3ea]
V  [jvm.dll+0x76418f]
V  [jvm.dll+0x765839]
V  [jvm.dll+0x765ec3]
V  [jvm.dll+0x23da98]
V  [jvm.dll+0xb2c7b]
V  [jvm.dll+0xb2fdc]
V  [jvm.dll+0x2a36d9]
V  [jvm.dll+0x6b33c5]
V  [jvm.dll+0x54d718]
V  [jvm.dll+0x53e05a]
V  [jvm.dll+0x1f9ec9]
V  [jvm.dll+0x1f756d]
V  [jvm.dll+0x177c81]
V  [jvm.dll+0x207006]
V  [jvm.dll+0x20519b]
V  [jvm.dll+0x729fa0]
V  [jvm.dll+0x722b74]
V  [jvm.dll+0x629286]
C  [ucrtbase.dll+0x21bb2]
C  [KERNEL32.DLL+0x174b4]
C  [ntdll.dll+0x526a1]


---------------  P R O C E S S  ---------------

Threads class SMR info:
_java_thread_list=0x000001d22f5c0d60, length=21, elements={
0x000001d20c987000, 0x000001d22a44c000, 0x000001d22a456000, 0x000001d22a467800,
0x000001d22a46a800, 0x000001d22a46d000, 0x000001d22a470800, 0x000001d22a478800,
0x000001d22ae1e800, 0x000001d22af45800, 0x000001d22c09a000, 0x000001d22c09b000,
0x000001d22e1ec000, 0x000001d22e1ed800, 0x000001d22de74800, 0x000001d22df33000,
0x000001d22f681000, 0x000001d22b7fe800, 0x000001d22de75800, 0x000001d22c942000,
0x000001d22c943000
}

Java Threads: ( => current thread )
  0x000001d20c987000 JavaThread "main" [_thread_in_native, id=10768, stack(0x0000001bc7800000,0x0000001bc7900000)]
  0x000001d22a44c000 JavaThread "Reference Handler" daemon [_thread_blocked, id=9312, stack(0x0000001bc7f00000,0x0000001bc8000000)]
  0x000001d22a456000 JavaThread "Finalizer" daemon [_thread_blocked, id=8376, stack(0x0000001bc8000000,0x0000001bc8100000)]
  0x000001d22a467800 JavaThread "Signal Dispatcher" daemon [_thread_blocked, id=10852, stack(0x0000001bc8100000,0x0000001bc8200000)]
  0x000001d22a46a800 JavaThread "Attach Listener" daemon [_thread_blocked, id=5328, stack(0x0000001bc8200000,0x0000001bc8300000)]
  0x000001d22a46d000 JavaThread "Service Thread" daemon [_thread_blocked, id=12096, stack(0x0000001bc8300000,0x0000001bc8400000)]
=>0x000001d22a470800 JavaThread "C2 CompilerThread0" daemon [_thread_in_native, id=4916, stack(0x0000001bc8400000,0x0000001bc8500000)]
  0x000001d22a478800 JavaThread "C1 CompilerThread0" daemon [_thread_blocked, id=7772, stack(0x0000001bc8500000,0x0000001bc8600000)]
  0x000001d22ae1e800 JavaThread "Sweeper thread" daemon [_thread_blocked, id=7748, stack(0x0000001bc8600000,0x0000001bc8700000)]
  0x000001d22af45800 JavaThread "Common-Cleaner" daemon [_thread_blocked, id=6884, stack(0x0000001bc8800000,0x0000001bc8900000)]
  0x000001d22c09a000 JavaThread "resolver-1" daemon [_thread_blocked, id=12584, stack(0x0000001bc8c00000,0x0000001bc8d00000)]
  0x000001d22c09b000 JavaThread "resolver-2" daemon [_thread_blocked, id=9676, stack(0x0000001bc8d00000,0x0000001bc8e00000)]
  0x000001d22e1ec000 JavaThread "resolver-3" daemon [_thread_blocked, id=11444, stack(0x0000001bc8e00000,0x0000001bc8f00000)]
  0x000001d22e1ed800 JavaThread "resolver-4" daemon [_thread_blocked, id=1140, stack(0x0000001bc8f00000,0x0000001bc9000000)]
  0x000001d22de74800 JavaThread "resolver-5" daemon [_thread_blocked, id=11276, stack(0x0000001bc9000000,0x0000001bc9100000)]
  0x000001d22df33000 JavaThread "timeout-check-timer" daemon [_thread_blocked, id=12460, stack(0x0000001bc9100000,0x0000001bc9200000)]
  0x000001d22f681000 JavaThread "ping-timer-10s" daemon [_thread_blocked, id=5164, stack(0x0000001bc9200000,0x0000001bc9300000)]
  0x000001d22b7fe800 JavaThread "ThreadedStreamConsumer" daemon [_thread_in_vm, id=8576, stack(0x0000001bc9300000,0x0000001bc9400000)]
  0x000001d22de75800 JavaThread "Thread-2" [_thread_blocked, id=3064, stack(0x0000001bc9400000,0x0000001bc9500000)]
  0x000001d22c942000 JavaThread "Thread-3" [_thread_in_native, id=13024, stack(0x0000001bc9500000,0x0000001bc9600000)]
  0x000001d22c943000 JavaThread "Thread-4" [_thread_in_native, id=13268, stack(0x0000001bc9600000,0x0000001bc9700000)]

Other Threads:
  0x000001d22a448800 VMThread "VM Thread" [stack: 0x0000001bc7e00000,0x0000001bc7f00000] [id=9800]
  0x000001d22af44000 WatcherThread [stack: 0x0000001bc8700000,0x0000001bc8800000] [id=11332]
  0x000001d20c99d800 GCTaskThread "GC Thread#0" [stack: 0x0000001bc7900000,0x0000001bc7a00000] [id=10776]
  0x000001d22b42b800 GCTaskThread "GC Thread#1" [stack: 0x0000001bc8900000,0x0000001bc8a00000] [id=6692]
  0x000001d20c9ce000 ConcurrentGCThread "G1 Main Marker" [stack: 0x0000001bc7a00000,0x0000001bc7b00000] [id=10936]
  0x000001d20c9cf800 ConcurrentGCThread "G1 Conc#0" [stack: 0x0000001bc7b00000,0x0000001bc7c00000] [id=10252]
  0x000001d20ca56800 ConcurrentGCThread "G1 Refine#0" [stack: 0x0000001bc7c00000,0x0000001bc7d00000] [id=5524]
  0x000001d20ca57800 ConcurrentGCThread "G1 Young RemSet Sampling" [stack: 0x0000001bc7d00000,0x0000001bc7e00000] [id=5580]

Threads with active compile tasks:
C2 CompilerThread0    57327 8005 % !   4       java.io.BufferedReader::readLine @ 131 (304 bytes)

VM state:not at safepoint (normal execution)

VM Mutex/Monitor currently owned by a thread: None

Heap address: 0x0000000080000000, size: 2048 MB, Compressed Oops mode: 32-bit
Narrow klass base: 0x0000000000000000, Narrow klass shift: 3
Compressed class space size: 1073741824 Address: 0x0000000100000000

Heap:
 garbage-first heap   total 157696K, used 62464K [0x0000000080000000, 0x0000000100000000)
  region size 1024K, 26 young (26624K), 10 survivors (10240K)
 Metaspace       used 43623K, capacity 44486K, committed 44752K, reserved 1089536K
  class space    used 4545K, capacity 4884K, committed 4992K, reserved 1048576K
Heap Regions: E=young(eden), S=young(survivor), O=old, HS=humongous(starts), HC=humongous(continues), CS=collection set, F=free, A=archive, TAMS=top-at-mark-start (previous, next)
|   0|0x0000000080000000, 0x0000000080100000, 0x0000000080100000|100%| O|  |TAMS 0x0000000080100000, 0x0000000080000000| Untracked 
|   1|0x0000000080100000, 0x0000000080200000, 0x0000000080200000|100%| O|  |TAMS 0x0000000080200000, 0x0000000080100000| Untracked 
|   2|0x0000000080200000, 0x0000000080300000, 0x0000000080300000|100%| O|  |TAMS 0x0000000080300000, 0x0000000080200000| Untracked 
|   3|0x0000000080300000, 0x0000000080400000, 0x0000000080400000|100%| O|  |TAMS 0x0000000080400000, 0x0000000080300000| Untracked 
|   4|0x0000000080400000, 0x0000000080500000, 0x0000000080500000|100%| O|  |TAMS 0x0000000080500000, 0x0000000080400000| Untracked 
|   5|0x0000000080500000, 0x0000000080600000, 0x0000000080600000|100%| O|  |TAMS 0x0000000080600000, 0x0000000080500000| Untracked 
|   6|0x0000000080600000, 0x0000000080700000, 0x0000000080700000|100%| O|  |TAMS 0x0000000080700000, 0x0000000080600000| Untracked 
|   7|0x0000000080700000, 0x0000000080800000, 0x0000000080800000|100%| O|  |TAMS 0x0000000080800000, 0x0000000080700000| Untracked 
|   8|0x0000000080800000, 0x0000000080900000, 0x0000000080900000|100%| O|  |TAMS 0x0000000080900000, 0x0000000080800000| Untracked 
|   9|0x0000000080900000, 0x0000000080a00000, 0x0000000080a00000|100%| O|  |TAMS 0x0000000080a00000, 0x0000000080900000| Untracked 
|  10|0x0000000080a00000, 0x0000000080b00000, 0x0000000080b00000|100%| O|  |TAMS 0x0000000080b00000, 0x0000000080a00000| Untracked 
|  11|0x0000000080b00000, 0x0000000080c00000, 0x0000000080c00000|100%| O|  |TAMS 0x0000000080c00000, 0x0000000080b00000| Untracked 
|  12|0x0000000080c00000, 0x0000000080d00000, 0x0000000080d00000|100%| O|  |TAMS 0x0000000080d00000, 0x0000000080c00000| Untracked 
|  13|0x0000000080d00000, 0x0000000080e00000, 0x0000000080e00000|100%| O|  |TAMS 0x0000000080e00000, 0x0000000080d00000| Untracked 
|  14|0x0000000080e00000, 0x0000000080f00000, 0x0000000080f00000|100%| O|  |TAMS 0x0000000080f00000, 0x0000000080e00000| Untracked 
|  15|0x0000000080f00000, 0x0000000081000000, 0x0000000081000000|100%| O|  |TAMS 0x0000000081000000, 0x0000000080f00000| Untracked 
|  16|0x0000000081000000, 0x0000000081100000, 0x0000000081100000|100%| O|  |TAMS 0x0000000081100000, 0x0000000081000000| Untracked 
|  17|0x0000000081100000, 0x0000000081200000, 0x0000000081200000|100%| O|  |TAMS 0x0000000081200000, 0x0000000081100000| Untracked 
|  18|0x0000000081200000, 0x0000000081300000, 0x0000000081300000|100%| O|  |TAMS 0x0000000081300000, 0x0000000081200000| Untracked 
|  19|0x0000000081300000, 0x0000000081400000, 0x0000000081400000|100%| O|  |TAMS 0x0000000081400000, 0x0000000081300000| Untracked 
|  20|0x0000000081400000, 0x0000000081400000, 0x0000000081500000|  0%| F|  |TAMS 0x0000000081400000, 0x0000000081400000| Untracked 
|  21|0x0000000081500000, 0x0000000081600000, 0x0000000081600000|100%| O|  |TAMS 0x0000000081600000, 0x0000000081500000| Untracked 
|  22|0x0000000081600000, 0x0000000081700000, 0x0000000081700000|100%| O|  |TAMS 0x0000000081700000, 0x0000000081600000| Untracked 
|  23|0x0000000081700000, 0x0000000081800000, 0x0000000081800000|100%| O|  |TAMS 0x0000000081800000, 0x0000000081700000| Untracked 
|  24|0x0000000081800000, 0x0000000081900000, 0x0000000081900000|100%| O|  |TAMS 0x0000000081900000, 0x0000000081800000| Untracked 
|  25|0x0000000081900000, 0x0000000081a00000, 0x0000000081a00000|100%| O|  |TAMS 0x0000000081a00000, 0x0000000081900000| Untracked 
|  26|0x0000000081a00000, 0x0000000081a00000, 0x0000000081b00000|  0%| F|  |TAMS 0x0000000081a00000, 0x0000000081a00000| Untracked 
|  27|0x0000000081b00000, 0x0000000081c00000, 0x0000000081c00000|100%|HS|  |TAMS 0x0000000081b00000, 0x0000000081b00000| Complete 
|  28|0x0000000081c00000, 0x0000000081d00000, 0x0000000081d00000|100%| O|  |TAMS 0x0000000081d00000, 0x0000000081c00000| Untracked 
|  29|0x0000000081d00000, 0x0000000081e00000, 0x0000000081e00000|100%| O|  |TAMS 0x0000000081e00000, 0x0000000081d00000| Untracked 
|  30|0x0000000081e00000, 0x0000000081f00000, 0x0000000081f00000|100%| O|  |TAMS 0x0000000081f00000, 0x0000000081e00000| Untracked 
|  31|0x0000000081f00000, 0x0000000082000000, 0x0000000082000000|100%| O|  |TAMS 0x0000000082000000, 0x0000000081f00000| Untracked 
|  32|0x0000000082000000, 0x0000000082100000, 0x0000000082100000|100%| O|  |TAMS 0x00000000820dcc00, 0x0000000082000000| Untracked 
|  33|0x0000000082100000, 0x0000000082200000, 0x0000000082200000|100%| O|  |TAMS 0x0000000082100000, 0x0000000082100000| Untracked 
|  34|0x0000000082200000, 0x0000000082300000, 0x0000000082300000|100%| O|  |TAMS 0x0000000082200000, 0x0000000082200000| Untracked 
|  35|0x0000000082300000, 0x0000000082400000, 0x0000000082400000|100%| O|  |TAMS 0x0000000082300000, 0x0000000082300000| Untracked 
|  36|0x0000000082400000, 0x0000000082500000, 0x0000000082500000|100%| O|  |TAMS 0x0000000082400000, 0x0000000082400000| Untracked 
|  37|0x0000000082500000, 0x0000000082600000, 0x0000000082600000|100%| O|  |TAMS 0x0000000082500000, 0x0000000082500000| Untracked 
|  38|0x0000000082600000, 0x0000000082600000, 0x0000000082700000|  0%| F|  |TAMS 0x0000000082600000, 0x0000000082600000| Untracked 
|  39|0x0000000082700000, 0x0000000082700000, 0x0000000082800000|  0%| F|  |TAMS 0x0000000082700000, 0x0000000082700000| Untracked 
|  40|0x0000000082800000, 0x0000000082800000, 0x0000000082900000|  0%| F|  |TAMS 0x0000000082800000, 0x0000000082800000| Untracked 
|  41|0x0000000082900000, 0x0000000082900000, 0x0000000082a00000|  0%| F|  |TAMS 0x0000000082900000, 0x0000000082900000| Untracked 
|  42|0x0000000082a00000, 0x0000000082a00000, 0x0000000082b00000|  0%| F|  |TAMS 0x0000000082a00000, 0x0000000082a00000| Untracked 
|  43|0x0000000082b00000, 0x0000000082b00000, 0x0000000082c00000|  0%| F|  |TAMS 0x0000000082b00000, 0x0000000082b00000| Untracked 
|  44|0x0000000082c00000, 0x0000000082c00000, 0x0000000082d00000|  0%| F|  |TAMS 0x0000000082c00000, 0x0000000082c00000| Untracked 
|  45|0x0000000082d00000, 0x0000000082d00000, 0x0000000082e00000|  0%| F|  |TAMS 0x0000000082d00000, 0x0000000082d00000| Untracked 
|  46|0x0000000082e00000, 0x0000000082e00000, 0x0000000082f00000|  0%| F|  |TAMS 0x0000000082e00000, 0x0000000082e00000| Untracked 
|  47|0x0000000082f00000, 0x0000000082f00000, 0x0000000083000000|  0%| F|  |TAMS 0x0000000082f00000, 0x0000000082f00000| Untracked 
|  48|0x0000000083000000, 0x0000000083000000, 0x0000000083100000|  0%| F|  |TAMS 0x0000000083000000, 0x0000000083000000| Untracked 
|  49|0x0000000083100000, 0x0000000083100000, 0x0000000083200000|  0%| F|  |TAMS 0x0000000083100000, 0x0000000083100000| Untracked 
|  50|0x0000000083200000, 0x0000000083200000, 0x0000000083300000|  0%| F|  |TAMS 0x0000000083200000, 0x0000000083200000| Untracked 
|  51|0x0000000083300000, 0x0000000083300000, 0x0000000083400000|  0%| F|  |TAMS 0x0000000083300000, 0x0000000083300000| Untracked 
|  52|0x0000000083400000, 0x0000000083400000, 0x0000000083500000|  0%| F|  |TAMS 0x0000000083400000, 0x0000000083400000| Untracked 
|  53|0x0000000083500000, 0x0000000083500000, 0x0000000083600000|  0%| F|  |TAMS 0x0000000083500000, 0x0000000083500000| Untracked 
|  54|0x0000000083600000, 0x0000000083600000, 0x0000000083700000|  0%| F|  |TAMS 0x0000000083600000, 0x0000000083600000| Untracked 
|  55|0x0000000083700000, 0x0000000083700000, 0x0000000083800000|  0%| F|  |TAMS 0x0000000083700000, 0x0000000083700000| Untracked 
|  56|0x0000000083800000, 0x0000000083800000, 0x0000000083900000|  0%| F|  |TAMS 0x0000000083800000, 0x0000000083800000| Untracked 
|  57|0x0000000083900000, 0x0000000083900000, 0x0000000083a00000|  0%| F|  |TAMS 0x0000000083900000, 0x0000000083900000| Untracked 
|  58|0x0000000083a00000, 0x0000000083a00000, 0x0000000083b00000|  0%| F|  |TAMS 0x0000000083a00000, 0x0000000083a00000| Untracked 
|  59|0x0000000083b00000, 0x0000000083b00000, 0x0000000083c00000|  0%| F|  |TAMS 0x0000000083b00000, 0x0000000083b00000| Untracked 
|  60|0x0000000083c00000, 0x0000000083c00000, 0x0000000083d00000|  0%| F|  |TAMS 0x0000000083c00000, 0x0000000083c00000| Untracked 
|  61|0x0000000083d00000, 0x0000000083d00000, 0x0000000083e00000|  0%| F|  |TAMS 0x0000000083d00000, 0x0000000083d00000| Untracked 
|  62|0x0000000083e00000, 0x0000000083e00000, 0x0000000083f00000|  0%| F|  |TAMS 0x0000000083e00000, 0x0000000083e00000| Untracked 
|  63|0x0000000083f00000, 0x0000000083f00000, 0x0000000084000000|  0%| F|  |TAMS 0x0000000083f00000, 0x0000000083f00000| Untracked 
|  64|0x0000000084000000, 0x0000000084000000, 0x0000000084100000|  0%| F|  |TAMS 0x0000000084000000, 0x0000000084000000| Untracked 
|  65|0x0000000084100000, 0x0000000084100000, 0x0000000084200000|  0%| F|  |TAMS 0x0000000084100000, 0x0000000084100000| Untracked 
|  66|0x0000000084200000, 0x0000000084200000, 0x0000000084300000|  0%| F|  |TAMS 0x0000000084200000, 0x0000000084200000| Untracked 
|  67|0x0000000084300000, 0x0000000084300000, 0x0000000084400000|  0%| F|  |TAMS 0x0000000084300000, 0x0000000084300000| Untracked 
|  68|0x0000000084400000, 0x0000000084400000, 0x0000000084500000|  0%| F|  |TAMS 0x0000000084400000, 0x0000000084400000| Untracked 
|  69|0x0000000084500000, 0x0000000084500000, 0x0000000084600000|  0%| F|  |TAMS 0x0000000084500000, 0x0000000084500000| Untracked 
|  70|0x0000000084600000, 0x0000000084600000, 0x0000000084700000|  0%| F|  |TAMS 0x0000000084600000, 0x0000000084600000| Untracked 
|  71|0x0000000084700000, 0x0000000084700000, 0x0000000084800000|  0%| F|  |TAMS 0x0000000084700000, 0x0000000084700000| Untracked 
|  72|0x0000000084800000, 0x0000000084800000, 0x0000000084900000|  0%| F|  |TAMS 0x0000000084800000, 0x0000000084800000| Untracked 
|  73|0x0000000084900000, 0x0000000084900000, 0x0000000084a00000|  0%| F|  |TAMS 0x0000000084900000, 0x0000000084900000| Untracked 
|  74|0x0000000084a00000, 0x0000000084a00000, 0x0000000084b00000|  0%| F|  |TAMS 0x0000000084a00000, 0x0000000084a00000| Untracked 
|  75|0x0000000084b00000, 0x0000000084b00000, 0x0000000084c00000|  0%| F|  |TAMS 0x0000000084b00000, 0x0000000084b00000| Untracked 
|  76|0x0000000084c00000, 0x0000000084c00000, 0x0000000084d00000|  0%| F|  |TAMS 0x0000000084c00000, 0x0000000084c00000| Untracked 
|  77|0x0000000084d00000, 0x0000000084d00000, 0x0000000084e00000|  0%| F|  |TAMS 0x0000000084d00000, 0x0000000084d00000| Untracked 
|  78|0x0000000084e00000, 0x0000000084f00000, 0x0000000084f00000|100%| S|CS|TAMS 0x0000000084e00000, 0x0000000084e00000| Complete 
|  79|0x0000000084f00000, 0x0000000085000000, 0x0000000085000000|100%| S|CS|TAMS 0x0000000084f00000, 0x0000000084f00000| Complete 
|  80|0x0000000085000000, 0x0000000085100000, 0x0000000085100000|100%| S|CS|TAMS 0x0000000085000000, 0x0000000085000000| Complete 
|  81|0x0000000085100000, 0x0000000085200000, 0x0000000085200000|100%| S|CS|TAMS 0x0000000085100000, 0x0000000085100000| Complete 
|  82|0x0000000085200000, 0x0000000085300000, 0x0000000085300000|100%| S|CS|TAMS 0x0000000085200000, 0x0000000085200000| Complete 
|  83|0x0000000085300000, 0x0000000085400000, 0x0000000085400000|100%| S|CS|TAMS 0x0000000085300000, 0x0000000085300000| Complete 
|  84|0x0000000085400000, 0x0000000085500000, 0x0000000085500000|100%| S|CS|TAMS 0x0000000085400000, 0x0000000085400000| Complete 
|  85|0x0000000085500000, 0x0000000085600000, 0x0000000085600000|100%| S|CS|TAMS 0x0000000085500000, 0x0000000085500000| Complete 
|  86|0x0000000085600000, 0x0000000085700000, 0x0000000085700000|100%| S|CS|TAMS 0x0000000085600000, 0x0000000085600000| Complete 
|  87|0x0000000085700000, 0x0000000085800000, 0x0000000085800000|100%| S|CS|TAMS 0x0000000085700000, 0x0000000085700000| Complete 
|  88|0x0000000085800000, 0x0000000085800000, 0x0000000085900000|  0%| F|  |TAMS 0x0000000085800000, 0x0000000085800000| Untracked 
|  89|0x0000000085900000, 0x0000000085900000, 0x0000000085a00000|  0%| F|  |TAMS 0x0000000085900000, 0x0000000085900000| Untracked 
|  90|0x0000000085a00000, 0x0000000085a00000, 0x0000000085b00000|  0%| F|  |TAMS 0x0000000085a00000, 0x0000000085a00000| Untracked 
|  91|0x0000000085b00000, 0x0000000085b00000, 0x0000000085c00000|  0%| F|  |TAMS 0x0000000085b00000, 0x0000000085b00000| Untracked 
|  92|0x0000000085c00000, 0x0000000085c00000, 0x0000000085d00000|  0%| F|  |TAMS 0x0000000085c00000, 0x0000000085c00000| Untracked 
|  93|0x0000000085d00000, 0x0000000085d00000, 0x0000000085e00000|  0%| F|  |TAMS 0x0000000085d00000, 0x0000000085d00000| Untracked 
|  94|0x0000000085e00000, 0x0000000085e00000, 0x0000000085f00000|  0%| F|  |TAMS 0x0000000085e00000, 0x0000000085e00000| Untracked 
|  95|0x0000000085f00000, 0x0000000085f00000, 0x0000000086000000|  0%| F|  |TAMS 0x0000000085f00000, 0x0000000085f00000| Untracked 
|  96|0x0000000086000000, 0x0000000086000000, 0x0000000086100000|  0%| F|  |TAMS 0x0000000086000000, 0x0000000086000000| Untracked 
|  97|0x0000000086100000, 0x0000000086100000, 0x0000000086200000|  0%| F|  |TAMS 0x0000000086100000, 0x0000000086100000| Untracked 
|  98|0x0000000086200000, 0x0000000086200000, 0x0000000086300000|  0%| F|  |TAMS 0x0000000086200000, 0x0000000086200000| Untracked 
|  99|0x0000000086300000, 0x0000000086300000, 0x0000000086400000|  0%| F|  |TAMS 0x0000000086300000, 0x0000000086300000| Untracked 
| 100|0x0000000086400000, 0x0000000086400000, 0x0000000086500000|  0%| F|  |TAMS 0x0000000086400000, 0x0000000086400000| Untracked 
| 101|0x0000000086500000, 0x0000000086500000, 0x0000000086600000|  0%| F|  |TAMS 0x0000000086500000, 0x0000000086500000| Untracked 
| 102|0x0000000086600000, 0x0000000086600000, 0x0000000086700000|  0%| F|  |TAMS 0x0000000086600000, 0x0000000086600000| Untracked 
| 103|0x0000000086700000, 0x0000000086700000, 0x0000000086800000|  0%| F|  |TAMS 0x0000000086700000, 0x0000000086700000| Untracked 
| 104|0x0000000086800000, 0x0000000086800000, 0x0000000086900000|  0%| F|  |TAMS 0x0000000086800000, 0x0000000086800000| Untracked 
| 105|0x0000000086900000, 0x0000000086900000, 0x0000000086a00000|  0%| F|  |TAMS 0x0000000086900000, 0x0000000086900000| Untracked 
| 106|0x0000000086a00000, 0x0000000086a00000, 0x0000000086b00000|  0%| F|  |TAMS 0x0000000086a00000, 0x0000000086a00000| Untracked 
| 107|0x0000000086b00000, 0x0000000086b00000, 0x0000000086c00000|  0%| F|  |TAMS 0x0000000086b00000, 0x0000000086b00000| Untracked 
| 108|0x0000000086c00000, 0x0000000086c00000, 0x0000000086d00000|  0%| F|  |TAMS 0x0000000086c00000, 0x0000000086c00000| Untracked 
| 109|0x0000000086d00000, 0x0000000086d00000, 0x0000000086e00000|  0%| F|  |TAMS 0x0000000086d00000, 0x0000000086d00000| Untracked 
| 110|0x0000000086e00000, 0x0000000086e00000, 0x0000000086f00000|  0%| F|  |TAMS 0x0000000086e00000, 0x0000000086e00000| Untracked 
| 111|0x0000000086f00000, 0x0000000086f00000, 0x0000000087000000|  0%| F|  |TAMS 0x0000000086f00000, 0x0000000086f00000| Untracked 
| 112|0x0000000087000000, 0x0000000087000000, 0x0000000087100000|  0%| F|  |TAMS 0x0000000087000000, 0x0000000087000000| Untracked 
| 113|0x0000000087100000, 0x0000000087100000, 0x0000000087200000|  0%| F|  |TAMS 0x0000000087100000, 0x0000000087100000| Untracked 
| 114|0x0000000087200000, 0x0000000087200000, 0x0000000087300000|  0%| F|  |TAMS 0x0000000087200000, 0x0000000087200000| Untracked 
| 115|0x0000000087300000, 0x0000000087300000, 0x0000000087400000|  0%| F|  |TAMS 0x0000000087300000, 0x0000000087300000| Untracked 
| 116|0x0000000087400000, 0x0000000087400000, 0x0000000087500000|  0%| F|  |TAMS 0x0000000087400000, 0x0000000087400000| Untracked 
| 117|0x0000000087500000, 0x0000000087500000, 0x0000000087600000|  0%| F|  |TAMS 0x0000000087500000, 0x0000000087500000| Untracked 
| 118|0x0000000087600000, 0x0000000087600000, 0x0000000087700000|  0%| F|  |TAMS 0x0000000087600000, 0x0000000087600000| Untracked 
| 119|0x0000000087700000, 0x0000000087700000, 0x0000000087800000|  0%| F|  |TAMS 0x0000000087700000, 0x0000000087700000| Untracked 
| 120|0x0000000087800000, 0x0000000087800000, 0x0000000087900000|  0%| F|  |TAMS 0x0000000087800000, 0x0000000087800000| Untracked 
| 121|0x0000000087900000, 0x0000000087900000, 0x0000000087a00000|  0%| F|  |TAMS 0x0000000087900000, 0x0000000087900000| Untracked 
| 122|0x0000000087a00000, 0x0000000087a00000, 0x0000000087b00000|  0%| F|  |TAMS 0x0000000087a00000, 0x0000000087a00000| Untracked 
| 123|0x0000000087b00000, 0x0000000087b00000, 0x0000000087c00000|  0%| F|  |TAMS 0x0000000087b00000, 0x0000000087b00000| Untracked 
| 124|0x0000000087c00000, 0x0000000087c00000, 0x0000000087d00000|  0%| F|  |TAMS 0x0000000087c00000, 0x0000000087c00000| Untracked 
| 125|0x0000000087d00000, 0x0000000087d00000, 0x0000000087e00000|  0%| F|  |TAMS 0x0000000087d00000, 0x0000000087d00000| Untracked 
| 126|0x0000000087e00000, 0x0000000087e00000, 0x0000000087f00000|  0%| F|  |TAMS 0x0000000087e00000, 0x0000000087e00000| Untracked 
| 127|0x0000000087f00000, 0x0000000087f00000, 0x0000000088000000|  0%| F|  |TAMS 0x0000000087f00000, 0x0000000087f00000| Untracked 
| 128|0x0000000088000000, 0x0000000088000000, 0x0000000088100000|  0%| F|  |TAMS 0x0000000088000000, 0x0000000088000000| Untracked 
| 129|0x0000000088100000, 0x0000000088100000, 0x0000000088200000|  0%| F|  |TAMS 0x0000000088100000, 0x0000000088100000| Untracked 
| 130|0x0000000088200000, 0x0000000088200000, 0x0000000088300000|  0%| F|  |TAMS 0x0000000088200000, 0x0000000088200000| Untracked 
| 131|0x0000000088300000, 0x0000000088300000, 0x0000000088400000|  0%| F|  |TAMS 0x0000000088300000, 0x0000000088300000| Untracked 
| 132|0x0000000088400000, 0x0000000088400000, 0x0000000088500000|  0%| F|  |TAMS 0x0000000088400000, 0x0000000088400000| Untracked 
| 133|0x0000000088500000, 0x0000000088500000, 0x0000000088600000|  0%| F|  |TAMS 0x0000000088500000, 0x0000000088500000| Untracked 
| 134|0x0000000088600000, 0x0000000088600000, 0x0000000088700000|  0%| F|  |TAMS 0x0000000088600000, 0x0000000088600000| Untracked 
| 135|0x0000000088700000, 0x0000000088700000, 0x0000000088800000|  0%| F|  |TAMS 0x0000000088700000, 0x0000000088700000| Untracked 
| 136|0x0000000088800000, 0x0000000088800000, 0x0000000088900000|  0%| F|  |TAMS 0x0000000088800000, 0x0000000088800000| Untracked 
| 137|0x0000000088900000, 0x0000000088900000, 0x0000000088a00000|  0%| F|  |TAMS 0x0000000088900000, 0x0000000088900000| Untracked 
| 138|0x0000000088a00000, 0x0000000088a4fde8, 0x0000000088b00000| 31%| E|  |TAMS 0x0000000088a00000, 0x0000000088a00000| Complete 
| 139|0x0000000088b00000, 0x0000000088c00000, 0x0000000088c00000|100%| E|CS|TAMS 0x0000000088b00000, 0x0000000088b00000| Complete 
| 140|0x0000000088c00000, 0x0000000088d00000, 0x0000000088d00000|100%| E|CS|TAMS 0x0000000088c00000, 0x0000000088c00000| Complete 
| 141|0x0000000088d00000, 0x0000000088e00000, 0x0000000088e00000|100%| E|CS|TAMS 0x0000000088d00000, 0x0000000088d00000| Complete 
| 142|0x0000000088e00000, 0x0000000088f00000, 0x0000000088f00000|100%| E|CS|TAMS 0x0000000088e00000, 0x0000000088e00000| Complete 
| 143|0x0000000088f00000, 0x0000000089000000, 0x0000000089000000|100%| E|CS|TAMS 0x0000000088f00000, 0x0000000088f00000| Complete 
| 144|0x0000000089000000, 0x0000000089100000, 0x0000000089100000|100%| E|CS|TAMS 0x0000000089000000, 0x0000000089000000| Complete 
| 145|0x0000000089100000, 0x0000000089200000, 0x0000000089200000|100%| E|CS|TAMS 0x0000000089100000, 0x0000000089100000| Complete 
| 146|0x0000000089200000, 0x0000000089300000, 0x0000000089300000|100%| E|CS|TAMS 0x0000000089200000, 0x0000000089200000| Complete 
| 147|0x0000000089300000, 0x0000000089400000, 0x0000000089400000|100%| E|CS|TAMS 0x0000000089300000, 0x0000000089300000| Complete 
| 148|0x0000000089400000, 0x0000000089500000, 0x0000000089500000|100%| E|CS|TAMS 0x0000000089400000, 0x0000000089400000| Complete 
| 149|0x0000000089500000, 0x0000000089600000, 0x0000000089600000|100%| E|CS|TAMS 0x0000000089500000, 0x0000000089500000| Complete 
| 150|0x0000000089600000, 0x0000000089700000, 0x0000000089700000|100%| E|CS|TAMS 0x0000000089600000, 0x0000000089600000| Complete 
| 151|0x0000000089700000, 0x0000000089800000, 0x0000000089800000|100%| E|CS|TAMS 0x0000000089700000, 0x0000000089700000| Complete 
| 152|0x0000000089800000, 0x0000000089900000, 0x0000000089900000|100%| E|CS|TAMS 0x0000000089800000, 0x0000000089800000| Complete 
| 153|0x0000000089900000, 0x0000000089a00000, 0x0000000089a00000|100%| E|CS|TAMS 0x0000000089900000, 0x0000000089900000| Complete 

Card table byte_map: [0x000001d223840000,0x000001d223c40000] _byte_map_base: 0x000001d223440000

Marking Bits (Prev, Next): (CMBitMap*) 0x000001d20c9c5480, (CMBitMap*) 0x000001d20c9c5448
 Prev Bits: [0x000001d226040000, 0x000001d228040000)
 Next Bits: [0x000001d224040000, 0x000001d226040000)

Polling page: 0x000001d20b060000

Metaspace:

Usage:
  Non-class:     38.67 MB capacity,    38.16 MB ( 99%) used,   449.55 KB (  1%) free+waste,    74.94 KB ( <1%) overhead. 
      Class:      4.77 MB capacity,     4.44 MB ( 93%) used,   307.23 KB (  6%) free+waste,    31.25 KB ( <1%) overhead. 
       Both:     43.44 MB capacity,    42.60 MB ( 98%) used,   756.77 KB (  2%) free+waste,   106.19 KB ( <1%) overhead. 

Virtual space:
  Non-class space:       40.00 MB reserved,      38.83 MB ( 97%) committed 
      Class space:        1.00 GB reserved,       4.88 MB ( <1%) committed 
             Both:        1.04 GB reserved,      43.70 MB (  4%) committed 

Chunk freelists:
   Non-Class:  3.75 KB
       Class:  1.50 KB
        Both:  5.25 KB

CodeHeap 'non-profiled nmethods': size=120064Kb used=4031Kb max_used=4031Kb free=116032Kb
 bounds [0x000001d21bb00000, 0x000001d21bef0000, 0x000001d223040000]
CodeHeap 'profiled nmethods': size=120000Kb used=19400Kb max_used=19400Kb free=100599Kb
 bounds [0x000001d2145d0000, 0x000001d2158d0000, 0x000001d21bb00000]
CodeHeap 'non-nmethods': size=5696Kb used=1201Kb max_used=1232Kb free=4494Kb
 bounds [0x000001d214040000, 0x000001d2142b0000, 0x000001d2145d0000]
 total_blobs=8536 nmethods=7982 adapters=463
 compilation: enabled
              stopped_count=0, restarted_count=0
 full_count=0

Compilation events (10 events):
Event: 54.002 Thread 0x000001d22a478800 nmethod 8001 0x000001d2158bdf90 code [0x000001d2158be2e0, 0x000001d2158bf728]
Event: 56.061 Thread 0x000001d22a478800 8002       3       java.util.concurrent.locks.ReentrantLock::lockInterruptibly (9 bytes)
Event: 56.062 Thread 0x000001d22a478800 nmethod 8002 0x000001d2158bfd90 code [0x000001d2158bff80, 0x000001d2158c03d8]
Event: 56.062 Thread 0x000001d22a478800 8003       3       java.util.concurrent.locks.AbstractQueuedSynchronizer::acquireInterruptibly (28 bytes)
Event: 56.062 Thread 0x000001d22a478800 nmethod 8003 0x000001d2158c0590 code [0x000001d2158c0780, 0x000001d2158c0b58]
Event: 56.259 Thread 0x000001d22a478800 8004       3       java.util.concurrent.locks.AbstractQueuedSynchronizer$ConditionObject::signal (33 bytes)
Event: 56.260 Thread 0x000001d22a478800 nmethod 8004 0x000001d2158c0c90 code [0x000001d2158c0e60, 0x000001d2158c1188]
Event: 57.267 Thread 0x000001d22a470800 8005 % !   4       java.io.BufferedReader::readLine @ 131 (304 bytes)
Event: 57.273 Thread 0x000001d22a478800 8006   !   3       jdk.internal.loader.URLClassPath$JarLoader::getResource (65 bytes)
Event: 57.274 Thread 0x000001d22a478800 nmethod 8006 0x000001d2158c1290 code [0x000001d2158c14e0, 0x000001d2158c1ec8]

GC Heap History (10 events):
Event: 39.778 GC heap before
{Heap before GC invocations=9 (full 0):
 garbage-first heap   total 157696K, used 82203K [0x0000000080000000, 0x0000000100000000)
  region size 1024K, 68 young (69632K), 5 survivors (5120K)
 Metaspace       used 29675K, capacity 30083K, committed 30384K, reserved 1077248K
  class space    used 3132K, capacity 3277K, committed 3328K, reserved 1048576K
}
Event: 39.805 GC heap after
{Heap after GC invocations=10 (full 0):
 garbage-first heap   total 157696K, used 24576K [0x0000000080000000, 0x0000000100000000)
  region size 1024K, 9 young (9216K), 9 survivors (9216K)
 Metaspace       used 29675K, capacity 30083K, committed 30384K, reserved 1077248K
  class space    used 3132K, capacity 3277K, committed 3328K, reserved 1048576K
}
Event: 42.206 GC heap before
{Heap before GC invocations=10 (full 0):
 garbage-first heap   total 157696K, used 95232K [0x0000000080000000, 0x0000000100000000)
  region size 1024K, 78 young (79872K), 9 survivors (9216K)
 Metaspace       used 31619K, capacity 32243K, committed 32432K, reserved 1079296K
  class space    used 3294K, capacity 3530K, committed 3584K, reserved 1048576K
}
Event: 42.237 GC heap after
{Heap after GC invocations=11 (full 0):
 garbage-first heap   total 157696K, used 29456K [0x0000000080000000, 0x0000000100000000)
  region size 1024K, 10 young (10240K), 10 survivors (10240K)
 Metaspace       used 31619K, capacity 32243K, committed 32432K, reserved 1079296K
  class space    used 3294K, capacity 3530K, committed 3584K, reserved 1048576K
}
Event: 43.691 GC heap before
{Heap before GC invocations=11 (full 0):
 garbage-first heap   total 157696K, used 40720K [0x0000000080000000, 0x0000000100000000)
  region size 1024K, 21 young (21504K), 10 survivors (10240K)
 Metaspace       used 35215K, capacity 35772K, committed 35920K, reserved 1081344K
  class space    used 3762K, capacity 3987K, committed 4096K, reserved 1048576K
}
Event: 43.712 GC heap after
{Heap after GC invocations=12 (full 0):
 garbage-first heap   total 157696K, used 30584K [0x0000000080000000, 0x0000000100000000)
  region size 1024K, 6 young (6144K), 6 survivors (6144K)
 Metaspace       used 35215K, capacity 35772K, committed 35920K, reserved 1081344K
  class space    used 3762K, capacity 3987K, committed 4096K, reserved 1048576K
}
Event: 47.292 GC heap before
{Heap before GC invocations=13 (full 0):
 garbage-first heap   total 157696K, used 105336K [0x0000000080000000, 0x0000000100000000)
  region size 1024K, 76 young (77824K), 6 survivors (6144K)
 Metaspace       used 41635K, capacity 42422K, committed 42704K, reserved 1087488K
  class space    used 4378K, capacity 4709K, committed 4736K, reserved 1048576K
}
Event: 47.324 GC heap after
{Heap after GC invocations=14 (full 0):
 garbage-first heap   total 157696K, used 41843K [0x0000000080000000, 0x0000000100000000)
  region size 1024K, 10 young (10240K), 10 survivors (10240K)
 Metaspace       used 41635K, capacity 42422K, committed 42704K, reserved 1087488K
  class space    used 4378K, capacity 4709K, committed 4736K, reserved 1048576K
}
Event: 49.208 GC heap before
{Heap before GC invocations=15 (full 0):
 garbage-first heap   total 157696K, used 111475K [0x0000000080000000, 0x0000000100000000)
  region size 1024K, 76 young (77824K), 10 survivors (10240K)
 Metaspace       used 42855K, capacity 43675K, committed 43856K, reserved 1089536K
  class space    used 4467K, capacity 4783K, committed 4864K, reserved 1048576K
}
Event: 49.235 GC heap after
{Heap after GC invocations=16 (full 0):
 garbage-first heap   total 157696K, used 47104K [0x0000000080000000, 0x0000000100000000)
  region size 1024K, 10 young (10240K), 10 survivors (10240K)
 Metaspace       used 42855K, capacity 43675K, committed 43856K, reserved 1089536K
  class space    used 4467K, capacity 4783K, committed 4864K, reserved 1048576K
}

Deoptimization events (10 events):
Event: 49.541 Thread 0x000001d20c987000 Uncommon trap: reason=class_check action=maybe_recompile pc=0x000001d21bc98404 method=java.util.Collections$UnmodifiableMap$UnmodifiableEntrySet$UnmodifiableEntry.getValue()Ljava/lang/Object; @ 4 c2
Event: 49.541 Thread 0x000001d20c987000 Uncommon trap: reason=class_check action=maybe_recompile pc=0x000001d21bc39e10 method=java.util.Collections$UnmodifiableMap$UnmodifiableEntrySet$1.hasNext()Z @ 4 c2
Event: 49.541 Thread 0x000001d20c987000 Uncommon trap: reason=class_check action=maybe_recompile pc=0x000001d21bc53e84 method=java.util.Collections$UnmodifiableMap$UnmodifiableEntrySet$1.next()Ljava/util/Map$Entry; @ 8 c2
Event: 49.541 Thread 0x000001d20c987000 Uncommon trap: reason=class_check action=maybe_recompile pc=0x000001d21bc76404 method=java.util.Collections$UnmodifiableMap$UnmodifiableEntrySet$UnmodifiableEntry.getKey()Ljava/lang/Object; @ 4 c2
Event: 49.541 Thread 0x000001d20c987000 Uncommon trap: reason=class_check action=maybe_recompile pc=0x000001d21bc98404 method=java.util.Collections$UnmodifiableMap$UnmodifiableEntrySet$UnmodifiableEntry.getValue()Ljava/lang/Object; @ 4 c2
Event: 49.541 Thread 0x000001d20c987000 Uncommon trap: reason=class_check action=maybe_recompile pc=0x000001d21bc39e10 method=java.util.Collections$UnmodifiableMap$UnmodifiableEntrySet$1.hasNext()Z @ 4 c2
Event: 49.541 Thread 0x000001d20c987000 Uncommon trap: reason=class_check action=maybe_recompile pc=0x000001d21bc53e84 method=java.util.Collections$UnmodifiableMap$UnmodifiableEntrySet$1.next()Ljava/util/Map$Entry; @ 8 c2
Event: 49.541 Thread 0x000001d20c987000 Uncommon trap: reason=class_check action=maybe_recompile pc=0x000001d21bc76404 method=java.util.Collections$UnmodifiableMap$UnmodifiableEntrySet$UnmodifiableEntry.getKey()Ljava/lang/Object; @ 4 c2
Event: 49.541 Thread 0x000001d20c987000 Uncommon trap: reason=class_check action=maybe_recompile pc=0x000001d21bc98404 method=java.util.Collections$UnmodifiableMap$UnmodifiableEntrySet$UnmodifiableEntry.getValue()Ljava/lang/Object; @ 4 c2
Event: 50.512 Thread 0x000001d22c942000 Uncommon trap: reason=unstable_if action=reinterpret pc=0x000001d21bc104d4 method=java.io.BufferedReader.readLine(Z)Ljava/lang/String; @ 265 c2

Classes redefined (0 events):
No events

Internal exceptions (10 events):
Event: 48.546 Thread 0x000001d20c987000 Exception <a 'sun/nio/fs/WindowsException'{0x000000008726c2d8}> (0x000000008726c2d8) thrown at [./open/src/hotspot/share/prims/jni.cpp, line 611]
Event: 48.546 Thread 0x000001d20c987000 Exception <a 'sun/nio/fs/WindowsException'{0x000000008726c9f0}> (0x000000008726c9f0) thrown at [./open/src/hotspot/share/prims/jni.cpp, line 611]
Event: 48.566 Thread 0x000001d20c987000 Exception <a 'sun/nio/fs/WindowsException'{0x00000000872ee8d0}> (0x00000000872ee8d0) thrown at [./open/src/hotspot/share/prims/jni.cpp, line 611]
Event: 48.963 Thread 0x000001d20c987000 Exception <a 'java/lang/NoSuchMethodError'{0x000000008638f1b8}: org.apache.maven.execution.MavenExecutionRequest.getFailureBehavior()Ljava/lang/String;> (0x000000008638f1b8) thrown at [./open/src/hotspot/share/interpreter/linkResolver.cpp, line 864]
Event: 49.014 Thread 0x000001d22fc49000 Exception <a 'java/lang/NoSuchMethodError'{0x000000008629c370}: java.lang.invoke.DirectMethodHandle$Holder.invokeStaticInit(Ljava/lang/Object;Ljava/lang/Object;JLjava/lang/Object;)Ljava/lang/Object;> (0x000000008629c370) thrown at [./open/src/hotspot/shar
Event: 49.024 Thread 0x000001d22fc49000 Exception <a 'java/lang/NoSuchMethodError'{0x00000000862a8318}: java.lang.invoke.Invokers$Holder.linkToTargetMethod(Ljava/lang/Object;JLjava/lang/Object;)Ljava/lang/Object;> (0x00000000862a8318) thrown at [./open/src/hotspot/share/interpreter/linkResolver
Event: 49.565 Thread 0x000001d20c987000 Exception <a 'java/lang/NoSuchMethodError'{0x0000000088df84b8}: java.lang.invoke.DirectMethodHandle$Holder.invokeStatic(Ljava/lang/Object;J)V> (0x0000000088df84b8) thrown at [./open/src/hotspot/share/interpreter/linkResolver.cpp, line 772]
Event: 49.566 Thread 0x000001d20c987000 Exception <a 'java/lang/NoSuchMethodError'{0x0000000088dfd6c8}: java.lang.invoke.DirectMethodHandle$Holder.invokeStatic(Ljava/lang/Object;J)Ljava/lang/Object;> (0x0000000088dfd6c8) thrown at [./open/src/hotspot/share/interpreter/linkResolver.cpp, line 772
Event: 49.566 Thread 0x000001d20c987000 Exception <a 'java/lang/NoSuchMethodError'{0x0000000088c00e90}: java.lang.invoke.DirectMethodHandle$Holder.invokeSpecial(Ljava/lang/Object;Ljava/lang/Object;J)Ljava/lang/Object;> (0x0000000088c00e90) thrown at [./open/src/hotspot/share/interpreter/linkRes
Event: 49.567 Thread 0x000001d20c987000 Exception <a 'java/lang/NoSuchMethodError'{0x0000000088c03bf8}: java.lang.invoke.Invokers$Holder.linkToTargetMethod(JLjava/lang/Object;)Ljava/lang/Object;> (0x0000000088c03bf8) thrown at [./open/src/hotspot/share/interpreter/linkResolver.cpp, line 772]

Events (10 events):
Event: 51.357 Executing VM operation: RevokeBias done
Event: 51.358 Executing VM operation: RevokeBias
Event: 51.358 Executing VM operation: RevokeBias done
Event: 57.267 loading class org/apache/maven/plugin/surefire/booterclient/output/InPluginProcessDumpSingleton
Event: 57.267 loading class org/apache/maven/plugin/surefire/booterclient/output/InPluginProcessDumpSingleton done
Event: 57.268 loading class org/apache/maven/plugin/surefire/booterclient/output/InPluginProcessDumpSingleton
Event: 57.270 loading class org/apache/maven/plugin/surefire/booterclient/output/InPluginProcessDumpSingleton done
Event: 57.270 loading class org/apache/maven/plugin/surefire/booterclient/output/InPluginProcessDumpSingleton
Event: 57.270 loading class org/apache/maven/plugin/surefire/booterclient/output/InPluginProcessDumpSingleton done
Event: 57.280 loading class java/lang/Throwable$WrappedPrintWriter


Dynamic libraries:
0x00007ff6fe9f0000 - 0x00007ff6fe9ff000 	C:\Program Files\Java\jdk-11.0.16\bin\java.exe
0x00007ffae9f30000 - 0x00007ffaea128000 	C:\Windows\SYSTEM32\ntdll.dll
0x00007ffae8c30000 - 0x00007ffae8cef000 	C:\Windows\System32\KERNEL32.DLL
0x00007ffae7c30000 - 0x00007ffae7f02000 	C:\Windows\System32\KERNELBASE.dll
0x00007ffae79a0000 - 0x00007ffae7aa0000 	C:\Windows\System32\ucrtbase.dll
0x00007ffad2f60000 - 0x00007ffad2f75000 	C:\Program Files\Java\jdk-11.0.16\bin\VCRUNTIME140.dll
0x00007ffad5d30000 - 0x00007ffad5d48000 	C:\Program Files\Java\jdk-11.0.16\bin\jli.dll
0x00007ffae9360000 - 0x00007ffae940e000 	C:\Windows\System32\ADVAPI32.dll
0x00007ffae97b0000 - 0x00007ffae984e000 	C:\Windows\System32\msvcrt.dll
0x00007ffae9150000 - 0x00007ffae91ec000 	C:\Windows\System32\sechost.dll
0x00007ffae91f0000 - 0x00007ffae9315000 	C:\Windows\System32\RPCRT4.dll
0x00007ffae98e0000 - 0x00007ffae9a7d000 	C:\Windows\System32\USER32.dll
0x00007ffae7af0000 - 0x00007ffae7b12000 	C:\Windows\System32\win32u.dll
0x00007ffae9320000 - 0x00007ffae934b000 	C:\Windows\System32\GDI32.dll
0x00007ffae7b20000 - 0x00007ffae7c2f000 	C:\Windows\System32\gdi32full.dll
0x00007ffae7630000 - 0x00007ffae76cd000 	C:\Windows\System32\msvcp_win.dll
0x00007ffad1f10000 - 0x00007ffad21aa000 	C:\Windows\WinSxS\amd64_microsoft.windows.common-controls_6595b64144ccf1df_6.0.19041.1110_none_60b5254171f9507e\COMCTL32.dll
0x00007ffae2030000 - 0x00007ffae203a000 	C:\Windows\SYSTEM32\VERSION.dll
0x00007ffae9770000 - 0x00007ffae97a2000 	C:\Windows\System32\IMM32.DLL
0x00007ffad2ec0000 - 0x00007ffad2f5b000 	C:\Program Files\Java\jdk-11.0.16\bin\msvcp140.dll
0x00007ffad13f0000 - 0x00007ffad1f08000 	C:\Program Files\Java\jdk-11.0.16\bin\server\jvm.dll
0x00007ffae9350000 - 0x00007ffae9358000 	C:\Windows\System32\PSAPI.DLL
0x00007ffad13e0000 - 0x00007ffad13e9000 	C:\Windows\SYSTEM32\WSOCK32.dll
0x00007ffadbc90000 - 0x00007ffadbcb7000 	C:\Windows\SYSTEM32\WINMM.dll
0x00007ffae90e0000 - 0x00007ffae914b000 	C:\Windows\System32\WS2_32.dll
0x00007ffae54d0000 - 0x00007ffae54e2000 	C:\Windows\SYSTEM32\kernel.appcore.dll
0x00007ffad13d0000 - 0x00007ffad13e0000 	C:\Program Files\Java\jdk-11.0.16\bin\verify.dll
0x00007ffae34b0000 - 0x00007ffae3694000 	C:\Windows\SYSTEM32\DBGHELP.DLL
0x00007ffae3800000 - 0x00007ffae382c000 	C:\Windows\SYSTEM32\dbgcore.DLL
0x00007ffae7910000 - 0x00007ffae7992000 	C:\Windows\System32\bcryptPrimitives.dll
0x00007ffad13a0000 - 0x00007ffad13c8000 	C:\Program Files\Java\jdk-11.0.16\bin\java.dll
0x00007ffad1390000 - 0x00007ffad139a000 	C:\Program Files\Java\jdk-11.0.16\bin\jimage.dll
0x00007ffad1370000 - 0x00007ffad1386000 	C:\Program Files\Java\jdk-11.0.16\bin\zip.dll
0x00007ffae8190000 - 0x00007ffae88d3000 	C:\Windows\System32\SHELL32.dll
0x00007ffae56d0000 - 0x00007ffae5e62000 	C:\Windows\SYSTEM32\windows.storage.dll
0x00007ffae9410000 - 0x00007ffae9764000 	C:\Windows\System32\combase.dll
0x00007ffae6ed0000 - 0x00007ffae6f00000 	C:\Windows\SYSTEM32\Wldp.dll
0x00007ffae89c0000 - 0x00007ffae8a6d000 	C:\Windows\System32\SHCORE.dll
0x00007ffae8da0000 - 0x00007ffae8df5000 	C:\Windows\System32\shlwapi.dll
0x00007ffae7570000 - 0x00007ffae758f000 	C:\Windows\SYSTEM32\profapi.dll
0x00007fface0e0000 - 0x00007fface0f9000 	C:\Program Files\Java\jdk-11.0.16\bin\net.dll
0x00007ffae13d0000 - 0x00007ffae14dc000 	C:\Windows\SYSTEM32\WINHTTP.dll
0x00007ffae6cb0000 - 0x00007ffae6d1a000 	C:\Windows\system32\mswsock.dll
0x00007fface0b0000 - 0x00007fface0c2000 	C:\Program Files\Java\jdk-11.0.16\bin\nio.dll
0x0000000069ac0000 - 0x0000000069ae4000 	C:\Program Files\apache-maven-3.8.6-bin\apache-maven-3.8.6\lib\jansi-native\Windows\x86_64\jansi.dll
0x00007ffacc3c0000 - 0x00007ffacc3e5000 	C:\Program Files\Java\jdk-11.0.16\bin\sunec.dll
0x00007ffae6f10000 - 0x00007ffae6f28000 	C:\Windows\SYSTEM32\CRYPTSP.dll
0x00007ffae65f0000 - 0x00007ffae6624000 	C:\Windows\system32\rsaenh.dll
0x00007ffae76d0000 - 0x00007ffae76f7000 	C:\Windows\System32\bcrypt.dll
0x00007ffae7530000 - 0x00007ffae755e000 	C:\Windows\SYSTEM32\USERENV.dll
0x00007ffae6e40000 - 0x00007ffae6e4c000 	C:\Windows\SYSTEM32\CRYPTBASE.dll
0x00007ffae69c0000 - 0x00007ffae69fb000 	C:\Windows\SYSTEM32\IPHLPAPI.DLL
0x00007ffae8a70000 - 0x00007ffae8a78000 	C:\Windows\System32\NSI.dll
0x00007ffae3950000 - 0x00007ffae3967000 	C:\Windows\SYSTEM32\dhcpcsvc6.DLL
0x00007ffae3900000 - 0x00007ffae391d000 	C:\Windows\SYSTEM32\dhcpcsvc.DLL
0x00007ffae6a00000 - 0x00007ffae6aca000 	C:\Windows\SYSTEM32\DNSAPI.dll
0x00007ffadedf0000 - 0x00007ffadedfa000 	C:\Windows\System32\rasadhlp.dll
0x00007ffae18b0000 - 0x00007ffae1930000 	C:\Windows\System32\fwpuclnt.dll
0x00007ffacc3b0000 - 0x00007ffacc3bd000 	C:\Program Files\Java\jdk-11.0.16\bin\sunmscapi.dll
0x00007ffae7700000 - 0x00007ffae7856000 	C:\Windows\System32\CRYPT32.dll
0x00007ffae7020000 - 0x00007ffae7047000 	C:\Windows\SYSTEM32\ncrypt.dll
0x00007ffae6fe0000 - 0x00007ffae701b000 	C:\Windows\SYSTEM32\NTASN1.dll

dbghelp: loaded successfully - version: 4.0.5 - missing functions: none
symbol engine: initialized successfully - sym options: 0x614 - pdb path: .;C:\Program Files\Java\jdk-11.0.16\bin;C:\Windows\SYSTEM32;C:\Windows\WinSxS\amd64_microsoft.windows.common-controls_6595b64144ccf1df_6.0.19041.1110_none_60b5254171f9507e;C:\Program Files\Java\jdk-11.0.16\bin\server;C:\Program Files\apache-maven-3.8.6-bin\apache-maven-3.8.6\lib\jansi-native\Windows\x86_64

VM Arguments:
jvm_args: -Dclassworlds.conf=C:\Program Files\apache-maven-3.8.6-bin\apache-maven-3.8.6\bin\m2.conf -Dmaven.home=C:\Program Files\apache-maven-3.8.6-bin\apache-maven-3.8.6 -Dlibrary.jansi.path=C:\Program Files\apache-maven-3.8.6-bin\apache-maven-3.8.6\lib\jansi-native -Dmaven.multiModuleProjectDirectory=C:\Users\sfjbs\java\FlightBooking 
java_command: org.codehaus.plexus.classworlds.launcher.Launcher clean verify sonar:sonar \
java_class_path (initial): C:\Program Files\apache-maven-3.8.6-bin\apache-maven-3.8.6\boot\plexus-classworlds-2.6.0.jar
Launcher Type: SUN_STANDARD

[Global flags]
     intx CICompilerCount                          = 2                                         {product} {ergonomic}
     uint ConcGCThreads                            = 1                                         {product} {ergonomic}
     uint G1ConcRefinementThreads                  = 2                                         {product} {ergonomic}
   size_t G1HeapRegionSize                         = 1048576                                   {product} {ergonomic}
    uintx GCDrainStackTargetSize                   = 64                                        {product} {ergonomic}
   size_t InitialHeapSize                          = 134217728                                 {product} {ergonomic}
   size_t MarkStackSize                            = 4194304                                   {product} {ergonomic}
   size_t MaxHeapSize                              = 2147483648                                {product} {ergonomic}
   size_t MaxNewSize                               = 1287651328                                {product} {ergonomic}
   size_t MinHeapDeltaBytes                        = 1048576                                   {product} {ergonomic}
    uintx NonNMethodCodeHeapSize                   = 5825164                                {pd product} {ergonomic}
    uintx NonProfiledCodeHeapSize                  = 122916538                              {pd product} {ergonomic}
    uintx ProfiledCodeHeapSize                     = 122916538                              {pd product} {ergonomic}
    uintx ReservedCodeCacheSize                    = 251658240                              {pd product} {ergonomic}
     bool SegmentedCodeCache                       = true                                      {product} {ergonomic}
     bool UseCompressedClassPointers               = true                                 {lp64_product} {ergonomic}
     bool UseCompressedOops                        = true                                 {lp64_product} {ergonomic}
     bool UseG1GC                                  = true                                      {product} {ergonomic}
     bool UseLargePagesIndividualAllocation        = false                                  {pd product} {ergonomic}

Logging:
Log output configuration:
 #0: stdout all=warning uptime,level,tags
 #1: stderr all=off uptime,level,tags

Environment Variables:
PATH=C:\Python310\Scripts\;C:\Python310\;C:\Program Files\Common Files\Oracle\Java\javapath;C:\Windows\system32;C:\Windows;C:\Windows\System32\Wbem;C:\Windows\System32\WindowsPowerShell\v1.0\;C:\Windows\System32\OpenSSH\;C:\Program Files\nodejs\;C:\ProgramData\chocolatey\bin;C:\Program Files\Docker\Docker\resources\bin;C:\ProgramData\DockerDesktop\version-bin;C:\Program Files\Git\cmd;C:\Program Files\PuTTY\;C:\Program Files\Java\jdk-11.0.16\bin;C:\Program Files\apache-maven-3.8.6-bin\apache-maven-3.8.6\bin;C:\Program Files\Amazon\AWSCLI\bin\;C:\Users\sfjbs\AppData\Local\Microsoft\WindowsApps;C:\Users\sfjbs\AppData\Roaming\npm;C:\Users\sfjbs\AppData\Local\Programs\Microsoft VS Code\bin;C:\Program Files\MongoDB\Server\5.0\bin;C:\Program Files\sonar-scanner-cli-4.7.0.2747-windows\sonar-scanner-4.7.0.2747-windows\bin;C:\Program Files\sonarqube-9.7.1.62043\sonarqube-9.7.1.62043\bin\windows-x86-64;
USERNAME=sfjbs
OS=Windows_NT
PROCESSOR_IDENTIFIER=Intel64 Family 6 Model 85 Stepping 7, GenuineIntel



---------------  S Y S T E M  ---------------

OS: Windows 10 , 64 bit Build 19041 (10.0.19041.2251)
Hyper-V role detected

CPU:total 2 (initial active 2) (1 cores per cpu, 2 threads per core) family 6 model 85 stepping 7 microcode 0xffffffff, cmov, cx8, fxsr, mmx, sse, sse2, sse3, ssse3, sse4.1, sse4.2, popcnt, avx, avx2, aes, clmul, erms, rtm, 3dnowpref, lzcnt, ht, tsc, bmi1, bmi2, adx, evex, fma

Memory: 4k page, system-wide physical 8190M (1204M free)
TotalPageFile size 10238M (AvailPageFile size 4M)
current process WorkingSet (physical memory assigned to process): 250M, peak: 268M
current process commit charge ("private bytes"): 305M, peak: 321M

vm_info: Java HotSpot(TM) 64-Bit Server VM (11.0.16+11-LTS-199) for windows-amd64 JRE (11.0.16+11-LTS-199), built on Jun 28 2022 08:23:17 by "mach5one" with MS VC++ 15.9 (VS2017)

END.
