#
# There is insufficient memory for the Java Runtime Environment to continue.
# Native memory allocation (malloc) failed to allocate 1787056 bytes for Chunk::new
# Possible reasons:
#   The system is out of physical RAM or swap space
#   The process is running with CompressedOops enabled, and the Java Heap may be blocking the growth of the native heap
# Possible solutions:
#   Reduce memory load on the system
#   Increase physical memory or swap space
#   Check if swap backing store is full
#   Decrease Java heap size (-Xmx/-Xms)
#   Decrease number of Java threads
#   Decrease Java thread stack sizes (-Xss)
#   Set larger code cache with -XX:ReservedCodeCacheSize=
#   JVM is running with Unscaled Compressed Oops mode in which the Java heap is
#     placed in the first 4GB address space. The Java Heap base address is the
#     maximum limit for the native heap growth. Please use -XX:HeapBaseMinAddress
#     to set the Java Heap base and to place the Java Heap above 4GB virtual address.
# This output file may be truncated or incomplete.
#
#  Out of Memory Error (./open/src/hotspot/share/memory/arena.cpp:197), pid=6464, tid=7700
#
# JRE version: Java(TM) SE Runtime Environment 18.9 (11.0.16+11) (build 11.0.16+11-LTS-199)
# Java VM: Java HotSpot(TM) 64-Bit Server VM 18.9 (11.0.16+11-LTS-199, mixed mode, tiered, compressed oops, g1 gc, windows-amd64)
# No core dump will be written. Minidumps are not enabled by default on client versions of Windows
#

---------------  S U M M A R Y ------------

Command Line: -Dclassworlds.conf=C:\Program Files\apache-maven-3.8.6-bin\apache-maven-3.8.6\bin\m2.conf -Dmaven.home=C:\Program Files\apache-maven-3.8.6-bin\apache-maven-3.8.6 -Dlibrary.jansi.path=C:\Program Files\apache-maven-3.8.6-bin\apache-maven-3.8.6\lib\jansi-native -Dmaven.multiModuleProjectDirectory=C:\Users\sfjbs\java\FlightBooking org.codehaus.plexus.classworlds.launcher.Launcher clean verify sonar:sonar -Dsonar.projectKey=sample-maven -Dsonar.host.url=http://localhost:9000 -Dsonar.login=sqp_927ac0e8eaeac072062dae7e5d17a86e5cab9dea

Host: Intel(R) Xeon(R) Platinum 8272CL CPU @ 2.60GHz, 2 cores, 7G,  Windows 10 , 64 bit Build 19041 (10.0.19041.2251)
Time: Tue Nov 15 06:18:19 2022 Coordinated Universal Time elapsed time: 7.864957 seconds (0d 0h 0m 7s)

---------------  T H R E A D  ---------------

Current thread (0x000001b89da39800):  JavaThread "C2 CompilerThread0" daemon [_thread_in_native, id=7700, stack(0x0000003644d00000,0x0000003644e00000)]


Current CompileTask:
C2:   7865 4162   !   4       jdk.internal.loader.BuiltinClassLoader::loadClassOrNull (143 bytes)

Stack: [0x0000003644d00000,0x0000003644e00000]
Native frames: (J=compiled Java code, j=interpreted, Vv=VM code, C=native code)
V  [jvm.dll+0x62a3ea]
V  [jvm.dll+0x76418f]
V  [jvm.dll+0x765839]
V  [jvm.dll+0x765ec3]
V  [jvm.dll+0x23da98]
V  [jvm.dll+0xb2a1c]
V  [jvm.dll+0xb2fdc]
V  [jvm.dll+0x341442]
V  [jvm.dll+0x30ec83]
V  [jvm.dll+0x30dfca]
V  [jvm.dll+0x1f84a5]
V  [jvm.dll+0x1f768d]
V  [jvm.dll+0x177c81]
V  [jvm.dll+0x207006]
V  [jvm.dll+0x20519b]
V  [jvm.dll+0x729fa0]
V  [jvm.dll+0x722b74]
V  [jvm.dll+0x629286]
C  [ucrtbase.dll+0x21bb2]
C  [KERNEL32.DLL+0x174b4]
C  [ntdll.dll+0x526a1]


---------------  P R O C E S S  ---------------

Threads class SMR info:
_java_thread_list=0x000001b89e512600, length=10, elements={
0x000001b8fb1b7800, 0x000001b89da25000, 0x000001b89da1b800, 0x000001b89da2f000,
0x000001b89da32000, 0x000001b89da34000, 0x000001b89da39800, 0x000001b89da42800,
0x000001b89e3fe800, 0x000001b89e546000
}

Java Threads: ( => current thread )
  0x000001b8fb1b7800 JavaThread "main" [_thread_blocked, id=4260, stack(0x0000003644100000,0x0000003644200000)]
  0x000001b89da25000 JavaThread "Reference Handler" daemon [_thread_blocked, id=8360, stack(0x0000003644800000,0x0000003644900000)]
  0x000001b89da1b800 JavaThread "Finalizer" daemon [_thread_blocked, id=12784, stack(0x0000003644900000,0x0000003644a00000)]
  0x000001b89da2f000 JavaThread "Signal Dispatcher" daemon [_thread_blocked, id=8956, stack(0x0000003644a00000,0x0000003644b00000)]
  0x000001b89da32000 JavaThread "Attach Listener" daemon [_thread_blocked, id=2732, stack(0x0000003644b00000,0x0000003644c00000)]
  0x000001b89da34000 JavaThread "Service Thread" daemon [_thread_blocked, id=12620, stack(0x0000003644c00000,0x0000003644d00000)]
=>0x000001b89da39800 JavaThread "C2 CompilerThread0" daemon [_thread_in_native, id=7700, stack(0x0000003644d00000,0x0000003644e00000)]
  0x000001b89da42800 JavaThread "C1 CompilerThread0" daemon [_thread_blocked, id=11972, stack(0x0000003644e00000,0x0000003644f00000)]
  0x000001b89e3fe800 JavaThread "Sweeper thread" daemon [_thread_blocked, id=2172, stack(0x0000003644f00000,0x0000003645000000)]
  0x000001b89e546000 JavaThread "Common-Cleaner" daemon [_thread_blocked, id=11340, stack(0x0000003645100000,0x0000003645200000)]

Other Threads:
  0x000001b89da12000 VMThread "VM Thread" [stack: 0x0000003644700000,0x0000003644800000] [id=9580]
  0x000001b89e541800 WatcherThread [stack: 0x0000003645000000,0x0000003645100000] [id=11060]
  0x000001b8fb1cd000 GCTaskThread "GC Thread#0" [stack: 0x0000003644200000,0x0000003644300000] [id=12312]
  0x000001b89eb8e800 GCTaskThread "GC Thread#1" [stack: 0x0000003645200000,0x0000003645300000] [id=9664]
  0x000001b8fb204000 ConcurrentGCThread "G1 Main Marker" [stack: 0x0000003644300000,0x0000003644400000] [id=11496]
  0x000001b8fb205800 ConcurrentGCThread "G1 Conc#0" [stack: 0x0000003644400000,0x0000003644500000] [id=11624]
  0x000001b8fb291000 ConcurrentGCThread "G1 Refine#0" [stack: 0x0000003644500000,0x0000003644600000] [id=12556]
  0x000001b8fb292000 ConcurrentGCThread "G1 Young RemSet Sampling" [stack: 0x0000003644600000,0x0000003644700000] [id=11880]

Threads with active compile tasks:
C2 CompilerThread0     7885 4162   !   4       jdk.internal.loader.BuiltinClassLoader::loadClassOrNull (143 bytes)

VM state:at safepoint (normal execution)

VM Mutex/Monitor currently owned by a thread:  ([mutex/lock_event])
[0x000001b8fb1b3d50] Threads_lock - owner thread: 0x000001b89da12000
[0x000001b8fb1b4650] Heap_lock - owner thread: 0x000001b8fb1b7800

Heap address: 0x0000000080000000, size: 2048 MB, Compressed Oops mode: 32-bit
Narrow klass base: 0x0000000000000000, Narrow klass shift: 3
Compressed class space size: 1073741824 Address: 0x0000000100000000

Heap:
 garbage-first heap   total 221184K, used 41208K [0x0000000080000000, 0x0000000100000000)
  region size 1024K, 19 young (19456K), 7 survivors (7168K)
 Metaspace       used 29651K, capacity 30252K, committed 30336K, reserved 1083392K
  class space    used 3161K, capacity 3395K, committed 3456K, reserved 1048576K
Heap Regions: E=young(eden), S=young(survivor), O=old, HS=humongous(starts), HC=humongous(continues), CS=collection set, F=free, A=archive, TAMS=top-at-mark-start (previous, next)
|   0|0x0000000080000000, 0x0000000080100000, 0x0000000080100000|100%| O|  |TAMS 0x0000000080100000, 0x0000000080100000| Untracked 
|   1|0x0000000080100000, 0x0000000080200000, 0x0000000080200000|100%| O|  |TAMS 0x0000000080200000, 0x0000000080200000| Untracked 
|   2|0x0000000080200000, 0x0000000080300000, 0x0000000080300000|100%| O|  |TAMS 0x0000000080300000, 0x0000000080300000| Untracked 
|   3|0x0000000080300000, 0x0000000080400000, 0x0000000080400000|100%| O|  |TAMS 0x0000000080400000, 0x0000000080400000| Untracked 
|   4|0x0000000080400000, 0x0000000080500000, 0x0000000080500000|100%| O|  |TAMS 0x0000000080500000, 0x0000000080500000| Untracked 
|   5|0x0000000080500000, 0x0000000080600000, 0x0000000080600000|100%| O|  |TAMS 0x0000000080600000, 0x0000000080600000| Untracked 
|   6|0x0000000080600000, 0x0000000080700000, 0x0000000080700000|100%| O|  |TAMS 0x0000000080700000, 0x0000000080700000| Untracked 
|   7|0x0000000080700000, 0x0000000080800000, 0x0000000080800000|100%| O|  |TAMS 0x0000000080800000, 0x0000000080800000| Untracked 
|   8|0x0000000080800000, 0x0000000080900000, 0x0000000080900000|100%| O|  |TAMS 0x0000000080900000, 0x0000000080900000| Untracked 
|   9|0x0000000080900000, 0x0000000080a00000, 0x0000000080a00000|100%| O|  |TAMS 0x0000000080a00000, 0x0000000080a00000| Untracked 
|  10|0x0000000080a00000, 0x0000000080b00000, 0x0000000080b00000|100%| O|  |TAMS 0x0000000080b00000, 0x0000000080b00000| Untracked 
|  11|0x0000000080b00000, 0x0000000080c00000, 0x0000000080c00000|100%| O|  |TAMS 0x0000000080c00000, 0x0000000080c00000| Untracked 
|  12|0x0000000080c00000, 0x0000000080d00000, 0x0000000080d00000|100%| O|  |TAMS 0x0000000080d00000, 0x0000000080d00000| Untracked 
|  13|0x0000000080d00000, 0x0000000080e00000, 0x0000000080e00000|100%| O|  |TAMS 0x0000000080e00000, 0x0000000080e00000| Untracked 
|  14|0x0000000080e00000, 0x0000000080f00000, 0x0000000080f00000|100%| O|  |TAMS 0x0000000080f00000, 0x0000000080f00000| Untracked 
|  15|0x0000000080f00000, 0x0000000081000000, 0x0000000081000000|100%| O|  |TAMS 0x0000000081000000, 0x0000000081000000| Untracked 
|  16|0x0000000081000000, 0x0000000081100000, 0x0000000081100000|100%| O|  |TAMS 0x0000000081100000, 0x0000000081100000| Untracked 
|  17|0x0000000081100000, 0x0000000081200000, 0x0000000081200000|100%| O|  |TAMS 0x0000000081200000, 0x0000000081200000| Untracked 
|  18|0x0000000081200000, 0x0000000081300000, 0x0000000081300000|100%| O|  |TAMS 0x000000008128de00, 0x0000000081300000| Untracked 
|  19|0x0000000081300000, 0x0000000081400000, 0x0000000081400000|100%| O|  |TAMS 0x0000000081300000, 0x0000000081400000| Untracked 
|  20|0x0000000081400000, 0x0000000081500000, 0x0000000081500000|100%| O|  |TAMS 0x0000000081400000, 0x0000000081500000| Untracked 
|  21|0x0000000081500000, 0x0000000081600000, 0x0000000081600000|100%| O|  |TAMS 0x0000000081500000, 0x0000000081600000| Untracked 
|  22|0x0000000081600000, 0x0000000081700000, 0x0000000081700000|100%| O|  |TAMS 0x0000000081600000, 0x0000000081700000| Untracked 
|  23|0x0000000081700000, 0x000000008173e200, 0x0000000081800000| 24%| O|  |TAMS 0x0000000081700000, 0x0000000081800000| Untracked 
|  24|0x0000000081800000, 0x0000000081900000, 0x0000000081900000|100%|HS|  |TAMS 0x0000000081800000, 0x0000000081900000| Complete 
|  25|0x0000000081900000, 0x0000000081a00000, 0x0000000081a00000|100%|HS|  |TAMS 0x0000000081900000, 0x0000000081a00000| Complete 
|  26|0x0000000081a00000, 0x0000000081a00000, 0x0000000081b00000|  0%| F|  |TAMS 0x0000000081a00000, 0x0000000081a00000| Untracked 
|  27|0x0000000081b00000, 0x0000000081b00000, 0x0000000081c00000|  0%| F|  |TAMS 0x0000000081b00000, 0x0000000081b00000| Untracked 
|  28|0x0000000081c00000, 0x0000000081c00000, 0x0000000081d00000|  0%| F|  |TAMS 0x0000000081c00000, 0x0000000081c00000| Untracked 
|  29|0x0000000081d00000, 0x0000000081d00000, 0x0000000081e00000|  0%| F|  |TAMS 0x0000000081d00000, 0x0000000081d00000| Untracked 
|  30|0x0000000081e00000, 0x0000000081e00000, 0x0000000081f00000|  0%| F|  |TAMS 0x0000000081e00000, 0x0000000081e00000| Untracked 
|  31|0x0000000081f00000, 0x0000000081f00000, 0x0000000082000000|  0%| F|  |TAMS 0x0000000081f00000, 0x0000000081f00000| Untracked 
|  32|0x0000000082000000, 0x0000000082000000, 0x0000000082100000|  0%| F|  |TAMS 0x0000000082000000, 0x0000000082000000| Untracked 
|  33|0x0000000082100000, 0x0000000082100000, 0x0000000082200000|  0%| F|  |TAMS 0x0000000082100000, 0x0000000082100000| Untracked 
|  34|0x0000000082200000, 0x0000000082200000, 0x0000000082300000|  0%| F|  |TAMS 0x0000000082200000, 0x0000000082200000| Untracked 
|  35|0x0000000082300000, 0x0000000082300000, 0x0000000082400000|  0%| F|  |TAMS 0x0000000082300000, 0x0000000082300000| Untracked 
|  36|0x0000000082400000, 0x0000000082400000, 0x0000000082500000|  0%| F|  |TAMS 0x0000000082400000, 0x0000000082400000| Untracked 
|  37|0x0000000082500000, 0x0000000082500000, 0x0000000082600000|  0%| F|  |TAMS 0x0000000082500000, 0x0000000082500000| Untracked 
|  38|0x0000000082600000, 0x0000000082600000, 0x0000000082700000|  0%| F|  |TAMS 0x0000000082600000, 0x0000000082600000| Untracked 
|  39|0x0000000082700000, 0x0000000082700000, 0x0000000082800000|  0%| F|  |TAMS 0x0000000082700000, 0x0000000082700000| Untracked 
|  40|0x0000000082800000, 0x0000000082800000, 0x0000000082900000|  0%| F|  |TAMS 0x0000000082800000, 0x0000000082800000| Untracked 
|  41|0x0000000082900000, 0x0000000082900000, 0x0000000082a00000|  0%| F|  |TAMS 0x0000000082900000, 0x0000000082900000| Untracked 
|  42|0x0000000082a00000, 0x0000000082a00000, 0x0000000082b00000|  0%| F|  |TAMS 0x0000000082a00000, 0x0000000082a00000| Untracked 
|  43|0x0000000082b00000, 0x0000000082b00000, 0x0000000082c00000|  0%| F|  |TAMS 0x0000000082b00000, 0x0000000082b00000| Untracked 
|  44|0x0000000082c00000, 0x0000000082c00000, 0x0000000082d00000|  0%| F|  |TAMS 0x0000000082c00000, 0x0000000082c00000| Untracked 
|  45|0x0000000082d00000, 0x0000000082d00000, 0x0000000082e00000|  0%| F|  |TAMS 0x0000000082d00000, 0x0000000082d00000| Untracked 
|  46|0x0000000082e00000, 0x0000000082e00000, 0x0000000082f00000|  0%| F|  |TAMS 0x0000000082e00000, 0x0000000082e00000| Untracked 
|  47|0x0000000082f00000, 0x0000000082f00000, 0x0000000083000000|  0%| F|  |TAMS 0x0000000082f00000, 0x0000000082f00000| Untracked 
|  48|0x0000000083000000, 0x0000000083000000, 0x0000000083100000|  0%| F|  |TAMS 0x0000000083000000, 0x0000000083000000| Untracked 
|  49|0x0000000083100000, 0x0000000083100000, 0x0000000083200000|  0%| F|  |TAMS 0x0000000083100000, 0x0000000083100000| Untracked 
|  50|0x0000000083200000, 0x0000000083200000, 0x0000000083300000|  0%| F|  |TAMS 0x0000000083200000, 0x0000000083200000| Untracked 
|  51|0x0000000083300000, 0x0000000083300000, 0x0000000083400000|  0%| F|  |TAMS 0x0000000083300000, 0x0000000083300000| Untracked 
|  52|0x0000000083400000, 0x0000000083400000, 0x0000000083500000|  0%| F|  |TAMS 0x0000000083400000, 0x0000000083400000| Untracked 
|  53|0x0000000083500000, 0x0000000083500000, 0x0000000083600000|  0%| F|  |TAMS 0x0000000083500000, 0x0000000083500000| Untracked 
|  54|0x0000000083600000, 0x0000000083600000, 0x0000000083700000|  0%| F|  |TAMS 0x0000000083600000, 0x0000000083600000| Untracked 
|  55|0x0000000083700000, 0x0000000083700000, 0x0000000083800000|  0%| F|  |TAMS 0x0000000083700000, 0x0000000083700000| Untracked 
|  56|0x0000000083800000, 0x0000000083800000, 0x0000000083900000|  0%| F|  |TAMS 0x0000000083800000, 0x0000000083800000| Untracked 
|  57|0x0000000083900000, 0x0000000083900000, 0x0000000083a00000|  0%| F|  |TAMS 0x0000000083900000, 0x0000000083900000| Untracked 
|  58|0x0000000083a00000, 0x0000000083a00000, 0x0000000083b00000|  0%| F|  |TAMS 0x0000000083a00000, 0x0000000083a00000| Untracked 
|  59|0x0000000083b00000, 0x0000000083b00000, 0x0000000083c00000|  0%| F|  |TAMS 0x0000000083b00000, 0x0000000083b00000| Untracked 
|  60|0x0000000083c00000, 0x0000000083c00000, 0x0000000083d00000|  0%| F|  |TAMS 0x0000000083c00000, 0x0000000083c00000| Untracked 
|  61|0x0000000083d00000, 0x0000000083d00000, 0x0000000083e00000|  0%| F|  |TAMS 0x0000000083d00000, 0x0000000083d00000| Untracked 
|  62|0x0000000083e00000, 0x0000000083e00000, 0x0000000083f00000|  0%| F|  |TAMS 0x0000000083e00000, 0x0000000083e00000| Untracked 
|  63|0x0000000083f00000, 0x0000000083f00000, 0x0000000084000000|  0%| F|  |TAMS 0x0000000083f00000, 0x0000000083f00000| Untracked 
|  64|0x0000000084000000, 0x0000000084000000, 0x0000000084100000|  0%| F|  |TAMS 0x0000000084000000, 0x0000000084000000| Untracked 
|  65|0x0000000084100000, 0x0000000084100000, 0x0000000084200000|  0%| F|  |TAMS 0x0000000084100000, 0x0000000084100000| Untracked 
|  66|0x0000000084200000, 0x0000000084200000, 0x0000000084300000|  0%| F|  |TAMS 0x0000000084200000, 0x0000000084200000| Untracked 
|  67|0x0000000084300000, 0x0000000084300000, 0x0000000084400000|  0%| F|  |TAMS 0x0000000084300000, 0x0000000084300000| Untracked 
|  68|0x0000000084400000, 0x0000000084400000, 0x0000000084500000|  0%| F|  |TAMS 0x0000000084400000, 0x0000000084400000| Untracked 
|  69|0x0000000084500000, 0x0000000084500000, 0x0000000084600000|  0%| F|  |TAMS 0x0000000084500000, 0x0000000084500000| Untracked 
|  70|0x0000000084600000, 0x0000000084600000, 0x0000000084700000|  0%| F|  |TAMS 0x0000000084600000, 0x0000000084600000| Untracked 
|  71|0x0000000084700000, 0x0000000084700000, 0x0000000084800000|  0%| F|  |TAMS 0x0000000084700000, 0x0000000084700000| Untracked 
|  72|0x0000000084800000, 0x0000000084800000, 0x0000000084900000|  0%| F|  |TAMS 0x0000000084800000, 0x0000000084800000| Untracked 
|  73|0x0000000084900000, 0x0000000084900000, 0x0000000084a00000|  0%| F|  |TAMS 0x0000000084900000, 0x0000000084900000| Untracked 
|  74|0x0000000084a00000, 0x0000000084a00000, 0x0000000084b00000|  0%| F|  |TAMS 0x0000000084a00000, 0x0000000084a00000| Untracked 
|  75|0x0000000084b00000, 0x0000000084b00000, 0x0000000084c00000|  0%| F|  |TAMS 0x0000000084b00000, 0x0000000084b00000| Untracked 
|  76|0x0000000084c00000, 0x0000000084c00000, 0x0000000084d00000|  0%| F|  |TAMS 0x0000000084c00000, 0x0000000084c00000| Untracked 
|  77|0x0000000084d00000, 0x0000000084d00000, 0x0000000084e00000|  0%| F|  |TAMS 0x0000000084d00000, 0x0000000084d00000| Untracked 
|  78|0x0000000084e00000, 0x0000000084e00000, 0x0000000084f00000|  0%| F|  |TAMS 0x0000000084e00000, 0x0000000084e00000| Untracked 
|  79|0x0000000084f00000, 0x0000000084f00000, 0x0000000085000000|  0%| F|  |TAMS 0x0000000084f00000, 0x0000000084f00000| Untracked 
|  80|0x0000000085000000, 0x0000000085000000, 0x0000000085100000|  0%| F|  |TAMS 0x0000000085000000, 0x0000000085000000| Untracked 
|  81|0x0000000085100000, 0x0000000085100000, 0x0000000085200000|  0%| F|  |TAMS 0x0000000085100000, 0x0000000085100000| Untracked 
|  82|0x0000000085200000, 0x0000000085200000, 0x0000000085300000|  0%| F|  |TAMS 0x0000000085200000, 0x0000000085200000| Untracked 
|  83|0x0000000085300000, 0x0000000085300000, 0x0000000085400000|  0%| F|  |TAMS 0x0000000085300000, 0x0000000085300000| Untracked 
|  84|0x0000000085400000, 0x0000000085400000, 0x0000000085500000|  0%| F|  |TAMS 0x0000000085400000, 0x0000000085400000| Untracked 
|  85|0x0000000085500000, 0x0000000085500000, 0x0000000085600000|  0%| F|  |TAMS 0x0000000085500000, 0x0000000085500000| Untracked 
|  86|0x0000000085600000, 0x0000000085600000, 0x0000000085700000|  0%| F|  |TAMS 0x0000000085600000, 0x0000000085600000| Untracked 
|  87|0x0000000085700000, 0x0000000085700000, 0x0000000085800000|  0%| F|  |TAMS 0x0000000085700000, 0x0000000085700000| Untracked 
|  88|0x0000000085800000, 0x0000000085800000, 0x0000000085900000|  0%| F|  |TAMS 0x0000000085800000, 0x0000000085800000| Untracked 
|  89|0x0000000085900000, 0x0000000085900000, 0x0000000085a00000|  0%| F|  |TAMS 0x0000000085900000, 0x0000000085900000| Untracked 
|  90|0x0000000085a00000, 0x0000000085a00000, 0x0000000085b00000|  0%| F|  |TAMS 0x0000000085a00000, 0x0000000085a00000| Untracked 
|  91|0x0000000085b00000, 0x0000000085b00000, 0x0000000085c00000|  0%| F|  |TAMS 0x0000000085b00000, 0x0000000085b00000| Untracked 
|  92|0x0000000085c00000, 0x0000000085c00000, 0x0000000085d00000|  0%| F|  |TAMS 0x0000000085c00000, 0x0000000085c00000| Untracked 
|  93|0x0000000085d00000, 0x0000000085d00000, 0x0000000085e00000|  0%| F|  |TAMS 0x0000000085d00000, 0x0000000085d00000| Untracked 
|  94|0x0000000085e00000, 0x0000000085e00000, 0x0000000085f00000|  0%| F|  |TAMS 0x0000000085e00000, 0x0000000085e00000| Untracked 
|  95|0x0000000085f00000, 0x0000000085f00000, 0x0000000086000000|  0%| F|  |TAMS 0x0000000085f00000, 0x0000000085f00000| Untracked 
|  96|0x0000000086000000, 0x0000000086000000, 0x0000000086100000|  0%| F|  |TAMS 0x0000000086000000, 0x0000000086000000| Untracked 
|  97|0x0000000086100000, 0x0000000086100000, 0x0000000086200000|  0%| F|  |TAMS 0x0000000086100000, 0x0000000086100000| Untracked 
|  98|0x0000000086200000, 0x0000000086200000, 0x0000000086300000|  0%| F|  |TAMS 0x0000000086200000, 0x0000000086200000| Untracked 
|  99|0x0000000086300000, 0x0000000086300000, 0x0000000086400000|  0%| F|  |TAMS 0x0000000086300000, 0x0000000086300000| Untracked 
| 100|0x0000000086400000, 0x0000000086400000, 0x0000000086500000|  0%| F|  |TAMS 0x0000000086400000, 0x0000000086400000| Untracked 
| 101|0x0000000086500000, 0x0000000086500000, 0x0000000086600000|  0%| F|  |TAMS 0x0000000086500000, 0x0000000086500000| Untracked 
| 102|0x0000000086600000, 0x0000000086600000, 0x0000000086700000|  0%| F|  |TAMS 0x0000000086600000, 0x0000000086600000| Untracked 
| 103|0x0000000086700000, 0x0000000086700000, 0x0000000086800000|  0%| F|  |TAMS 0x0000000086700000, 0x0000000086700000| Untracked 
| 104|0x0000000086800000, 0x0000000086800000, 0x0000000086900000|  0%| F|  |TAMS 0x0000000086800000, 0x0000000086800000| Untracked 
| 105|0x0000000086900000, 0x0000000086900000, 0x0000000086a00000|  0%| F|  |TAMS 0x0000000086900000, 0x0000000086900000| Untracked 
| 106|0x0000000086a00000, 0x0000000086a00000, 0x0000000086b00000|  0%| F|  |TAMS 0x0000000086a00000, 0x0000000086a00000| Untracked 
| 107|0x0000000086b00000, 0x0000000086b00000, 0x0000000086c00000|  0%| F|  |TAMS 0x0000000086b00000, 0x0000000086b00000| Untracked 
| 108|0x0000000086c00000, 0x0000000086c00000, 0x0000000086d00000|  0%| F|  |TAMS 0x0000000086c00000, 0x0000000086c00000| Untracked 
| 109|0x0000000086d00000, 0x0000000086d00000, 0x0000000086e00000|  0%| F|  |TAMS 0x0000000086d00000, 0x0000000086d00000| Untracked 
| 110|0x0000000086e00000, 0x0000000086e00000, 0x0000000086f00000|  0%| F|  |TAMS 0x0000000086e00000, 0x0000000086e00000| Untracked 
| 111|0x0000000086f00000, 0x0000000086f00000, 0x0000000087000000|  0%| F|  |TAMS 0x0000000086f00000, 0x0000000086f00000| Untracked 
| 112|0x0000000087000000, 0x0000000087000000, 0x0000000087100000|  0%| F|  |TAMS 0x0000000087000000, 0x0000000087000000| Untracked 
| 113|0x0000000087100000, 0x0000000087100000, 0x0000000087200000|  0%| F|  |TAMS 0x0000000087100000, 0x0000000087100000| Untracked 
| 114|0x0000000087200000, 0x0000000087200000, 0x0000000087300000|  0%| F|  |TAMS 0x0000000087200000, 0x0000000087200000| Untracked 
| 115|0x0000000087300000, 0x0000000087300000, 0x0000000087400000|  0%| F|  |TAMS 0x0000000087300000, 0x0000000087300000| Untracked 
| 116|0x0000000087400000, 0x0000000087400000, 0x0000000087500000|  0%| F|  |TAMS 0x0000000087400000, 0x0000000087400000| Untracked 
| 117|0x0000000087500000, 0x0000000087500000, 0x0000000087600000|  0%| F|  |TAMS 0x0000000087500000, 0x0000000087500000| Untracked 
| 118|0x0000000087600000, 0x0000000087600000, 0x0000000087700000|  0%| F|  |TAMS 0x0000000087600000, 0x0000000087600000| Untracked 
| 119|0x0000000087700000, 0x0000000087700000, 0x0000000087800000|  0%| F|  |TAMS 0x0000000087700000, 0x0000000087700000| Untracked 
| 120|0x0000000087800000, 0x0000000087800000, 0x0000000087900000|  0%| F|  |TAMS 0x0000000087800000, 0x0000000087800000| Untracked 
| 121|0x0000000087900000, 0x0000000087900000, 0x0000000087a00000|  0%| F|  |TAMS 0x0000000087900000, 0x0000000087900000| Untracked 
| 122|0x0000000087a00000, 0x0000000087a00000, 0x0000000087b00000|  0%| F|  |TAMS 0x0000000087a00000, 0x0000000087a00000| Untracked 
| 123|0x0000000087b00000, 0x0000000087b00000, 0x0000000087c00000|  0%| F|  |TAMS 0x0000000087b00000, 0x0000000087b00000| Untracked 
| 124|0x0000000087c00000, 0x0000000087c00000, 0x0000000087d00000|  0%| F|  |TAMS 0x0000000087c00000, 0x0000000087c00000| Untracked 
| 125|0x0000000087d00000, 0x0000000087d00000, 0x0000000087e00000|  0%| F|  |TAMS 0x0000000087d00000, 0x0000000087d00000| Untracked 
| 126|0x0000000087e00000, 0x0000000087e00000, 0x0000000087f00000|  0%| F|  |TAMS 0x0000000087e00000, 0x0000000087e00000| Untracked 
| 127|0x0000000087f00000, 0x0000000087f00000, 0x0000000088000000|  0%| F|  |TAMS 0x0000000087f00000, 0x0000000087f00000| Untracked 
| 128|0x0000000088000000, 0x0000000088000000, 0x0000000088100000|  0%| F|  |TAMS 0x0000000088000000, 0x0000000088000000| Untracked 
| 129|0x0000000088100000, 0x0000000088100000, 0x0000000088200000|  0%| F|  |TAMS 0x0000000088100000, 0x0000000088100000| Untracked 
| 130|0x0000000088200000, 0x0000000088200000, 0x0000000088300000|  0%| F|  |TAMS 0x0000000088200000, 0x0000000088200000| Untracked 
| 131|0x0000000088300000, 0x0000000088300000, 0x0000000088400000|  0%| F|  |TAMS 0x0000000088300000, 0x0000000088300000| Untracked 
| 132|0x0000000088400000, 0x0000000088400000, 0x0000000088500000|  0%| F|  |TAMS 0x0000000088400000, 0x0000000088400000| Untracked 
| 133|0x0000000088500000, 0x0000000088500000, 0x0000000088600000|  0%| F|  |TAMS 0x0000000088500000, 0x0000000088500000| Untracked 
| 134|0x0000000088600000, 0x0000000088600000, 0x0000000088700000|  0%| F|  |TAMS 0x0000000088600000, 0x0000000088600000| Untracked 
| 135|0x0000000088700000, 0x0000000088700000, 0x0000000088800000|  0%| F|  |TAMS 0x0000000088700000, 0x0000000088700000| Untracked 
| 136|0x0000000088800000, 0x0000000088800000, 0x0000000088900000|  0%| F|  |TAMS 0x0000000088800000, 0x0000000088800000| Untracked 
| 137|0x0000000088900000, 0x0000000088900000, 0x0000000088a00000|  0%| F|  |TAMS 0x0000000088900000, 0x0000000088900000| Untracked 
| 138|0x0000000088a00000, 0x0000000088a00000, 0x0000000088b00000|  0%| F|  |TAMS 0x0000000088a00000, 0x0000000088a00000| Untracked 
| 139|0x0000000088b00000, 0x0000000088b00000, 0x0000000088c00000|  0%| F|  |TAMS 0x0000000088b00000, 0x0000000088b00000| Untracked 
| 140|0x0000000088c00000, 0x0000000088c00000, 0x0000000088d00000|  0%| F|  |TAMS 0x0000000088c00000, 0x0000000088c00000| Untracked 
| 141|0x0000000088d00000, 0x0000000088d00000, 0x0000000088e00000|  0%| F|  |TAMS 0x0000000088d00000, 0x0000000088d00000| Untracked 
| 142|0x0000000088e00000, 0x0000000088e00000, 0x0000000088f00000|  0%| F|  |TAMS 0x0000000088e00000, 0x0000000088e00000| Untracked 
| 143|0x0000000088f00000, 0x0000000088f00000, 0x0000000089000000|  0%| F|  |TAMS 0x0000000088f00000, 0x0000000088f00000| Untracked 
| 144|0x0000000089000000, 0x0000000089000000, 0x0000000089100000|  0%| F|  |TAMS 0x0000000089000000, 0x0000000089000000| Untracked 
| 145|0x0000000089100000, 0x0000000089100000, 0x0000000089200000|  0%| F|  |TAMS 0x0000000089100000, 0x0000000089100000| Untracked 
| 146|0x0000000089200000, 0x0000000089200000, 0x0000000089300000|  0%| F|  |TAMS 0x0000000089200000, 0x0000000089200000| Untracked 
| 147|0x0000000089300000, 0x0000000089300000, 0x0000000089400000|  0%| F|  |TAMS 0x0000000089300000, 0x0000000089300000| Untracked 
| 148|0x0000000089400000, 0x0000000089400000, 0x0000000089500000|  0%| F|  |TAMS 0x0000000089400000, 0x0000000089400000| Untracked 
| 149|0x0000000089500000, 0x0000000089500000, 0x0000000089600000|  0%| F|  |TAMS 0x0000000089500000, 0x0000000089500000| Untracked 
| 150|0x0000000089600000, 0x0000000089600000, 0x0000000089700000|  0%| F|  |TAMS 0x0000000089600000, 0x0000000089600000| Untracked 
| 151|0x0000000089700000, 0x0000000089700000, 0x0000000089800000|  0%| F|  |TAMS 0x0000000089700000, 0x0000000089700000| Untracked 
| 152|0x0000000089800000, 0x0000000089800000, 0x0000000089900000|  0%| F|  |TAMS 0x0000000089800000, 0x0000000089800000| Untracked 
| 153|0x0000000089900000, 0x0000000089900000, 0x0000000089a00000|  0%| F|  |TAMS 0x0000000089900000, 0x0000000089900000| Untracked 
| 154|0x0000000089a00000, 0x0000000089a00000, 0x0000000089b00000|  0%| F|  |TAMS 0x0000000089a00000, 0x0000000089a00000| Untracked 
| 155|0x0000000089b00000, 0x0000000089b00000, 0x0000000089c00000|  0%| F|  |TAMS 0x0000000089b00000, 0x0000000089b00000| Untracked 
| 156|0x0000000089c00000, 0x0000000089c00000, 0x0000000089d00000|  0%| F|  |TAMS 0x0000000089c00000, 0x0000000089c00000| Untracked 
| 157|0x0000000089d00000, 0x0000000089d00000, 0x0000000089e00000|  0%| F|  |TAMS 0x0000000089d00000, 0x0000000089d00000| Untracked 
| 158|0x0000000089e00000, 0x0000000089e00000, 0x0000000089f00000|  0%| F|  |TAMS 0x0000000089e00000, 0x0000000089e00000| Untracked 
| 159|0x0000000089f00000, 0x0000000089f00000, 0x000000008a000000|  0%| F|  |TAMS 0x0000000089f00000, 0x0000000089f00000| Untracked 
| 160|0x000000008a000000, 0x000000008a000000, 0x000000008a100000|  0%| F|  |TAMS 0x000000008a000000, 0x000000008a000000| Untracked 
| 161|0x000000008a100000, 0x000000008a100000, 0x000000008a200000|  0%| F|  |TAMS 0x000000008a100000, 0x000000008a100000| Untracked 
| 162|0x000000008a200000, 0x000000008a200000, 0x000000008a300000|  0%| F|  |TAMS 0x000000008a200000, 0x000000008a200000| Untracked 
| 163|0x000000008a300000, 0x000000008a300000, 0x000000008a400000|  0%| F|  |TAMS 0x000000008a300000, 0x000000008a300000| Untracked 
| 164|0x000000008a400000, 0x000000008a400000, 0x000000008a500000|  0%| F|  |TAMS 0x000000008a400000, 0x000000008a400000| Untracked 
| 165|0x000000008a500000, 0x000000008a500000, 0x000000008a600000|  0%| F|  |TAMS 0x000000008a500000, 0x000000008a500000| Untracked 
| 166|0x000000008a600000, 0x000000008a600000, 0x000000008a700000|  0%| F|  |TAMS 0x000000008a600000, 0x000000008a600000| Untracked 
| 167|0x000000008a700000, 0x000000008a700000, 0x000000008a800000|  0%| F|  |TAMS 0x000000008a700000, 0x000000008a700000| Untracked 
| 168|0x000000008a800000, 0x000000008a800000, 0x000000008a900000|  0%| F|  |TAMS 0x000000008a800000, 0x000000008a800000| Untracked 
| 169|0x000000008a900000, 0x000000008a900000, 0x000000008aa00000|  0%| F|  |TAMS 0x000000008a900000, 0x000000008a900000| Untracked 
| 170|0x000000008aa00000, 0x000000008aa00000, 0x000000008ab00000|  0%| F|  |TAMS 0x000000008aa00000, 0x000000008aa00000| Untracked 
| 171|0x000000008ab00000, 0x000000008ab00000, 0x000000008ac00000|  0%| F|  |TAMS 0x000000008ab00000, 0x000000008ab00000| Untracked 
| 172|0x000000008ac00000, 0x000000008ac00000, 0x000000008ad00000|  0%| F|  |TAMS 0x000000008ac00000, 0x000000008ac00000| Untracked 
| 173|0x000000008ad00000, 0x000000008ad00000, 0x000000008ae00000|  0%| F|  |TAMS 0x000000008ad00000, 0x000000008ad00000| Untracked 
| 174|0x000000008ae00000, 0x000000008ae00000, 0x000000008af00000|  0%| F|  |TAMS 0x000000008ae00000, 0x000000008ae00000| Untracked 
| 175|0x000000008af00000, 0x000000008af00000, 0x000000008b000000|  0%| F|  |TAMS 0x000000008af00000, 0x000000008af00000| Untracked 
| 176|0x000000008b000000, 0x000000008b000000, 0x000000008b100000|  0%| F|  |TAMS 0x000000008b000000, 0x000000008b000000| Untracked 
| 177|0x000000008b100000, 0x000000008b100000, 0x000000008b200000|  0%| F|  |TAMS 0x000000008b100000, 0x000000008b100000| Untracked 
| 178|0x000000008b200000, 0x000000008b200000, 0x000000008b300000|  0%| F|  |TAMS 0x000000008b200000, 0x000000008b200000| Untracked 
| 179|0x000000008b300000, 0x000000008b300000, 0x000000008b400000|  0%| F|  |TAMS 0x000000008b300000, 0x000000008b300000| Untracked 
| 180|0x000000008b400000, 0x000000008b400000, 0x000000008b500000|  0%| F|  |TAMS 0x000000008b400000, 0x000000008b400000| Untracked 
| 181|0x000000008b500000, 0x000000008b500000, 0x000000008b600000|  0%| F|  |TAMS 0x000000008b500000, 0x000000008b500000| Untracked 
| 182|0x000000008b600000, 0x000000008b600000, 0x000000008b700000|  0%| F|  |TAMS 0x000000008b600000, 0x000000008b600000| Untracked 
| 183|0x000000008b700000, 0x000000008b700000, 0x000000008b800000|  0%| F|  |TAMS 0x000000008b700000, 0x000000008b700000| Untracked 
| 184|0x000000008b800000, 0x000000008b800000, 0x000000008b900000|  0%| F|  |TAMS 0x000000008b800000, 0x000000008b800000| Untracked 
| 185|0x000000008b900000, 0x000000008b900000, 0x000000008ba00000|  0%| F|  |TAMS 0x000000008b900000, 0x000000008b900000| Untracked 
| 186|0x000000008ba00000, 0x000000008ba00000, 0x000000008bb00000|  0%| F|  |TAMS 0x000000008ba00000, 0x000000008ba00000| Untracked 
| 187|0x000000008bb00000, 0x000000008bb00000, 0x000000008bc00000|  0%| F|  |TAMS 0x000000008bb00000, 0x000000008bb00000| Untracked 
| 188|0x000000008bc00000, 0x000000008bc00000, 0x000000008bd00000|  0%| F|  |TAMS 0x000000008bc00000, 0x000000008bc00000| Untracked 
| 189|0x000000008bd00000, 0x000000008bd00000, 0x000000008be00000|  0%| F|  |TAMS 0x000000008bd00000, 0x000000008bd00000| Untracked 
| 190|0x000000008be00000, 0x000000008be00000, 0x000000008bf00000|  0%| F|  |TAMS 0x000000008be00000, 0x000000008be00000| Untracked 
| 191|0x000000008bf00000, 0x000000008bf00000, 0x000000008c000000|  0%| F|  |TAMS 0x000000008bf00000, 0x000000008bf00000| Untracked 
| 192|0x000000008c000000, 0x000000008c000000, 0x000000008c100000|  0%| F|  |TAMS 0x000000008c000000, 0x000000008c000000| Untracked 
| 193|0x000000008c100000, 0x000000008c100000, 0x000000008c200000|  0%| F|  |TAMS 0x000000008c100000, 0x000000008c100000| Untracked 
| 194|0x000000008c200000, 0x000000008c200000, 0x000000008c300000|  0%| F|  |TAMS 0x000000008c200000, 0x000000008c200000| Untracked 
| 195|0x000000008c300000, 0x000000008c300000, 0x000000008c400000|  0%| F|  |TAMS 0x000000008c300000, 0x000000008c300000| Untracked 
| 196|0x000000008c400000, 0x000000008c400000, 0x000000008c500000|  0%| F|  |TAMS 0x000000008c400000, 0x000000008c400000| Untracked 
| 197|0x000000008c500000, 0x000000008c600000, 0x000000008c600000|100%| S|CS|TAMS 0x000000008c500000, 0x000000008c500000| Complete 
| 198|0x000000008c600000, 0x000000008c700000, 0x000000008c700000|100%| S|CS|TAMS 0x000000008c600000, 0x000000008c600000| Complete 
| 199|0x000000008c700000, 0x000000008c800000, 0x000000008c800000|100%| S|CS|TAMS 0x000000008c700000, 0x000000008c700000| Complete 
| 200|0x000000008c800000, 0x000000008c900000, 0x000000008c900000|100%| S|CS|TAMS 0x000000008c800000, 0x000000008c800000| Complete 
| 201|0x000000008c900000, 0x000000008ca00000, 0x000000008ca00000|100%| S|CS|TAMS 0x000000008c900000, 0x000000008c900000| Complete 
| 202|0x000000008ca00000, 0x000000008cb00000, 0x000000008cb00000|100%| S|CS|TAMS 0x000000008ca00000, 0x000000008ca00000| Complete 
| 203|0x000000008cb00000, 0x000000008cc00000, 0x000000008cc00000|100%| S|CS|TAMS 0x000000008cb00000, 0x000000008cb00000| Complete 
| 204|0x000000008cc00000, 0x000000008cc00000, 0x000000008cd00000|  0%| F|  |TAMS 0x000000008cc00000, 0x000000008cc00000| Untracked 
| 205|0x000000008cd00000, 0x000000008cd00000, 0x000000008ce00000|  0%| F|  |TAMS 0x000000008cd00000, 0x000000008cd00000| Untracked 
| 206|0x000000008ce00000, 0x000000008ce00000, 0x000000008cf00000|  0%| F|  |TAMS 0x000000008ce00000, 0x000000008ce00000| Untracked 
| 207|0x000000008cf00000, 0x000000008cf00000, 0x000000008d000000|  0%| F|  |TAMS 0x000000008cf00000, 0x000000008cf00000| Untracked 
| 208|0x000000008d000000, 0x000000008d000000, 0x000000008d100000|  0%| F|  |TAMS 0x000000008d000000, 0x000000008d000000| Untracked 
| 209|0x000000008d100000, 0x000000008d100000, 0x000000008d200000|  0%| F|  |TAMS 0x000000008d100000, 0x000000008d100000| Untracked 
| 210|0x000000008d200000, 0x000000008d200000, 0x000000008d300000|  0%| F|  |TAMS 0x000000008d200000, 0x000000008d200000| Untracked 
| 211|0x000000008d300000, 0x000000008d300000, 0x000000008d400000|  0%| F|  |TAMS 0x000000008d300000, 0x000000008d300000| Untracked 
| 212|0x000000008d400000, 0x000000008d400000, 0x000000008d500000|  0%| F|  |TAMS 0x000000008d400000, 0x000000008d400000| Untracked 
| 213|0x000000008d500000, 0x000000008d500000, 0x000000008d600000|  0%| F|  |TAMS 0x000000008d500000, 0x000000008d500000| Untracked 
| 214|0x000000008d600000, 0x000000008d600000, 0x000000008d700000|  0%| F|  |TAMS 0x000000008d600000, 0x000000008d600000| Untracked 
| 215|0x000000008d700000, 0x000000008d700000, 0x000000008d800000|  0%| F|  |TAMS 0x000000008d700000, 0x000000008d700000| Untracked 

Card table byte_map: [0x000001b896e00000,0x000001b897200000] _byte_map_base: 0x000001b896a00000

Marking Bits (Prev, Next): (CMBitMap*) 0x000001b8fb1fb3e0, (CMBitMap*) 0x000001b8fb1fb3a8
 Prev Bits: [0x000001b899600000, 0x000001b89b600000)
 Next Bits: [0x000001b897600000, 0x000001b899600000)

Polling page: 0x000001b880000000

Metaspace:

Usage:
  Non-class:     26.23 MB capacity,    25.87 MB ( 99%) used,   326.68 KB (  1%) free+waste,    40.56 KB ( <1%) overhead. 
      Class:      3.32 MB capacity,     3.09 MB ( 93%) used,   215.98 KB (  6%) free+waste,    17.69 KB ( <1%) overhead. 
       Both:     29.54 MB capacity,    28.96 MB ( 98%) used,   542.66 KB (  2%) free+waste,    58.25 KB ( <1%) overhead. 

Virtual space:
  Non-class space:       36.00 MB reserved,      26.25 MB ( 73%) committed 
      Class space:        1.00 GB reserved,       3.38 MB ( <1%) committed 
             Both:        1.04 GB reserved,      29.63 MB (  3%) committed 

Chunk freelists:
   Non-Class:  2.88 KB
       Class:  0 bytes
        Both:  2.88 KB

CodeHeap 'non-profiled nmethods': size=120064Kb used=1774Kb max_used=1774Kb free=118289Kb
 bounds [0x000001b88f0b0000, 0x000001b88f320000, 0x000001b8965f0000]
CodeHeap 'profiled nmethods': size=120000Kb used=8657Kb max_used=8657Kb free=111342Kb
 bounds [0x000001b887b80000, 0x000001b888400000, 0x000001b88f0b0000]
CodeHeap 'non-nmethods': size=5696Kb used=1137Kb max_used=1166Kb free=4558Kb
 bounds [0x000001b8875f0000, 0x000001b887860000, 0x000001b887b80000]
 total_blobs=4629 nmethods=4173 adapters=366
 compilation: enabled
              stopped_count=0, restarted_count=0
 full_count=0

Compilation events (10 events):
Event: 7.813 Thread 0x000001b89da42800 4190       3       jdk.internal.loader.FileURLMapper::getPath (141 bytes)
Event: 7.815 Thread 0x000001b89da42800 nmethod 4190 0x000001b8883ef710 code [0x000001b8883efa60, 0x000001b8883f0c18]
Event: 7.848 Thread 0x000001b89da42800 4191       3       java.util.regex.Pattern::RemoveQEQuoting (346 bytes)
Event: 7.849 Thread 0x000001b89da42800 nmethod 4191 0x000001b8883f1210 code [0x000001b8883f14a0, 0x000001b8883f25f8]
Event: 7.850 Thread 0x000001b89da42800 4192       3       jdk.internal.org.objectweb.asm.MethodWriter::visitCode (1 bytes)
Event: 7.850 Thread 0x000001b89da42800 nmethod 4192 0x000001b8883f2b90 code [0x000001b8883f2d20, 0x000001b8883f2e18]
Event: 7.850 Thread 0x000001b89da42800 4193       3       java.lang.invoke.MethodHandleNatives::refKindHasReceiver (33 bytes)
Event: 7.850 Thread 0x000001b89da42800 nmethod 4193 0x000001b8883f2e90 code [0x000001b8883f3020, 0x000001b8883f3178]
Event: 7.851 Thread 0x000001b89da42800 4194       3       java.lang.invoke.AbstractValidatingLambdaMetafactory::isAdaptableTo (126 bytes)
Event: 7.851 Thread 0x000001b89da42800 nmethod 4194 0x000001b8883f3210 code [0x000001b8883f3480, 0x000001b8883f3e28]

GC Heap History (10 events):
Event: 3.344 GC heap before
{Heap before GC invocations=4 (full 0):
 garbage-first heap   total 131072K, used 39041K [0x0000000080000000, 0x0000000100000000)
  region size 1024K, 37 young (37888K), 3 survivors (3072K)
 Metaspace       used 19991K, capacity 20327K, committed 20480K, reserved 1067008K
  class space    used 2131K, capacity 2247K, committed 2304K, reserved 1048576K
}
Event: 3.363 GC heap after
{Heap after GC invocations=5 (full 0):
 garbage-first heap   total 157696K, used 8079K [0x0000000080000000, 0x0000000100000000)
  region size 1024K, 5 young (5120K), 5 survivors (5120K)
 Metaspace       used 19991K, capacity 20327K, committed 20480K, reserved 1067008K
  class space    used 2131K, capacity 2247K, committed 2304K, reserved 1048576K
}
Event: 4.782 GC heap before
{Heap before GC invocations=5 (full 0):
 garbage-first heap   total 157696K, used 97167K [0x0000000080000000, 0x0000000100000000)
  region size 1024K, 92 young (94208K), 5 survivors (5120K)
 Metaspace       used 20795K, capacity 21087K, committed 21248K, reserved 1069056K
  class space    used 2176K, capacity 2286K, committed 2304K, reserved 1048576K
}
Event: 4.827 GC heap after
{Heap after GC invocations=6 (full 0):
 garbage-first heap   total 157696K, used 18897K [0x0000000080000000, 0x0000000100000000)
  region size 1024K, 12 young (12288K), 12 survivors (12288K)
 Metaspace       used 20795K, capacity 21087K, committed 21248K, reserved 1069056K
  class space    used 2176K, capacity 2286K, committed 2304K, reserved 1048576K
}
Event: 4.966 GC heap before
{Heap before GC invocations=6 (full 0):
 garbage-first heap   total 157696K, used 26065K [0x0000000080000000, 0x0000000100000000)
  region size 1024K, 20 young (20480K), 12 survivors (12288K)
 Metaspace       used 20954K, capacity 21215K, committed 21248K, reserved 1069056K
  class space    used 2177K, capacity 2286K, committed 2304K, reserved 1048576K
}
Event: 4.999 GC heap after
{Heap after GC invocations=7 (full 0):
 garbage-first heap   total 157696K, used 20535K [0x0000000080000000, 0x0000000100000000)
  region size 1024K, 2 young (2048K), 2 survivors (2048K)
 Metaspace       used 20954K, capacity 21215K, committed 21248K, reserved 1069056K
  class space    used 2177K, capacity 2286K, committed 2304K, reserved 1048576K
}
Event: 5.813 GC heap before
{Heap before GC invocations=8 (full 0):
 garbage-first heap   total 157696K, used 55351K [0x0000000080000000, 0x0000000100000000)
  region size 1024K, 36 young (36864K), 2 survivors (2048K)
 Metaspace       used 21366K, capacity 21696K, committed 21888K, reserved 1069056K
  class space    used 2190K, capacity 2318K, committed 2432K, reserved 1048576K
}
Event: 5.823 GC heap after
{Heap after GC invocations=9 (full 0):
 garbage-first heap   total 157696K, used 23754K [0x0000000080000000, 0x0000000100000000)
  region size 1024K, 5 young (5120K), 5 survivors (5120K)
 Metaspace       used 21366K, capacity 21696K, committed 21888K, reserved 1069056K
  class space    used 2190K, capacity 2318K, committed 2432K, reserved 1048576K
}
Event: 7.274 GC heap before
{Heap before GC invocations=9 (full 0):
 garbage-first heap   total 157696K, used 74954K [0x0000000080000000, 0x0000000100000000)
  region size 1024K, 55 young (56320K), 5 survivors (5120K)
 Metaspace       used 24859K, capacity 25392K, committed 25600K, reserved 1073152K
  class space    used 2561K, capacity 2787K, committed 2816K, reserved 1048576K
}
Event: 7.295 GC heap after
{Heap after GC invocations=10 (full 0):
 garbage-first heap   total 221184K, used 26872K [0x0000000080000000, 0x0000000100000000)
  region size 1024K, 3 young (3072K), 3 survivors (3072K)
 Metaspace       used 24859K, capacity 25392K, committed 25600K, reserved 1073152K
  class space    used 2561K, capacity 2787K, committed 2816K, reserved 1048576K
}

Deoptimization events (10 events):
Event: 6.072 Thread 0x000001b8fb1b7800 Uncommon trap: reason=class_check action=maybe_recompile pc=0x000001b88f197784 method=java.util.LinkedHashMap.afterNodeInsertion(Z)V @ 15 c2
Event: 6.074 Thread 0x000001b8fb1b7800 Uncommon trap: reason=class_check action=maybe_recompile pc=0x000001b88f197784 method=java.util.LinkedHashMap.afterNodeInsertion(Z)V @ 15 c2
Event: 6.780 Thread 0x000001b8fb1b7800 Uncommon trap: reason=unloaded action=reinterpret pc=0x000001b88f0eca08 method=java.util.jar.JarFile.checkForSpecialAttributes()V @ 99 c2
Event: 6.781 Thread 0x000001b8fb1b7800 Uncommon trap: reason=unloaded action=reinterpret pc=0x000001b88f0e4398 method=java.util.jar.JarFile.checkForSpecialAttributes()V @ 99 c2
Event: 6.784 Thread 0x000001b8fb1b7800 Uncommon trap: reason=unstable_if action=reinterpret pc=0x000001b88f0eea98 method=java.util.jar.JarFile.isMultiRelease()Z @ 4 c2
Event: 6.962 Thread 0x000001b8fb1b7800 Uncommon trap: reason=unstable_if action=reinterpret pc=0x000001b88f0f7a44 method=java.nio.Buffer.limit(I)Ljava/nio/Buffer; @ 42 c2
Event: 7.381 Thread 0x000001b8fb1b7800 Uncommon trap: reason=unstable_if action=reinterpret pc=0x000001b88f0ca3bc method=sun.nio.fs.WindowsPathParser.isSlash(C)Z @ 9 c2
Event: 7.768 Thread 0x000001b8fb1b7800 Uncommon trap: reason=class_check action=maybe_recompile pc=0x000001b88f0dd1b8 method=jdk.internal.loader.URLClassPath.getLoader(I)Ljdk/internal/loader/URLClassPath$Loader; @ 88 c2
Event: 7.812 Thread 0x000001b8fb1b7800 Uncommon trap: reason=unloaded action=reinterpret pc=0x000001b88f0e8474 method=jdk.internal.loader.URLClassPath$JarLoader.ensureOpen()V @ 26 c2
Event: 7.841 Thread 0x000001b8fb1b7800 Uncommon trap: reason=class_check action=maybe_recompile pc=0x000001b88f0dd1b8 method=jdk.internal.loader.URLClassPath.getLoader(I)Ljdk/internal/loader/URLClassPath$Loader; @ 88 c2

Classes redefined (0 events):
No events

Internal exceptions (10 events):
Event: 7.815 Thread 0x000001b8fb1b7800 Exception <a 'java/security/PrivilegedActionException'{0x000000008cef81c0}> (0x000000008cef81c0) thrown at [./open/src/hotspot/share/prims/jvm.cpp, line 1305]
Event: 7.815 Thread 0x000001b8fb1b7800 Exception <a 'java/security/PrivilegedActionException'{0x000000008cef8738}> (0x000000008cef8738) thrown at [./open/src/hotspot/share/prims/jvm.cpp, line 1305]
Event: 7.815 Thread 0x000001b8fb1b7800 Exception <a 'java/security/PrivilegedActionException'{0x000000008cef9c28}> (0x000000008cef9c28) thrown at [./open/src/hotspot/share/prims/jvm.cpp, line 1305]
Event: 7.815 Thread 0x000001b8fb1b7800 Exception <a 'java/security/PrivilegedActionException'{0x000000008cefa1a0}> (0x000000008cefa1a0) thrown at [./open/src/hotspot/share/prims/jvm.cpp, line 1305]
Event: 7.815 Thread 0x000001b8fb1b7800 Exception <a 'java/security/PrivilegedActionException'{0x000000008cefb5e0}> (0x000000008cefb5e0) thrown at [./open/src/hotspot/share/prims/jvm.cpp, line 1305]
Event: 7.815 Thread 0x000001b8fb1b7800 Exception <a 'java/security/PrivilegedActionException'{0x000000008cefbb58}> (0x000000008cefbb58) thrown at [./open/src/hotspot/share/prims/jvm.cpp, line 1305]
Event: 7.816 Thread 0x000001b8fb1b7800 Exception <a 'java/security/PrivilegedActionException'{0x000000008cefcfd8}> (0x000000008cefcfd8) thrown at [./open/src/hotspot/share/prims/jvm.cpp, line 1305]
Event: 7.816 Thread 0x000001b8fb1b7800 Exception <a 'java/security/PrivilegedActionException'{0x000000008cefd550}> (0x000000008cefd550) thrown at [./open/src/hotspot/share/prims/jvm.cpp, line 1305]
Event: 7.816 Thread 0x000001b8fb1b7800 Exception <a 'java/security/PrivilegedActionException'{0x000000008cefea40}> (0x000000008cefea40) thrown at [./open/src/hotspot/share/prims/jvm.cpp, line 1305]
Event: 7.816 Thread 0x000001b8fb1b7800 Exception <a 'java/security/PrivilegedActionException'{0x000000008cefefb8}> (0x000000008cefefb8) thrown at [./open/src/hotspot/share/prims/jvm.cpp, line 1305]

Events (10 events):
Event: 7.845 loading class sun/nio/ch/Util$1
Event: 7.845 loading class sun/nio/ch/Util$1 done
Event: 7.845 loading class sun/nio/ch/Util$BufferCache
Event: 7.845 loading class sun/nio/ch/Util$BufferCache done
Event: 7.845 loading class java/nio/DirectByteBuffer$Deallocator
Event: 7.845 loading class java/nio/DirectByteBuffer$Deallocator done
Event: 7.848 loading class jdk/internal/math/FloatingDecimal$HexFloatPattern
Event: 7.848 loading class jdk/internal/math/FloatingDecimal$HexFloatPattern done
Event: 7.852 loading class java/util/regex/Pattern$2
Event: 7.852 loading class java/util/regex/Pattern$2 done


Dynamic libraries:
0x00007ff6fe9f0000 - 0x00007ff6fe9ff000 	C:\Program Files\Java\jdk-11.0.16\bin\java.exe
0x00007ffae9f30000 - 0x00007ffaea128000 	C:\Windows\SYSTEM32\ntdll.dll
0x00007ffae8c30000 - 0x00007ffae8cef000 	C:\Windows\System32\KERNEL32.DLL
0x00007ffae7c30000 - 0x00007ffae7f02000 	C:\Windows\System32\KERNELBASE.dll
0x00007ffae79a0000 - 0x00007ffae7aa0000 	C:\Windows\System32\ucrtbase.dll
0x00007ffad5d30000 - 0x00007ffad5d48000 	C:\Program Files\Java\jdk-11.0.16\bin\jli.dll
0x00007ffae9360000 - 0x00007ffae940e000 	C:\Windows\System32\ADVAPI32.dll
0x00007ffae97b0000 - 0x00007ffae984e000 	C:\Windows\System32\msvcrt.dll
0x00007ffae9150000 - 0x00007ffae91ec000 	C:\Windows\System32\sechost.dll
0x00007ffae91f0000 - 0x00007ffae9315000 	C:\Windows\System32\RPCRT4.dll
0x00007ffae98e0000 - 0x00007ffae9a7d000 	C:\Windows\System32\USER32.dll
0x00007ffae7af0000 - 0x00007ffae7b12000 	C:\Windows\System32\win32u.dll
0x00007ffae9320000 - 0x00007ffae934b000 	C:\Windows\System32\GDI32.dll
0x00007ffae7b20000 - 0x00007ffae7c2f000 	C:\Windows\System32\gdi32full.dll
0x00007ffae7630000 - 0x00007ffae76cd000 	C:\Windows\System32\msvcp_win.dll
0x00007ffad2f60000 - 0x00007ffad2f75000 	C:\Program Files\Java\jdk-11.0.16\bin\VCRUNTIME140.dll
0x00007ffad1f10000 - 0x00007ffad21aa000 	C:\Windows\WinSxS\amd64_microsoft.windows.common-controls_6595b64144ccf1df_6.0.19041.1110_none_60b5254171f9507e\COMCTL32.dll
0x00007ffae2030000 - 0x00007ffae203a000 	C:\Windows\SYSTEM32\VERSION.dll
0x00007ffae9770000 - 0x00007ffae97a2000 	C:\Windows\System32\IMM32.DLL
0x00007ffad2ec0000 - 0x00007ffad2f5b000 	C:\Program Files\Java\jdk-11.0.16\bin\msvcp140.dll
0x00007ffad13f0000 - 0x00007ffad1f08000 	C:\Program Files\Java\jdk-11.0.16\bin\server\jvm.dll
0x00007ffae9350000 - 0x00007ffae9358000 	C:\Windows\System32\PSAPI.DLL
0x00007ffadbc90000 - 0x00007ffadbcb7000 	C:\Windows\SYSTEM32\WINMM.dll
0x00007ffad13e0000 - 0x00007ffad13e9000 	C:\Windows\SYSTEM32\WSOCK32.dll
0x00007ffae90e0000 - 0x00007ffae914b000 	C:\Windows\System32\WS2_32.dll
0x00007ffae54d0000 - 0x00007ffae54e2000 	C:\Windows\SYSTEM32\kernel.appcore.dll
0x00007ffad13d0000 - 0x00007ffad13e0000 	C:\Program Files\Java\jdk-11.0.16\bin\verify.dll
0x00007ffae34b0000 - 0x00007ffae3694000 	C:\Windows\SYSTEM32\DBGHELP.DLL
0x00007ffae3800000 - 0x00007ffae382c000 	C:\Windows\SYSTEM32\dbgcore.DLL
0x00007ffae7910000 - 0x00007ffae7992000 	C:\Windows\System32\bcryptPrimitives.dll
0x00007ffad13a0000 - 0x00007ffad13c8000 	C:\Program Files\Java\jdk-11.0.16\bin\java.dll
0x00007ffad1390000 - 0x00007ffad139a000 	C:\Program Files\Java\jdk-11.0.16\bin\jimage.dll
0x00007ffad1370000 - 0x00007ffad1386000 	C:\Program Files\Java\jdk-11.0.16\bin\zip.dll
0x00007ffae8190000 - 0x00007ffae88d3000 	C:\Windows\System32\SHELL32.dll
0x00007ffae56d0000 - 0x00007ffae5e62000 	C:\Windows\SYSTEM32\windows.storage.dll
0x00007ffae9410000 - 0x00007ffae9764000 	C:\Windows\System32\combase.dll
0x00007ffae6ed0000 - 0x00007ffae6f00000 	C:\Windows\SYSTEM32\Wldp.dll
0x00007ffae89c0000 - 0x00007ffae8a6d000 	C:\Windows\System32\SHCORE.dll
0x00007ffae8da0000 - 0x00007ffae8df5000 	C:\Windows\System32\shlwapi.dll
0x00007ffae7570000 - 0x00007ffae758f000 	C:\Windows\SYSTEM32\profapi.dll
0x00007fface0e0000 - 0x00007fface0f9000 	C:\Program Files\Java\jdk-11.0.16\bin\net.dll
0x00007ffae13d0000 - 0x00007ffae14dc000 	C:\Windows\SYSTEM32\WINHTTP.dll
0x00007ffae6cb0000 - 0x00007ffae6d1a000 	C:\Windows\system32\mswsock.dll
0x00007fface0b0000 - 0x00007fface0c2000 	C:\Program Files\Java\jdk-11.0.16\bin\nio.dll
0x0000000069ac0000 - 0x0000000069ae4000 	C:\Program Files\apache-maven-3.8.6-bin\apache-maven-3.8.6\lib\jansi-native\Windows\x86_64\jansi.dll

dbghelp: loaded successfully - version: 4.0.5 - missing functions: none
symbol engine: initialized successfully - sym options: 0x614 - pdb path: .;C:\Program Files\Java\jdk-11.0.16\bin;C:\Windows\SYSTEM32;C:\Windows\WinSxS\amd64_microsoft.windows.common-controls_6595b64144ccf1df_6.0.19041.1110_none_60b5254171f9507e;C:\Program Files\Java\jdk-11.0.16\bin\server;C:\Program Files\apache-maven-3.8.6-bin\apache-maven-3.8.6\lib\jansi-native\Windows\x86_64

VM Arguments:
jvm_args: -Dclassworlds.conf=C:\Program Files\apache-maven-3.8.6-bin\apache-maven-3.8.6\bin\m2.conf -Dmaven.home=C:\Program Files\apache-maven-3.8.6-bin\apache-maven-3.8.6 -Dlibrary.jansi.path=C:\Program Files\apache-maven-3.8.6-bin\apache-maven-3.8.6\lib\jansi-native -Dmaven.multiModuleProjectDirectory=C:\Users\sfjbs\java\FlightBooking 
java_command: org.codehaus.plexus.classworlds.launcher.Launcher clean verify sonar:sonar -Dsonar.projectKey=sample-maven -Dsonar.host.url=http://localhost:9000 -Dsonar.login=sqp_927ac0e8eaeac072062dae7e5d17a86e5cab9dea
java_class_path (initial): C:\Program Files\apache-maven-3.8.6-bin\apache-maven-3.8.6\boot\plexus-classworlds-2.6.0.jar
Launcher Type: SUN_STANDARD

[Global flags]
     intx CICompilerCount                          = 2                                         {product} {ergonomic}
     uint ConcGCThreads                            = 1                                         {product} {ergonomic}
     uint G1ConcRefinementThreads                  = 2                                         {product} {ergonomic}
   size_t G1HeapRegionSize                         = 1048576                                   {product} {ergonomic}
    uintx GCDrainStackTargetSize                   = 64                                        {product} {ergonomic}
   size_t InitialHeapSize                          = 134217728                                 {product} {ergonomic}
   size_t MarkStackSize                            = 4194304                                   {product} {ergonomic}
   size_t MaxHeapSize                              = 2147483648                                {product} {ergonomic}
   size_t MaxNewSize                               = 1287651328                                {product} {ergonomic}
   size_t MinHeapDeltaBytes                        = 1048576                                   {product} {ergonomic}
    uintx NonNMethodCodeHeapSize                   = 5825164                                {pd product} {ergonomic}
    uintx NonProfiledCodeHeapSize                  = 122916538                              {pd product} {ergonomic}
    uintx ProfiledCodeHeapSize                     = 122916538                              {pd product} {ergonomic}
    uintx ReservedCodeCacheSize                    = 251658240                              {pd product} {ergonomic}
     bool SegmentedCodeCache                       = true                                      {product} {ergonomic}
     bool UseCompressedClassPointers               = true                                 {lp64_product} {ergonomic}
     bool UseCompressedOops                        = true                                 {lp64_product} {ergonomic}
     bool UseG1GC                                  = true                                      {product} {ergonomic}
     bool UseLargePagesIndividualAllocation        = false                                  {pd product} {ergonomic}

Logging:
Log output configuration:
 #0: stdout all=warning uptime,level,tags
 #1: stderr all=off uptime,level,tags

Environment Variables:
PATH=C:\Python310\Scripts\;C:\Python310\;C:\Program Files\Common Files\Oracle\Java\javapath;C:\Windows\system32;C:\Windows;C:\Windows\System32\Wbem;C:\Windows\System32\WindowsPowerShell\v1.0\;C:\Windows\System32\OpenSSH\;C:\Program Files\nodejs\;C:\ProgramData\chocolatey\bin;C:\Program Files\Docker\Docker\resources\bin;C:\ProgramData\DockerDesktop\version-bin;C:\Program Files\Git\cmd;C:\Program Files\PuTTY\;C:\Program Files\Java\jdk-11.0.16\bin;C:\Program Files\apache-maven-3.8.6-bin\apache-maven-3.8.6\bin;C:\Program Files\Amazon\AWSCLI\bin\;C:\Users\sfjbs\AppData\Local\Microsoft\WindowsApps;C:\Users\sfjbs\AppData\Roaming\npm;C:\Users\sfjbs\AppData\Local\Programs\Microsoft VS Code\bin;C:\Program Files\MongoDB\Server\5.0\bin;C:\Program Files\sonar-scanner-cli-4.7.0.2747-windows\sonar-scanner-4.7.0.2747-windows\bin;C:\Program Files\sonarqube-9.7.1.62043\sonarqube-9.7.1.62043\bin\windows-x86-64;
USERNAME=sfjbs
OS=Windows_NT
PROCESSOR_IDENTIFIER=Intel64 Family 6 Model 85 Stepping 7, GenuineIntel



---------------  S Y S T E M  ---------------

OS: Windows 10 , 64 bit Build 19041 (10.0.19041.2251)
Hyper-V role detected

CPU:total 2 (initial active 2) (1 cores per cpu, 2 threads per core) family 6 model 85 stepping 7 microcode 0xffffffff, cmov, cx8, fxsr, mmx, sse, sse2, sse3, ssse3, sse4.1, sse4.2, popcnt, avx, avx2, aes, clmul, erms, rtm, 3dnowpref, lzcnt, ht, tsc, bmi1, bmi2, adx, evex, fma

Memory: 4k page, system-wide physical 8190M (1186M free)
TotalPageFile size 10238M (AvailPageFile size 5M)
current process WorkingSet (physical memory assigned to process): 263M, peak: 263M
current process commit charge ("private bytes"): 358M, peak: 360M

vm_info: Java HotSpot(TM) 64-Bit Server VM (11.0.16+11-LTS-199) for windows-amd64 JRE (11.0.16+11-LTS-199), built on Jun 28 2022 08:23:17 by "mach5one" with MS VC++ 15.9 (VS2017)

END.
